<?xml version="1.0" encoding="UTF-8"?>
<testng-results ignored="0" total="49" passed="28" failed="21" skipped="0">
  <reporter-output>
  </reporter-output>
  <suite started-at="2024-04-22T10:14:57 AST" name="RMOB" finished-at="2024-04-22T11:53:05 AST" duration-ms="5888627">
    <groups>
    </groups>
    <test started-at="2024-04-22T10:14:57 AST" name="Android" finished-at="2024-04-22T11:53:05 AST" duration-ms="5888627">
      <class name="P01_Testcases.Regression">
        <test-method is-config="true" signature="BeforeSuite()[pri:0, instance:P01_Testcases.Regression@673fdbce]" started-at="2024-04-22T10:14:57 AST" name="BeforeSuite" finished-at="2024-04-22T10:14:57 AST" duration-ms="136" status="PASS">
          <reporter-output>
          </reporter-output>
        </test-method> <!-- BeforeSuite -->
        <test-method is-config="true" signature="BeforeClass(java.lang.String,java.lang.String,java.lang.String)[pri:0, instance:P01_Testcases.Regression@673fdbce]" started-at="2024-04-22T10:14:57 AST" name="BeforeClass" finished-at="2024-04-22T10:15:03 AST" duration-ms="6790" status="PASS">
          <params>
            <param index="0">
              <value>
                <![CDATA[AhmedM]]>
              </value>
            </param>
            <param index="1">
              <value>
                <![CDATA[Android]]>
              </value>
            </param>
            <param index="2">
              <value>
                <![CDATA[13]]>
              </value>
            </param>
          </params>
          <reporter-output>
          </reporter-output>
        </test-method> <!-- BeforeClass -->
        <test-method is-config="true" signature="BeforeMethod(java.lang.reflect.Method)[pri:0, instance:P01_Testcases.Regression@673fdbce]" started-at="2024-04-22T10:15:03 AST" name="BeforeMethod" finished-at="2024-04-22T10:15:04 AST" duration-ms="4" status="PASS">
          <params>
            <param index="0">
              <value>
                <![CDATA[public void P01_Testcases.Regression.START_AND_LOGIN() throws java.io.IOException,java.lang.InterruptedException]]>
              </value>
            </param>
          </params>
          <reporter-output>
          </reporter-output>
        </test-method> <!-- BeforeMethod -->
        <test-method signature="START_AND_LOGIN()[pri:1, instance:P01_Testcases.Regression@673fdbce]" started-at="2024-04-22T10:15:04 AST" name="START_AND_LOGIN" finished-at="2024-04-22T10:16:01 AST" duration-ms="57004" status="PASS">
          <reporter-output>
          </reporter-output>
        </test-method> <!-- START_AND_LOGIN -->
        <test-method is-config="true" signature="BeforeMethod(java.lang.reflect.Method)[pri:0, instance:P01_Testcases.Regression@673fdbce]" started-at="2024-04-22T10:16:01 AST" name="BeforeMethod" finished-at="2024-04-22T10:16:01 AST" duration-ms="0" status="PASS">
          <params>
            <param index="0">
              <value>
                <![CDATA[public void P01_Testcases.Regression.ACCOUNTS_AND_CARDS_CHECK_ACCOUNT_DETAILS() throws java.io.IOException,java.lang.InterruptedException]]>
              </value>
            </param>
          </params>
          <reporter-output>
          </reporter-output>
        </test-method> <!-- BeforeMethod -->
        <test-method signature="ACCOUNTS_AND_CARDS_CHECK_ACCOUNT_DETAILS()[pri:2, instance:P01_Testcases.Regression@673fdbce]" started-at="2024-04-22T10:16:01 AST" name="ACCOUNTS_AND_CARDS_CHECK_ACCOUNT_DETAILS" finished-at="2024-04-22T10:18:34 AST" duration-ms="153120" status="PASS">
          <reporter-output>
          </reporter-output>
        </test-method> <!-- ACCOUNTS_AND_CARDS_CHECK_ACCOUNT_DETAILS -->
        <test-method signature="ACCOUNTS_AND_CARDS_DEBIT_CARD_EDIT_POS_LIMIT()[pri:3, instance:P01_Testcases.Regression@673fdbce]" started-at="2024-04-22T10:18:34 AST" name="ACCOUNTS_AND_CARDS_DEBIT_CARD_EDIT_POS_LIMIT" finished-at="2024-04-22T10:21:00 AST" duration-ms="146523" status="PASS">
          <reporter-output>
          </reporter-output>
        </test-method> <!-- ACCOUNTS_AND_CARDS_DEBIT_CARD_EDIT_POS_LIMIT -->
        <test-method is-config="true" signature="BeforeMethod(java.lang.reflect.Method)[pri:0, instance:P01_Testcases.Regression@673fdbce]" started-at="2024-04-22T10:18:34 AST" name="BeforeMethod" finished-at="2024-04-22T10:18:34 AST" duration-ms="0" status="PASS">
          <params>
            <param index="0">
              <value>
                <![CDATA[public void P01_Testcases.Regression.ACCOUNTS_AND_CARDS_DEBIT_CARD_EDIT_POS_LIMIT() throws java.io.IOException,java.lang.InterruptedException]]>
              </value>
            </param>
          </params>
          <reporter-output>
          </reporter-output>
        </test-method> <!-- BeforeMethod -->
        <test-method is-config="true" signature="BeforeMethod(java.lang.reflect.Method)[pri:0, instance:P01_Testcases.Regression@673fdbce]" started-at="2024-04-22T10:21:00 AST" name="BeforeMethod" finished-at="2024-04-22T10:21:00 AST" duration-ms="1" status="PASS">
          <params>
            <param index="0">
              <value>
                <![CDATA[public void P01_Testcases.Regression.ACCOUNTS_AND_CARDS_DEBIT_CARD_DEACTIVE_ACTIVE_CONTACTLESS() throws java.io.IOException,java.lang.InterruptedException]]>
              </value>
            </param>
          </params>
          <reporter-output>
          </reporter-output>
        </test-method> <!-- BeforeMethod -->
        <test-method signature="ACCOUNTS_AND_CARDS_DEBIT_CARD_DEACTIVE_ACTIVE_CONTACTLESS()[pri:4, instance:P01_Testcases.Regression@673fdbce]" started-at="2024-04-22T10:21:00 AST" name="ACCOUNTS_AND_CARDS_DEBIT_CARD_DEACTIVE_ACTIVE_CONTACTLESS" finished-at="2024-04-22T10:22:00 AST" duration-ms="60146" status="PASS">
          <reporter-output>
          </reporter-output>
        </test-method> <!-- ACCOUNTS_AND_CARDS_DEBIT_CARD_DEACTIVE_ACTIVE_CONTACTLESS -->
        <test-method is-config="true" signature="BeforeMethod(java.lang.reflect.Method)[pri:0, instance:P01_Testcases.Regression@673fdbce]" started-at="2024-04-22T10:22:00 AST" name="BeforeMethod" finished-at="2024-04-22T10:22:00 AST" duration-ms="1" status="PASS">
          <params>
            <param index="0">
              <value>
                <![CDATA[public void P01_Testcases.Regression.ACCOUNTS_AND_CARDS_DEBIT_CARD_DEACTIVE_ACTIVE_ONLINE_PURCHASING() throws java.io.IOException,java.lang.InterruptedException]]>
              </value>
            </param>
          </params>
          <reporter-output>
          </reporter-output>
        </test-method> <!-- BeforeMethod -->
        <test-method signature="ACCOUNTS_AND_CARDS_DEBIT_CARD_DEACTIVE_ACTIVE_ONLINE_PURCHASING()[pri:5, instance:P01_Testcases.Regression@673fdbce]" started-at="2024-04-22T10:22:00 AST" name="ACCOUNTS_AND_CARDS_DEBIT_CARD_DEACTIVE_ACTIVE_ONLINE_PURCHASING" finished-at="2024-04-22T10:24:00 AST" duration-ms="119854" status="PASS">
          <reporter-output>
          </reporter-output>
        </test-method> <!-- ACCOUNTS_AND_CARDS_DEBIT_CARD_DEACTIVE_ACTIVE_ONLINE_PURCHASING -->
        <test-method signature="ACCOUNTS_AND_CARDS_DEBIT_CARD_SHOW_CARD_PIN()[pri:6, instance:P01_Testcases.Regression@673fdbce]" started-at="2024-04-22T10:24:00 AST" name="ACCOUNTS_AND_CARDS_DEBIT_CARD_SHOW_CARD_PIN" finished-at="2024-04-22T10:27:00 AST" duration-ms="180060" status="PASS">
          <reporter-output>
          </reporter-output>
        </test-method> <!-- ACCOUNTS_AND_CARDS_DEBIT_CARD_SHOW_CARD_PIN -->
        <test-method is-config="true" signature="BeforeMethod(java.lang.reflect.Method)[pri:0, instance:P01_Testcases.Regression@673fdbce]" started-at="2024-04-22T10:24:00 AST" name="BeforeMethod" finished-at="2024-04-22T10:24:00 AST" duration-ms="0" status="PASS">
          <params>
            <param index="0">
              <value>
                <![CDATA[public void P01_Testcases.Regression.ACCOUNTS_AND_CARDS_DEBIT_CARD_SHOW_CARD_PIN() throws java.io.IOException,java.lang.InterruptedException]]>
              </value>
            </param>
          </params>
          <reporter-output>
          </reporter-output>
        </test-method> <!-- BeforeMethod -->
        <test-method signature="ACCOUNTS_AND_CARDS_CREDIT_CARD_CHECK_CARD_DETAILS()[pri:7, instance:P01_Testcases.Regression@673fdbce]" started-at="2024-04-22T10:27:00 AST" name="ACCOUNTS_AND_CARDS_CREDIT_CARD_CHECK_CARD_DETAILS" finished-at="2024-04-22T10:28:34 AST" duration-ms="93394" status="PASS">
          <reporter-output>
          </reporter-output>
        </test-method> <!-- ACCOUNTS_AND_CARDS_CREDIT_CARD_CHECK_CARD_DETAILS -->
        <test-method is-config="true" signature="BeforeMethod(java.lang.reflect.Method)[pri:0, instance:P01_Testcases.Regression@673fdbce]" started-at="2024-04-22T10:27:00 AST" name="BeforeMethod" finished-at="2024-04-22T10:27:00 AST" duration-ms="0" status="PASS">
          <params>
            <param index="0">
              <value>
                <![CDATA[public void P01_Testcases.Regression.ACCOUNTS_AND_CARDS_CREDIT_CARD_CHECK_CARD_DETAILS() throws java.io.IOException,java.lang.InterruptedException]]>
              </value>
            </param>
          </params>
          <reporter-output>
          </reporter-output>
        </test-method> <!-- BeforeMethod -->
        <test-method is-config="true" signature="BeforeMethod(java.lang.reflect.Method)[pri:0, instance:P01_Testcases.Regression@673fdbce]" started-at="2024-04-22T10:28:34 AST" name="BeforeMethod" finished-at="2024-04-22T10:28:34 AST" duration-ms="0" status="PASS">
          <params>
            <param index="0">
              <value>
                <![CDATA[public void P01_Testcases.Regression.ACCOUNTS_AND_CARDS_CREDIT_CARD_LOAD_CARD() throws java.io.IOException,java.lang.InterruptedException]]>
              </value>
            </param>
          </params>
          <reporter-output>
          </reporter-output>
        </test-method> <!-- BeforeMethod -->
        <test-method signature="ACCOUNTS_AND_CARDS_CREDIT_CARD_LOAD_CARD()[pri:8, instance:P01_Testcases.Regression@673fdbce]" started-at="2024-04-22T10:28:34 AST" name="ACCOUNTS_AND_CARDS_CREDIT_CARD_LOAD_CARD" finished-at="2024-04-22T10:31:08 AST" duration-ms="154026" status="PASS">
          <reporter-output>
          </reporter-output>
        </test-method> <!-- ACCOUNTS_AND_CARDS_CREDIT_CARD_LOAD_CARD -->
        <test-method is-config="true" signature="BeforeMethod(java.lang.reflect.Method)[pri:0, instance:P01_Testcases.Regression@673fdbce]" started-at="2024-04-22T10:31:08 AST" name="BeforeMethod" finished-at="2024-04-22T10:31:08 AST" duration-ms="1" status="PASS">
          <params>
            <param index="0">
              <value>
                <![CDATA[public void P01_Testcases.Regression.ACCOUNTS_AND_CARDS_CREDIT_CARD_TRANSFER_CARD() throws java.io.IOException,java.lang.InterruptedException]]>
              </value>
            </param>
          </params>
          <reporter-output>
          </reporter-output>
        </test-method> <!-- BeforeMethod -->
        <test-method signature="ACCOUNTS_AND_CARDS_CREDIT_CARD_TRANSFER_CARD()[pri:9, instance:P01_Testcases.Regression@673fdbce]" started-at="2024-04-22T10:31:08 AST" name="ACCOUNTS_AND_CARDS_CREDIT_CARD_TRANSFER_CARD" finished-at="2024-04-22T10:33:00 AST" duration-ms="112663" status="FAIL">
          <exception class="org.openqa.selenium.NoSuchElementException">
            <message>
              <![CDATA[An element could not be located on the page using the given search parameters.
For documentation on this error, please visit: https://www.selenium.dev/documentation/webdriver/troubleshooting/errors#no-such-element-exception
Build info: version: '4.19.1', revision: 'abe0ee07dc'
System info: os.name: 'Windows 11', os.arch: 'amd64', os.version: '10.0', java.version: '17.0.5'
Driver info: io.appium.java_client.android.AndroidDriver
Command: [0436cc7c-ad72-425a-aa9c-97b2cd9a57ca, findElement {using=xpath, value=//android.widget.Button[@text ='']}]
Capabilities {appium:appActivity: com.riyadbank.strategic.Mai..., appium:appPackage: com.riyadbank.strategic, appium:autoGrantPermissions: true, appium:automationName: UiAutomator2, appium:clearDeviceLogsOnStart: true, appium:clearSystemFiles: false, appium:databaseEnabled: false, appium:desired: {appActivity: com.riyadbank.strategic.Mai..., appPackage: com.riyadbank.strategic, autoGrantPermissions: true, automationName: UiAutomator2, clearDeviceLogsOnStart: true, clearSystemFiles: false, deviceName: AhmedM, ignoreHiddenApiPolicyError: true, newCommandTimeout: 120000, noReset: true, noSign: true, platformName: ANDROID, platformVersion: 13, skipServerInstallation: false, skipUnlock: true, systemPort: 8200}, appium:deviceApiLevel: 33, appium:deviceManufacturer: OPPO, appium:deviceModel: CPH2159, appium:deviceName: 3468a9a9, appium:deviceScreenDensity: 480, appium:deviceScreenSize: 1080x2400, appium:deviceUDID: 3468a9a9, appium:ignoreHiddenApiPolicyError: true, appium:javascriptEnabled: true, appium:locationContextEnabled: false, appium:networkConnectionEnabled: true, appium:newCommandTimeout: 120000, appium:noReset: true, appium:noSign: true, appium:pixelRatio: 3, appium:platformVersion: 13, appium:skipServerInstallation: false, appium:skipUnlock: true, appium:statBarHeight: 107, appium:systemPort: 8200, appium:takesScreenshot: true, appium:viewportRect: {height: 2186, left: 0, top: 107, width: 1080}, appium:warnings: {}, appium:webStorageEnabled: false, platformName: ANDROID}
Session ID: 0436cc7c-ad72-425a-aa9c-97b2cd9a57ca]]>
            </message>
            <full-stacktrace>
              <![CDATA[org.openqa.selenium.NoSuchElementException: An element could not be located on the page using the given search parameters.
For documentation on this error, please visit: https://www.selenium.dev/documentation/webdriver/troubleshooting/errors#no-such-element-exception
Build info: version: '4.19.1', revision: 'abe0ee07dc'
System info: os.name: 'Windows 11', os.arch: 'amd64', os.version: '10.0', java.version: '17.0.5'
Driver info: io.appium.java_client.android.AndroidDriver
Command: [0436cc7c-ad72-425a-aa9c-97b2cd9a57ca, findElement {using=xpath, value=//android.widget.Button[@text ='']}]
Capabilities {appium:appActivity: com.riyadbank.strategic.Mai..., appium:appPackage: com.riyadbank.strategic, appium:autoGrantPermissions: true, appium:automationName: UiAutomator2, appium:clearDeviceLogsOnStart: true, appium:clearSystemFiles: false, appium:databaseEnabled: false, appium:desired: {appActivity: com.riyadbank.strategic.Mai..., appPackage: com.riyadbank.strategic, autoGrantPermissions: true, automationName: UiAutomator2, clearDeviceLogsOnStart: true, clearSystemFiles: false, deviceName: AhmedM, ignoreHiddenApiPolicyError: true, newCommandTimeout: 120000, noReset: true, noSign: true, platformName: ANDROID, platformVersion: 13, skipServerInstallation: false, skipUnlock: true, systemPort: 8200}, appium:deviceApiLevel: 33, appium:deviceManufacturer: OPPO, appium:deviceModel: CPH2159, appium:deviceName: 3468a9a9, appium:deviceScreenDensity: 480, appium:deviceScreenSize: 1080x2400, appium:deviceUDID: 3468a9a9, appium:ignoreHiddenApiPolicyError: true, appium:javascriptEnabled: true, appium:locationContextEnabled: false, appium:networkConnectionEnabled: true, appium:newCommandTimeout: 120000, appium:noReset: true, appium:noSign: true, appium:pixelRatio: 3, appium:platformVersion: 13, appium:skipServerInstallation: false, appium:skipUnlock: true, appium:statBarHeight: 107, appium:systemPort: 8200, appium:takesScreenshot: true, appium:viewportRect: {height: 2186, left: 0, top: 107, width: 1080}, appium:warnings: {}, appium:webStorageEnabled: false, platformName: ANDROID}
Session ID: 0436cc7c-ad72-425a-aa9c-97b2cd9a57ca
at java.base/jdk.internal.reflect.NativeConstructorAccessorImpl.newInstance0(Native Method)
at java.base/jdk.internal.reflect.NativeConstructorAccessorImpl.newInstance(NativeConstructorAccessorImpl.java:77)
at java.base/jdk.internal.reflect.DelegatingConstructorAccessorImpl.newInstance(DelegatingConstructorAccessorImpl.java:45)
at java.base/java.lang.reflect.Constructor.newInstanceWithCaller(Constructor.java:499)
at java.base/java.lang.reflect.Constructor.newInstance(Constructor.java:480)
at org.openqa.selenium.remote.codec.w3c.W3CHttpResponseCodec.createException(W3CHttpResponseCodec.java:200)
at org.openqa.selenium.remote.codec.w3c.W3CHttpResponseCodec.decode(W3CHttpResponseCodec.java:133)
at org.openqa.selenium.remote.codec.w3c.W3CHttpResponseCodec.decode(W3CHttpResponseCodec.java:52)
at org.openqa.selenium.remote.HttpCommandExecutor.execute(HttpCommandExecutor.java:191)
at io.appium.java_client.remote.AppiumCommandExecutor.execute(AppiumCommandExecutor.java:250)
at org.openqa.selenium.remote.RemoteWebDriver.execute(RemoteWebDriver.java:602)
at org.openqa.selenium.remote.ElementLocation$ElementFinder$2.findElement(ElementLocation.java:165)
at org.openqa.selenium.remote.ElementLocation.findElement(ElementLocation.java:59)
at org.openqa.selenium.remote.RemoteWebDriver.findElement(RemoteWebDriver.java:359)
at org.openqa.selenium.remote.RemoteWebDriver.findElement(RemoteWebDriver.java:353)
at P03_Screens.CommenMethods.Back_To_Home_Screen(CommenMethods.java:117)
at P03_Screens.AccountCardsScreen.Transfer_Credit_Card(AccountCardsScreen.java:691)
at P01_Testcases.Regression.ACCOUNTS_AND_CARDS_CREDIT_CARD_TRANSFER_CARD(Regression.java:111)
at java.base/jdk.internal.reflect.NativeMethodAccessorImpl.invoke0(Native Method)
at java.base/jdk.internal.reflect.NativeMethodAccessorImpl.invoke(NativeMethodAccessorImpl.java:77)
at java.base/jdk.internal.reflect.DelegatingMethodAccessorImpl.invoke(DelegatingMethodAccessorImpl.java:43)
at java.base/java.lang.reflect.Method.invoke(Method.java:568)
at org.testng.internal.invokers.MethodInvocationHelper.invokeMethod(MethodInvocationHelper.java:139)
at org.testng.internal.invokers.TestInvoker.invokeMethod(TestInvoker.java:664)
at org.testng.internal.invokers.TestInvoker.invokeTestMethod(TestInvoker.java:227)
at org.testng.internal.invokers.MethodRunner.runInSequence(MethodRunner.java:50)
at org.testng.internal.invokers.TestInvoker$MethodInvocationAgent.invoke(TestInvoker.java:957)
at org.testng.internal.invokers.TestInvoker.invokeTestMethods(TestInvoker.java:200)
at org.testng.internal.invokers.TestMethodWorker.invokeTestMethods(TestMethodWorker.java:148)
at org.testng.internal.invokers.TestMethodWorker.run(TestMethodWorker.java:128)
at java.base/java.util.ArrayList.forEach(ArrayList.java:1511)
at org.testng.TestRunner.privateRun(TestRunner.java:848)
at org.testng.TestRunner.run(TestRunner.java:621)
at org.testng.SuiteRunner.runTest(SuiteRunner.java:443)
at org.testng.SuiteRunner.runSequentially(SuiteRunner.java:437)
at org.testng.SuiteRunner.privateRun(SuiteRunner.java:397)
at org.testng.SuiteRunner.run(SuiteRunner.java:336)
at org.testng.SuiteRunnerWorker.runSuite(SuiteRunnerWorker.java:52)
at org.testng.SuiteRunnerWorker.run(SuiteRunnerWorker.java:95)
at org.testng.TestNG.runSuitesSequentially(TestNG.java:1280)
at org.testng.TestNG.runSuitesLocally(TestNG.java:1200)
at org.testng.TestNG.runSuites(TestNG.java:1114)
at org.testng.TestNG.run(TestNG.java:1082)
at org.testng.remote.AbstractRemoteTestNG.run(AbstractRemoteTestNG.java:115)
at org.testng.remote.RemoteTestNG.initAndRun(RemoteTestNG.java:251)
at org.testng.remote.RemoteTestNG.main(RemoteTestNG.java:77)
]]>
            </full-stacktrace>
          </exception> <!-- org.openqa.selenium.NoSuchElementException -->
          <reporter-output>
          </reporter-output>
        </test-method> <!-- ACCOUNTS_AND_CARDS_CREDIT_CARD_TRANSFER_CARD -->
        <test-method signature="ACCOUNTS_AND_CARDS_MULTI_CURRENCY_CHECK_DETAILS()[pri:10, instance:P01_Testcases.Regression@673fdbce]" started-at="2024-04-22T10:33:00 AST" name="ACCOUNTS_AND_CARDS_MULTI_CURRENCY_CHECK_DETAILS" finished-at="2024-04-22T10:35:00 AST" duration-ms="119324" status="PASS">
          <reporter-output>
          </reporter-output>
        </test-method> <!-- ACCOUNTS_AND_CARDS_MULTI_CURRENCY_CHECK_DETAILS -->
        <test-method is-config="true" signature="BeforeMethod(java.lang.reflect.Method)[pri:0, instance:P01_Testcases.Regression@673fdbce]" started-at="2024-04-22T10:33:00 AST" name="BeforeMethod" finished-at="2024-04-22T10:33:00 AST" duration-ms="0" status="PASS">
          <params>
            <param index="0">
              <value>
                <![CDATA[public void P01_Testcases.Regression.ACCOUNTS_AND_CARDS_MULTI_CURRENCY_CHECK_DETAILS() throws java.io.IOException,java.lang.InterruptedException]]>
              </value>
            </param>
          </params>
          <reporter-output>
          </reporter-output>
        </test-method> <!-- BeforeMethod -->
        <test-method signature="ACCOUNTS_AND_CARDS_MULTI_CURRENCY_LOAN_MONEY()[pri:11, instance:P01_Testcases.Regression@673fdbce]" started-at="2024-04-22T10:35:00 AST" name="ACCOUNTS_AND_CARDS_MULTI_CURRENCY_LOAN_MONEY" finished-at="2024-04-22T10:36:34 AST" duration-ms="94508" status="PASS">
          <reporter-output>
          </reporter-output>
        </test-method> <!-- ACCOUNTS_AND_CARDS_MULTI_CURRENCY_LOAN_MONEY -->
        <test-method is-config="true" signature="BeforeMethod(java.lang.reflect.Method)[pri:0, instance:P01_Testcases.Regression@673fdbce]" started-at="2024-04-22T10:35:00 AST" name="BeforeMethod" finished-at="2024-04-22T10:35:00 AST" duration-ms="0" status="PASS">
          <params>
            <param index="0">
              <value>
                <![CDATA[public void P01_Testcases.Regression.ACCOUNTS_AND_CARDS_MULTI_CURRENCY_LOAN_MONEY() throws java.io.IOException,java.lang.InterruptedException]]>
              </value>
            </param>
          </params>
          <reporter-output>
          </reporter-output>
        </test-method> <!-- BeforeMethod -->
        <test-method signature="ACCOUNTS_AND_CARDS_WAZEN_ACCOUNT_PASUSE_RESUME()[pri:12, instance:P01_Testcases.Regression@673fdbce]" started-at="2024-04-22T10:36:34 AST" name="ACCOUNTS_AND_CARDS_WAZEN_ACCOUNT_PASUSE_RESUME" finished-at="2024-04-22T10:39:33 AST" duration-ms="179300" status="PASS">
          <reporter-output>
          </reporter-output>
        </test-method> <!-- ACCOUNTS_AND_CARDS_WAZEN_ACCOUNT_PASUSE_RESUME -->
        <test-method is-config="true" signature="BeforeMethod(java.lang.reflect.Method)[pri:0, instance:P01_Testcases.Regression@673fdbce]" started-at="2024-04-22T10:36:34 AST" name="BeforeMethod" finished-at="2024-04-22T10:36:34 AST" duration-ms="0" status="PASS">
          <params>
            <param index="0">
              <value>
                <![CDATA[public void P01_Testcases.Regression.ACCOUNTS_AND_CARDS_WAZEN_ACCOUNT_PASUSE_RESUME() throws java.io.IOException,java.lang.InterruptedException]]>
              </value>
            </param>
          </params>
          <reporter-output>
          </reporter-output>
        </test-method> <!-- BeforeMethod -->
        <test-method is-config="true" signature="BeforeMethod(java.lang.reflect.Method)[pri:0, instance:P01_Testcases.Regression@673fdbce]" started-at="2024-04-22T10:39:33 AST" name="BeforeMethod" finished-at="2024-04-22T10:39:33 AST" duration-ms="1" status="PASS">
          <params>
            <param index="0">
              <value>
                <![CDATA[public void P01_Testcases.Regression.ACCOUNTS_AND_CARDS_NET_WORTH_STATMENET_CHECK_CHARTS() throws java.io.IOException,java.lang.InterruptedException]]>
              </value>
            </param>
          </params>
          <reporter-output>
          </reporter-output>
        </test-method> <!-- BeforeMethod -->
        <test-method signature="ACCOUNTS_AND_CARDS_NET_WORTH_STATMENET_CHECK_CHARTS()[pri:13, instance:P01_Testcases.Regression@673fdbce]" started-at="2024-04-22T10:39:33 AST" name="ACCOUNTS_AND_CARDS_NET_WORTH_STATMENET_CHECK_CHARTS" finished-at="2024-04-22T10:42:59 AST" duration-ms="205841" status="FAIL">
          <exception class="org.openqa.selenium.NoSuchElementException">
            <message>
              <![CDATA[An element could not be located on the page using the given search parameters.
For documentation on this error, please visit: https://www.selenium.dev/documentation/webdriver/troubleshooting/errors#no-such-element-exception
Build info: version: '4.19.1', revision: 'abe0ee07dc'
System info: os.name: 'Windows 11', os.arch: 'amd64', os.version: '10.0', java.version: '17.0.5'
Driver info: io.appium.java_client.android.AndroidDriver
Command: [0436cc7c-ad72-425a-aa9c-97b2cd9a57ca, findElement {using=xpath, value=//android.widget.Button[@text ='']}]
Capabilities {appium:appActivity: com.riyadbank.strategic.Mai..., appium:appPackage: com.riyadbank.strategic, appium:autoGrantPermissions: true, appium:automationName: UiAutomator2, appium:clearDeviceLogsOnStart: true, appium:clearSystemFiles: false, appium:databaseEnabled: false, appium:desired: {appActivity: com.riyadbank.strategic.Mai..., appPackage: com.riyadbank.strategic, autoGrantPermissions: true, automationName: UiAutomator2, clearDeviceLogsOnStart: true, clearSystemFiles: false, deviceName: AhmedM, ignoreHiddenApiPolicyError: true, newCommandTimeout: 120000, noReset: true, noSign: true, platformName: ANDROID, platformVersion: 13, skipServerInstallation: false, skipUnlock: true, systemPort: 8200}, appium:deviceApiLevel: 33, appium:deviceManufacturer: OPPO, appium:deviceModel: CPH2159, appium:deviceName: 3468a9a9, appium:deviceScreenDensity: 480, appium:deviceScreenSize: 1080x2400, appium:deviceUDID: 3468a9a9, appium:ignoreHiddenApiPolicyError: true, appium:javascriptEnabled: true, appium:locationContextEnabled: false, appium:networkConnectionEnabled: true, appium:newCommandTimeout: 120000, appium:noReset: true, appium:noSign: true, appium:pixelRatio: 3, appium:platformVersion: 13, appium:skipServerInstallation: false, appium:skipUnlock: true, appium:statBarHeight: 107, appium:systemPort: 8200, appium:takesScreenshot: true, appium:viewportRect: {height: 2186, left: 0, top: 107, width: 1080}, appium:warnings: {}, appium:webStorageEnabled: false, platformName: ANDROID}
Session ID: 0436cc7c-ad72-425a-aa9c-97b2cd9a57ca]]>
            </message>
            <full-stacktrace>
              <![CDATA[org.openqa.selenium.NoSuchElementException: An element could not be located on the page using the given search parameters.
For documentation on this error, please visit: https://www.selenium.dev/documentation/webdriver/troubleshooting/errors#no-such-element-exception
Build info: version: '4.19.1', revision: 'abe0ee07dc'
System info: os.name: 'Windows 11', os.arch: 'amd64', os.version: '10.0', java.version: '17.0.5'
Driver info: io.appium.java_client.android.AndroidDriver
Command: [0436cc7c-ad72-425a-aa9c-97b2cd9a57ca, findElement {using=xpath, value=//android.widget.Button[@text ='']}]
Capabilities {appium:appActivity: com.riyadbank.strategic.Mai..., appium:appPackage: com.riyadbank.strategic, appium:autoGrantPermissions: true, appium:automationName: UiAutomator2, appium:clearDeviceLogsOnStart: true, appium:clearSystemFiles: false, appium:databaseEnabled: false, appium:desired: {appActivity: com.riyadbank.strategic.Mai..., appPackage: com.riyadbank.strategic, autoGrantPermissions: true, automationName: UiAutomator2, clearDeviceLogsOnStart: true, clearSystemFiles: false, deviceName: AhmedM, ignoreHiddenApiPolicyError: true, newCommandTimeout: 120000, noReset: true, noSign: true, platformName: ANDROID, platformVersion: 13, skipServerInstallation: false, skipUnlock: true, systemPort: 8200}, appium:deviceApiLevel: 33, appium:deviceManufacturer: OPPO, appium:deviceModel: CPH2159, appium:deviceName: 3468a9a9, appium:deviceScreenDensity: 480, appium:deviceScreenSize: 1080x2400, appium:deviceUDID: 3468a9a9, appium:ignoreHiddenApiPolicyError: true, appium:javascriptEnabled: true, appium:locationContextEnabled: false, appium:networkConnectionEnabled: true, appium:newCommandTimeout: 120000, appium:noReset: true, appium:noSign: true, appium:pixelRatio: 3, appium:platformVersion: 13, appium:skipServerInstallation: false, appium:skipUnlock: true, appium:statBarHeight: 107, appium:systemPort: 8200, appium:takesScreenshot: true, appium:viewportRect: {height: 2186, left: 0, top: 107, width: 1080}, appium:warnings: {}, appium:webStorageEnabled: false, platformName: ANDROID}
Session ID: 0436cc7c-ad72-425a-aa9c-97b2cd9a57ca
at jdk.internal.reflect.GeneratedConstructorAccessor54.newInstance(Unknown Source)
at java.base/jdk.internal.reflect.DelegatingConstructorAccessorImpl.newInstance(DelegatingConstructorAccessorImpl.java:45)
at java.base/java.lang.reflect.Constructor.newInstanceWithCaller(Constructor.java:499)
at java.base/java.lang.reflect.Constructor.newInstance(Constructor.java:480)
at org.openqa.selenium.remote.codec.w3c.W3CHttpResponseCodec.createException(W3CHttpResponseCodec.java:200)
at org.openqa.selenium.remote.codec.w3c.W3CHttpResponseCodec.decode(W3CHttpResponseCodec.java:133)
at org.openqa.selenium.remote.codec.w3c.W3CHttpResponseCodec.decode(W3CHttpResponseCodec.java:52)
at org.openqa.selenium.remote.HttpCommandExecutor.execute(HttpCommandExecutor.java:191)
at io.appium.java_client.remote.AppiumCommandExecutor.execute(AppiumCommandExecutor.java:250)
at org.openqa.selenium.remote.RemoteWebDriver.execute(RemoteWebDriver.java:602)
at org.openqa.selenium.remote.ElementLocation$ElementFinder$2.findElement(ElementLocation.java:165)
at org.openqa.selenium.remote.ElementLocation.findElement(ElementLocation.java:59)
at org.openqa.selenium.remote.RemoteWebDriver.findElement(RemoteWebDriver.java:359)
at org.openqa.selenium.remote.RemoteWebDriver.findElement(RemoteWebDriver.java:353)
at P03_Screens.CommenMethods.Back_To_Home_Screen(CommenMethods.java:117)
at P03_Screens.AccountCardsScreen.Chcek_Net_Worth_Statment(AccountCardsScreen.java:1004)
at P01_Testcases.Regression.ACCOUNTS_AND_CARDS_NET_WORTH_STATMENET_CHECK_CHARTS(Regression.java:136)
at java.base/jdk.internal.reflect.NativeMethodAccessorImpl.invoke0(Native Method)
at java.base/jdk.internal.reflect.NativeMethodAccessorImpl.invoke(NativeMethodAccessorImpl.java:77)
at java.base/jdk.internal.reflect.DelegatingMethodAccessorImpl.invoke(DelegatingMethodAccessorImpl.java:43)
at java.base/java.lang.reflect.Method.invoke(Method.java:568)
at org.testng.internal.invokers.MethodInvocationHelper.invokeMethod(MethodInvocationHelper.java:139)
at org.testng.internal.invokers.TestInvoker.invokeMethod(TestInvoker.java:664)
at org.testng.internal.invokers.TestInvoker.invokeTestMethod(TestInvoker.java:227)
at org.testng.internal.invokers.MethodRunner.runInSequence(MethodRunner.java:50)
at org.testng.internal.invokers.TestInvoker$MethodInvocationAgent.invoke(TestInvoker.java:957)
at org.testng.internal.invokers.TestInvoker.invokeTestMethods(TestInvoker.java:200)
at org.testng.internal.invokers.TestMethodWorker.invokeTestMethods(TestMethodWorker.java:148)
at org.testng.internal.invokers.TestMethodWorker.run(TestMethodWorker.java:128)
at java.base/java.util.ArrayList.forEach(ArrayList.java:1511)
at org.testng.TestRunner.privateRun(TestRunner.java:848)
at org.testng.TestRunner.run(TestRunner.java:621)
at org.testng.SuiteRunner.runTest(SuiteRunner.java:443)
at org.testng.SuiteRunner.runSequentially(SuiteRunner.java:437)
at org.testng.SuiteRunner.privateRun(SuiteRunner.java:397)
at org.testng.SuiteRunner.run(SuiteRunner.java:336)
at org.testng.SuiteRunnerWorker.runSuite(SuiteRunnerWorker.java:52)
at org.testng.SuiteRunnerWorker.run(SuiteRunnerWorker.java:95)
at org.testng.TestNG.runSuitesSequentially(TestNG.java:1280)
at org.testng.TestNG.runSuitesLocally(TestNG.java:1200)
at org.testng.TestNG.runSuites(TestNG.java:1114)
at org.testng.TestNG.run(TestNG.java:1082)
at org.testng.remote.AbstractRemoteTestNG.run(AbstractRemoteTestNG.java:115)
at org.testng.remote.RemoteTestNG.initAndRun(RemoteTestNG.java:251)
at org.testng.remote.RemoteTestNG.main(RemoteTestNG.java:77)
]]>
            </full-stacktrace>
          </exception> <!-- org.openqa.selenium.NoSuchElementException -->
          <reporter-output>
          </reporter-output>
        </test-method> <!-- ACCOUNTS_AND_CARDS_NET_WORTH_STATMENET_CHECK_CHARTS -->
        <test-method signature="ACCOUNTS_AND_CARDS_WAZEN_ACCOUNT_CHECK_DETAILS()[pri:14, instance:P01_Testcases.Regression@673fdbce]" started-at="2024-04-22T10:42:59 AST" name="ACCOUNTS_AND_CARDS_WAZEN_ACCOUNT_CHECK_DETAILS" finished-at="2024-04-22T10:45:32 AST" duration-ms="153182" status="FAIL">
          <exception class="org.openqa.selenium.NoSuchElementException">
            <message>
              <![CDATA[An element could not be located on the page using the given search parameters.
For documentation on this error, please visit: https://www.selenium.dev/documentation/webdriver/troubleshooting/errors#no-such-element-exception
Build info: version: '4.19.1', revision: 'abe0ee07dc'
System info: os.name: 'Windows 11', os.arch: 'amd64', os.version: '10.0', java.version: '17.0.5'
Driver info: io.appium.java_client.android.AndroidDriver
Command: [0436cc7c-ad72-425a-aa9c-97b2cd9a57ca, findElement {using=xpath, value=//android.widget.Button[@text ='']}]
Capabilities {appium:appActivity: com.riyadbank.strategic.Mai..., appium:appPackage: com.riyadbank.strategic, appium:autoGrantPermissions: true, appium:automationName: UiAutomator2, appium:clearDeviceLogsOnStart: true, appium:clearSystemFiles: false, appium:databaseEnabled: false, appium:desired: {appActivity: com.riyadbank.strategic.Mai..., appPackage: com.riyadbank.strategic, autoGrantPermissions: true, automationName: UiAutomator2, clearDeviceLogsOnStart: true, clearSystemFiles: false, deviceName: AhmedM, ignoreHiddenApiPolicyError: true, newCommandTimeout: 120000, noReset: true, noSign: true, platformName: ANDROID, platformVersion: 13, skipServerInstallation: false, skipUnlock: true, systemPort: 8200}, appium:deviceApiLevel: 33, appium:deviceManufacturer: OPPO, appium:deviceModel: CPH2159, appium:deviceName: 3468a9a9, appium:deviceScreenDensity: 480, appium:deviceScreenSize: 1080x2400, appium:deviceUDID: 3468a9a9, appium:ignoreHiddenApiPolicyError: true, appium:javascriptEnabled: true, appium:locationContextEnabled: false, appium:networkConnectionEnabled: true, appium:newCommandTimeout: 120000, appium:noReset: true, appium:noSign: true, appium:pixelRatio: 3, appium:platformVersion: 13, appium:skipServerInstallation: false, appium:skipUnlock: true, appium:statBarHeight: 107, appium:systemPort: 8200, appium:takesScreenshot: true, appium:viewportRect: {height: 2186, left: 0, top: 107, width: 1080}, appium:warnings: {}, appium:webStorageEnabled: false, platformName: ANDROID}
Session ID: 0436cc7c-ad72-425a-aa9c-97b2cd9a57ca]]>
            </message>
            <full-stacktrace>
              <![CDATA[org.openqa.selenium.NoSuchElementException: An element could not be located on the page using the given search parameters.
For documentation on this error, please visit: https://www.selenium.dev/documentation/webdriver/troubleshooting/errors#no-such-element-exception
Build info: version: '4.19.1', revision: 'abe0ee07dc'
System info: os.name: 'Windows 11', os.arch: 'amd64', os.version: '10.0', java.version: '17.0.5'
Driver info: io.appium.java_client.android.AndroidDriver
Command: [0436cc7c-ad72-425a-aa9c-97b2cd9a57ca, findElement {using=xpath, value=//android.widget.Button[@text ='']}]
Capabilities {appium:appActivity: com.riyadbank.strategic.Mai..., appium:appPackage: com.riyadbank.strategic, appium:autoGrantPermissions: true, appium:automationName: UiAutomator2, appium:clearDeviceLogsOnStart: true, appium:clearSystemFiles: false, appium:databaseEnabled: false, appium:desired: {appActivity: com.riyadbank.strategic.Mai..., appPackage: com.riyadbank.strategic, autoGrantPermissions: true, automationName: UiAutomator2, clearDeviceLogsOnStart: true, clearSystemFiles: false, deviceName: AhmedM, ignoreHiddenApiPolicyError: true, newCommandTimeout: 120000, noReset: true, noSign: true, platformName: ANDROID, platformVersion: 13, skipServerInstallation: false, skipUnlock: true, systemPort: 8200}, appium:deviceApiLevel: 33, appium:deviceManufacturer: OPPO, appium:deviceModel: CPH2159, appium:deviceName: 3468a9a9, appium:deviceScreenDensity: 480, appium:deviceScreenSize: 1080x2400, appium:deviceUDID: 3468a9a9, appium:ignoreHiddenApiPolicyError: true, appium:javascriptEnabled: true, appium:locationContextEnabled: false, appium:networkConnectionEnabled: true, appium:newCommandTimeout: 120000, appium:noReset: true, appium:noSign: true, appium:pixelRatio: 3, appium:platformVersion: 13, appium:skipServerInstallation: false, appium:skipUnlock: true, appium:statBarHeight: 107, appium:systemPort: 8200, appium:takesScreenshot: true, appium:viewportRect: {height: 2186, left: 0, top: 107, width: 1080}, appium:warnings: {}, appium:webStorageEnabled: false, platformName: ANDROID}
Session ID: 0436cc7c-ad72-425a-aa9c-97b2cd9a57ca
at jdk.internal.reflect.GeneratedConstructorAccessor54.newInstance(Unknown Source)
at java.base/jdk.internal.reflect.DelegatingConstructorAccessorImpl.newInstance(DelegatingConstructorAccessorImpl.java:45)
at java.base/java.lang.reflect.Constructor.newInstanceWithCaller(Constructor.java:499)
at java.base/java.lang.reflect.Constructor.newInstance(Constructor.java:480)
at org.openqa.selenium.remote.codec.w3c.W3CHttpResponseCodec.createException(W3CHttpResponseCodec.java:200)
at org.openqa.selenium.remote.codec.w3c.W3CHttpResponseCodec.decode(W3CHttpResponseCodec.java:133)
at org.openqa.selenium.remote.codec.w3c.W3CHttpResponseCodec.decode(W3CHttpResponseCodec.java:52)
at org.openqa.selenium.remote.HttpCommandExecutor.execute(HttpCommandExecutor.java:191)
at io.appium.java_client.remote.AppiumCommandExecutor.execute(AppiumCommandExecutor.java:250)
at org.openqa.selenium.remote.RemoteWebDriver.execute(RemoteWebDriver.java:602)
at org.openqa.selenium.remote.ElementLocation$ElementFinder$2.findElement(ElementLocation.java:165)
at org.openqa.selenium.remote.ElementLocation.findElement(ElementLocation.java:59)
at org.openqa.selenium.remote.RemoteWebDriver.findElement(RemoteWebDriver.java:359)
at org.openqa.selenium.remote.RemoteWebDriver.findElement(RemoteWebDriver.java:353)
at P03_Screens.CommenMethods.Back_To_Home_Screen(CommenMethods.java:117)
at P03_Screens.AccountCardsScreen.Check_Wazen_Accounts_Details(AccountCardsScreen.java:906)
at P01_Testcases.Regression.ACCOUNTS_AND_CARDS_WAZEN_ACCOUNT_CHECK_DETAILS(Regression.java:142)
at java.base/jdk.internal.reflect.NativeMethodAccessorImpl.invoke0(Native Method)
at java.base/jdk.internal.reflect.NativeMethodAccessorImpl.invoke(NativeMethodAccessorImpl.java:77)
at java.base/jdk.internal.reflect.DelegatingMethodAccessorImpl.invoke(DelegatingMethodAccessorImpl.java:43)
at java.base/java.lang.reflect.Method.invoke(Method.java:568)
at org.testng.internal.invokers.MethodInvocationHelper.invokeMethod(MethodInvocationHelper.java:139)
at org.testng.internal.invokers.TestInvoker.invokeMethod(TestInvoker.java:664)
at org.testng.internal.invokers.TestInvoker.invokeTestMethod(TestInvoker.java:227)
at org.testng.internal.invokers.MethodRunner.runInSequence(MethodRunner.java:50)
at org.testng.internal.invokers.TestInvoker$MethodInvocationAgent.invoke(TestInvoker.java:957)
at org.testng.internal.invokers.TestInvoker.invokeTestMethods(TestInvoker.java:200)
at org.testng.internal.invokers.TestMethodWorker.invokeTestMethods(TestMethodWorker.java:148)
at org.testng.internal.invokers.TestMethodWorker.run(TestMethodWorker.java:128)
at java.base/java.util.ArrayList.forEach(ArrayList.java:1511)
at org.testng.TestRunner.privateRun(TestRunner.java:848)
at org.testng.TestRunner.run(TestRunner.java:621)
at org.testng.SuiteRunner.runTest(SuiteRunner.java:443)
at org.testng.SuiteRunner.runSequentially(SuiteRunner.java:437)
at org.testng.SuiteRunner.privateRun(SuiteRunner.java:397)
at org.testng.SuiteRunner.run(SuiteRunner.java:336)
at org.testng.SuiteRunnerWorker.runSuite(SuiteRunnerWorker.java:52)
at org.testng.SuiteRunnerWorker.run(SuiteRunnerWorker.java:95)
at org.testng.TestNG.runSuitesSequentially(TestNG.java:1280)
at org.testng.TestNG.runSuitesLocally(TestNG.java:1200)
at org.testng.TestNG.runSuites(TestNG.java:1114)
at org.testng.TestNG.run(TestNG.java:1082)
at org.testng.remote.AbstractRemoteTestNG.run(AbstractRemoteTestNG.java:115)
at org.testng.remote.RemoteTestNG.initAndRun(RemoteTestNG.java:251)
at org.testng.remote.RemoteTestNG.main(RemoteTestNG.java:77)
]]>
            </full-stacktrace>
          </exception> <!-- org.openqa.selenium.NoSuchElementException -->
          <reporter-output>
          </reporter-output>
        </test-method> <!-- ACCOUNTS_AND_CARDS_WAZEN_ACCOUNT_CHECK_DETAILS -->
        <test-method is-config="true" signature="BeforeMethod(java.lang.reflect.Method)[pri:0, instance:P01_Testcases.Regression@673fdbce]" started-at="2024-04-22T10:42:59 AST" name="BeforeMethod" finished-at="2024-04-22T10:42:59 AST" duration-ms="0" status="PASS">
          <params>
            <param index="0">
              <value>
                <![CDATA[public void P01_Testcases.Regression.ACCOUNTS_AND_CARDS_WAZEN_ACCOUNT_CHECK_DETAILS() throws java.io.IOException,java.lang.InterruptedException]]>
              </value>
            </param>
          </params>
          <reporter-output>
          </reporter-output>
        </test-method> <!-- BeforeMethod -->
        <test-method signature="MONEY_TRANSFER_BTWEEN_ACCOUNTS()[pri:17, instance:P01_Testcases.Regression@673fdbce]" started-at="2024-04-22T10:45:32 AST" name="MONEY_TRANSFER_BTWEEN_ACCOUNTS" finished-at="2024-04-22T10:46:23 AST" duration-ms="50739" status="FAIL">
          <exception class="org.openqa.selenium.NoSuchElementException">
            <message>
              <![CDATA[An element could not be located on the page using the given search parameters.
For documentation on this error, please visit: https://www.selenium.dev/documentation/webdriver/troubleshooting/errors#no-such-element-exception
Build info: version: '4.19.1', revision: 'abe0ee07dc'
System info: os.name: 'Windows 11', os.arch: 'amd64', os.version: '10.0', java.version: '17.0.5'
Driver info: io.appium.java_client.android.AndroidDriver
Command: [0436cc7c-ad72-425a-aa9c-97b2cd9a57ca, findElement {using=xpath, value=//android.widget.Button[@text ='']}]
Capabilities {appium:appActivity: com.riyadbank.strategic.Mai..., appium:appPackage: com.riyadbank.strategic, appium:autoGrantPermissions: true, appium:automationName: UiAutomator2, appium:clearDeviceLogsOnStart: true, appium:clearSystemFiles: false, appium:databaseEnabled: false, appium:desired: {appActivity: com.riyadbank.strategic.Mai..., appPackage: com.riyadbank.strategic, autoGrantPermissions: true, automationName: UiAutomator2, clearDeviceLogsOnStart: true, clearSystemFiles: false, deviceName: AhmedM, ignoreHiddenApiPolicyError: true, newCommandTimeout: 120000, noReset: true, noSign: true, platformName: ANDROID, platformVersion: 13, skipServerInstallation: false, skipUnlock: true, systemPort: 8200}, appium:deviceApiLevel: 33, appium:deviceManufacturer: OPPO, appium:deviceModel: CPH2159, appium:deviceName: 3468a9a9, appium:deviceScreenDensity: 480, appium:deviceScreenSize: 1080x2400, appium:deviceUDID: 3468a9a9, appium:ignoreHiddenApiPolicyError: true, appium:javascriptEnabled: true, appium:locationContextEnabled: false, appium:networkConnectionEnabled: true, appium:newCommandTimeout: 120000, appium:noReset: true, appium:noSign: true, appium:pixelRatio: 3, appium:platformVersion: 13, appium:skipServerInstallation: false, appium:skipUnlock: true, appium:statBarHeight: 107, appium:systemPort: 8200, appium:takesScreenshot: true, appium:viewportRect: {height: 2186, left: 0, top: 107, width: 1080}, appium:warnings: {}, appium:webStorageEnabled: false, platformName: ANDROID}
Session ID: 0436cc7c-ad72-425a-aa9c-97b2cd9a57ca]]>
            </message>
            <full-stacktrace>
              <![CDATA[org.openqa.selenium.NoSuchElementException: An element could not be located on the page using the given search parameters.
For documentation on this error, please visit: https://www.selenium.dev/documentation/webdriver/troubleshooting/errors#no-such-element-exception
Build info: version: '4.19.1', revision: 'abe0ee07dc'
System info: os.name: 'Windows 11', os.arch: 'amd64', os.version: '10.0', java.version: '17.0.5'
Driver info: io.appium.java_client.android.AndroidDriver
Command: [0436cc7c-ad72-425a-aa9c-97b2cd9a57ca, findElement {using=xpath, value=//android.widget.Button[@text ='']}]
Capabilities {appium:appActivity: com.riyadbank.strategic.Mai..., appium:appPackage: com.riyadbank.strategic, appium:autoGrantPermissions: true, appium:automationName: UiAutomator2, appium:clearDeviceLogsOnStart: true, appium:clearSystemFiles: false, appium:databaseEnabled: false, appium:desired: {appActivity: com.riyadbank.strategic.Mai..., appPackage: com.riyadbank.strategic, autoGrantPermissions: true, automationName: UiAutomator2, clearDeviceLogsOnStart: true, clearSystemFiles: false, deviceName: AhmedM, ignoreHiddenApiPolicyError: true, newCommandTimeout: 120000, noReset: true, noSign: true, platformName: ANDROID, platformVersion: 13, skipServerInstallation: false, skipUnlock: true, systemPort: 8200}, appium:deviceApiLevel: 33, appium:deviceManufacturer: OPPO, appium:deviceModel: CPH2159, appium:deviceName: 3468a9a9, appium:deviceScreenDensity: 480, appium:deviceScreenSize: 1080x2400, appium:deviceUDID: 3468a9a9, appium:ignoreHiddenApiPolicyError: true, appium:javascriptEnabled: true, appium:locationContextEnabled: false, appium:networkConnectionEnabled: true, appium:newCommandTimeout: 120000, appium:noReset: true, appium:noSign: true, appium:pixelRatio: 3, appium:platformVersion: 13, appium:skipServerInstallation: false, appium:skipUnlock: true, appium:statBarHeight: 107, appium:systemPort: 8200, appium:takesScreenshot: true, appium:viewportRect: {height: 2186, left: 0, top: 107, width: 1080}, appium:warnings: {}, appium:webStorageEnabled: false, platformName: ANDROID}
Session ID: 0436cc7c-ad72-425a-aa9c-97b2cd9a57ca
at jdk.internal.reflect.GeneratedConstructorAccessor54.newInstance(Unknown Source)
at java.base/jdk.internal.reflect.DelegatingConstructorAccessorImpl.newInstance(DelegatingConstructorAccessorImpl.java:45)
at java.base/java.lang.reflect.Constructor.newInstanceWithCaller(Constructor.java:499)
at java.base/java.lang.reflect.Constructor.newInstance(Constructor.java:480)
at org.openqa.selenium.remote.codec.w3c.W3CHttpResponseCodec.createException(W3CHttpResponseCodec.java:200)
at org.openqa.selenium.remote.codec.w3c.W3CHttpResponseCodec.decode(W3CHttpResponseCodec.java:133)
at org.openqa.selenium.remote.codec.w3c.W3CHttpResponseCodec.decode(W3CHttpResponseCodec.java:52)
at org.openqa.selenium.remote.HttpCommandExecutor.execute(HttpCommandExecutor.java:191)
at io.appium.java_client.remote.AppiumCommandExecutor.execute(AppiumCommandExecutor.java:250)
at org.openqa.selenium.remote.RemoteWebDriver.execute(RemoteWebDriver.java:602)
at org.openqa.selenium.remote.ElementLocation$ElementFinder$2.findElement(ElementLocation.java:165)
at org.openqa.selenium.remote.ElementLocation.findElement(ElementLocation.java:59)
at org.openqa.selenium.remote.RemoteWebDriver.findElement(RemoteWebDriver.java:359)
at org.openqa.selenium.remote.RemoteWebDriver.findElement(RemoteWebDriver.java:353)
at P03_Screens.CommenMethods.Back_To_Home_Screen(CommenMethods.java:117)
at P03_Screens.MoneyTransferScreen.Between_My_Accounts(MoneyTransferScreen.java:191)
at P01_Testcases.Regression.MONEY_TRANSFER_BTWEEN_ACCOUNTS(Regression.java:148)
at java.base/jdk.internal.reflect.NativeMethodAccessorImpl.invoke0(Native Method)
at java.base/jdk.internal.reflect.NativeMethodAccessorImpl.invoke(NativeMethodAccessorImpl.java:77)
at java.base/jdk.internal.reflect.DelegatingMethodAccessorImpl.invoke(DelegatingMethodAccessorImpl.java:43)
at java.base/java.lang.reflect.Method.invoke(Method.java:568)
at org.testng.internal.invokers.MethodInvocationHelper.invokeMethod(MethodInvocationHelper.java:139)
at org.testng.internal.invokers.TestInvoker.invokeMethod(TestInvoker.java:664)
at org.testng.internal.invokers.TestInvoker.invokeTestMethod(TestInvoker.java:227)
at org.testng.internal.invokers.MethodRunner.runInSequence(MethodRunner.java:50)
at org.testng.internal.invokers.TestInvoker$MethodInvocationAgent.invoke(TestInvoker.java:957)
at org.testng.internal.invokers.TestInvoker.invokeTestMethods(TestInvoker.java:200)
at org.testng.internal.invokers.TestMethodWorker.invokeTestMethods(TestMethodWorker.java:148)
at org.testng.internal.invokers.TestMethodWorker.run(TestMethodWorker.java:128)
at java.base/java.util.ArrayList.forEach(ArrayList.java:1511)
at org.testng.TestRunner.privateRun(TestRunner.java:848)
at org.testng.TestRunner.run(TestRunner.java:621)
at org.testng.SuiteRunner.runTest(SuiteRunner.java:443)
at org.testng.SuiteRunner.runSequentially(SuiteRunner.java:437)
at org.testng.SuiteRunner.privateRun(SuiteRunner.java:397)
at org.testng.SuiteRunner.run(SuiteRunner.java:336)
at org.testng.SuiteRunnerWorker.runSuite(SuiteRunnerWorker.java:52)
at org.testng.SuiteRunnerWorker.run(SuiteRunnerWorker.java:95)
at org.testng.TestNG.runSuitesSequentially(TestNG.java:1280)
at org.testng.TestNG.runSuitesLocally(TestNG.java:1200)
at org.testng.TestNG.runSuites(TestNG.java:1114)
at org.testng.TestNG.run(TestNG.java:1082)
at org.testng.remote.AbstractRemoteTestNG.run(AbstractRemoteTestNG.java:115)
at org.testng.remote.RemoteTestNG.initAndRun(RemoteTestNG.java:251)
at org.testng.remote.RemoteTestNG.main(RemoteTestNG.java:77)
]]>
            </full-stacktrace>
          </exception> <!-- org.openqa.selenium.NoSuchElementException -->
          <reporter-output>
          </reporter-output>
        </test-method> <!-- MONEY_TRANSFER_BTWEEN_ACCOUNTS -->
        <test-method is-config="true" signature="BeforeMethod(java.lang.reflect.Method)[pri:0, instance:P01_Testcases.Regression@673fdbce]" started-at="2024-04-22T10:45:32 AST" name="BeforeMethod" finished-at="2024-04-22T10:45:32 AST" duration-ms="0" status="PASS">
          <params>
            <param index="0">
              <value>
                <![CDATA[public void P01_Testcases.Regression.MONEY_TRANSFER_BTWEEN_ACCOUNTS() throws java.io.IOException,java.lang.InterruptedException]]>
              </value>
            </param>
          </params>
          <reporter-output>
          </reporter-output>
        </test-method> <!-- BeforeMethod -->
        <test-method is-config="true" signature="BeforeMethod(java.lang.reflect.Method)[pri:0, instance:P01_Testcases.Regression@673fdbce]" started-at="2024-04-22T10:46:23 AST" name="BeforeMethod" finished-at="2024-04-22T10:46:23 AST" duration-ms="1" status="PASS">
          <params>
            <param index="0">
              <value>
                <![CDATA[public void P01_Testcases.Regression.MONEY_TRANSFER_WITHIN_RIYAD_BANK() throws java.io.IOException,java.lang.InterruptedException]]>
              </value>
            </param>
          </params>
          <reporter-output>
          </reporter-output>
        </test-method> <!-- BeforeMethod -->
        <test-method signature="MONEY_TRANSFER_WITHIN_RIYAD_BANK()[pri:18, instance:P01_Testcases.Regression@673fdbce]" started-at="2024-04-22T10:46:23 AST" name="MONEY_TRANSFER_WITHIN_RIYAD_BANK" finished-at="2024-04-22T10:50:05 AST" duration-ms="222100" status="PASS">
          <reporter-output>
          </reporter-output>
        </test-method> <!-- MONEY_TRANSFER_WITHIN_RIYAD_BANK -->
        <test-method is-config="true" signature="BeforeMethod(java.lang.reflect.Method)[pri:0, instance:P01_Testcases.Regression@673fdbce]" started-at="2024-04-22T10:50:05 AST" name="BeforeMethod" finished-at="2024-04-22T10:50:05 AST" duration-ms="1" status="PASS">
          <params>
            <param index="0">
              <value>
                <![CDATA[public void P01_Testcases.Regression.MONEY_TRANSFER_LOCAL_TRANSFER() throws java.io.IOException,java.lang.InterruptedException]]>
              </value>
            </param>
          </params>
          <reporter-output>
          </reporter-output>
        </test-method> <!-- BeforeMethod -->
        <test-method signature="MONEY_TRANSFER_LOCAL_TRANSFER()[pri:19, instance:P01_Testcases.Regression@673fdbce]" started-at="2024-04-22T10:50:05 AST" name="MONEY_TRANSFER_LOCAL_TRANSFER" finished-at="2024-04-22T10:53:34 AST" duration-ms="208782" status="PASS">
          <reporter-output>
          </reporter-output>
        </test-method> <!-- MONEY_TRANSFER_LOCAL_TRANSFER -->
        <test-method signature="MONEY_TRANSFER_INTERNATIONAL_TRANSFER()[pri:20, instance:P01_Testcases.Regression@673fdbce]" started-at="2024-04-22T10:53:34 AST" name="MONEY_TRANSFER_INTERNATIONAL_TRANSFER" finished-at="2024-04-22T10:55:49 AST" duration-ms="134413" status="FAIL">
          <exception class="org.openqa.selenium.NoSuchElementException">
            <message>
              <![CDATA[An element could not be located on the page using the given search parameters.
For documentation on this error, please visit: https://www.selenium.dev/documentation/webdriver/troubleshooting/errors#no-such-element-exception
Build info: version: '4.19.1', revision: 'abe0ee07dc'
System info: os.name: 'Windows 11', os.arch: 'amd64', os.version: '10.0', java.version: '17.0.5'
Driver info: io.appium.java_client.android.AndroidDriver
Command: [0436cc7c-ad72-425a-aa9c-97b2cd9a57ca, findElement {using=xpath, value=//android.widget.Button[@text ='']}]
Capabilities {appium:appActivity: com.riyadbank.strategic.Mai..., appium:appPackage: com.riyadbank.strategic, appium:autoGrantPermissions: true, appium:automationName: UiAutomator2, appium:clearDeviceLogsOnStart: true, appium:clearSystemFiles: false, appium:databaseEnabled: false, appium:desired: {appActivity: com.riyadbank.strategic.Mai..., appPackage: com.riyadbank.strategic, autoGrantPermissions: true, automationName: UiAutomator2, clearDeviceLogsOnStart: true, clearSystemFiles: false, deviceName: AhmedM, ignoreHiddenApiPolicyError: true, newCommandTimeout: 120000, noReset: true, noSign: true, platformName: ANDROID, platformVersion: 13, skipServerInstallation: false, skipUnlock: true, systemPort: 8200}, appium:deviceApiLevel: 33, appium:deviceManufacturer: OPPO, appium:deviceModel: CPH2159, appium:deviceName: 3468a9a9, appium:deviceScreenDensity: 480, appium:deviceScreenSize: 1080x2400, appium:deviceUDID: 3468a9a9, appium:ignoreHiddenApiPolicyError: true, appium:javascriptEnabled: true, appium:locationContextEnabled: false, appium:networkConnectionEnabled: true, appium:newCommandTimeout: 120000, appium:noReset: true, appium:noSign: true, appium:pixelRatio: 3, appium:platformVersion: 13, appium:skipServerInstallation: false, appium:skipUnlock: true, appium:statBarHeight: 107, appium:systemPort: 8200, appium:takesScreenshot: true, appium:viewportRect: {height: 2186, left: 0, top: 107, width: 1080}, appium:warnings: {}, appium:webStorageEnabled: false, platformName: ANDROID}
Session ID: 0436cc7c-ad72-425a-aa9c-97b2cd9a57ca]]>
            </message>
            <full-stacktrace>
              <![CDATA[org.openqa.selenium.NoSuchElementException: An element could not be located on the page using the given search parameters.
For documentation on this error, please visit: https://www.selenium.dev/documentation/webdriver/troubleshooting/errors#no-such-element-exception
Build info: version: '4.19.1', revision: 'abe0ee07dc'
System info: os.name: 'Windows 11', os.arch: 'amd64', os.version: '10.0', java.version: '17.0.5'
Driver info: io.appium.java_client.android.AndroidDriver
Command: [0436cc7c-ad72-425a-aa9c-97b2cd9a57ca, findElement {using=xpath, value=//android.widget.Button[@text ='']}]
Capabilities {appium:appActivity: com.riyadbank.strategic.Mai..., appium:appPackage: com.riyadbank.strategic, appium:autoGrantPermissions: true, appium:automationName: UiAutomator2, appium:clearDeviceLogsOnStart: true, appium:clearSystemFiles: false, appium:databaseEnabled: false, appium:desired: {appActivity: com.riyadbank.strategic.Mai..., appPackage: com.riyadbank.strategic, autoGrantPermissions: true, automationName: UiAutomator2, clearDeviceLogsOnStart: true, clearSystemFiles: false, deviceName: AhmedM, ignoreHiddenApiPolicyError: true, newCommandTimeout: 120000, noReset: true, noSign: true, platformName: ANDROID, platformVersion: 13, skipServerInstallation: false, skipUnlock: true, systemPort: 8200}, appium:deviceApiLevel: 33, appium:deviceManufacturer: OPPO, appium:deviceModel: CPH2159, appium:deviceName: 3468a9a9, appium:deviceScreenDensity: 480, appium:deviceScreenSize: 1080x2400, appium:deviceUDID: 3468a9a9, appium:ignoreHiddenApiPolicyError: true, appium:javascriptEnabled: true, appium:locationContextEnabled: false, appium:networkConnectionEnabled: true, appium:newCommandTimeout: 120000, appium:noReset: true, appium:noSign: true, appium:pixelRatio: 3, appium:platformVersion: 13, appium:skipServerInstallation: false, appium:skipUnlock: true, appium:statBarHeight: 107, appium:systemPort: 8200, appium:takesScreenshot: true, appium:viewportRect: {height: 2186, left: 0, top: 107, width: 1080}, appium:warnings: {}, appium:webStorageEnabled: false, platformName: ANDROID}
Session ID: 0436cc7c-ad72-425a-aa9c-97b2cd9a57ca
at jdk.internal.reflect.GeneratedConstructorAccessor54.newInstance(Unknown Source)
at java.base/jdk.internal.reflect.DelegatingConstructorAccessorImpl.newInstance(DelegatingConstructorAccessorImpl.java:45)
at java.base/java.lang.reflect.Constructor.newInstanceWithCaller(Constructor.java:499)
at java.base/java.lang.reflect.Constructor.newInstance(Constructor.java:480)
at org.openqa.selenium.remote.codec.w3c.W3CHttpResponseCodec.createException(W3CHttpResponseCodec.java:200)
at org.openqa.selenium.remote.codec.w3c.W3CHttpResponseCodec.decode(W3CHttpResponseCodec.java:133)
at org.openqa.selenium.remote.codec.w3c.W3CHttpResponseCodec.decode(W3CHttpResponseCodec.java:52)
at org.openqa.selenium.remote.HttpCommandExecutor.execute(HttpCommandExecutor.java:191)
at io.appium.java_client.remote.AppiumCommandExecutor.execute(AppiumCommandExecutor.java:250)
at org.openqa.selenium.remote.RemoteWebDriver.execute(RemoteWebDriver.java:602)
at org.openqa.selenium.remote.ElementLocation$ElementFinder$2.findElement(ElementLocation.java:165)
at org.openqa.selenium.remote.ElementLocation.findElement(ElementLocation.java:59)
at org.openqa.selenium.remote.RemoteWebDriver.findElement(RemoteWebDriver.java:359)
at org.openqa.selenium.remote.RemoteWebDriver.findElement(RemoteWebDriver.java:353)
at P03_Screens.CommenMethods.Back_To_Home_Screen(CommenMethods.java:117)
at P03_Screens.MoneyTransferScreen.International_Transfer(MoneyTransferScreen.java:375)
at P01_Testcases.Regression.MONEY_TRANSFER_INTERNATIONAL_TRANSFER(Regression.java:166)
at java.base/jdk.internal.reflect.NativeMethodAccessorImpl.invoke0(Native Method)
at java.base/jdk.internal.reflect.NativeMethodAccessorImpl.invoke(NativeMethodAccessorImpl.java:77)
at java.base/jdk.internal.reflect.DelegatingMethodAccessorImpl.invoke(DelegatingMethodAccessorImpl.java:43)
at java.base/java.lang.reflect.Method.invoke(Method.java:568)
at org.testng.internal.invokers.MethodInvocationHelper.invokeMethod(MethodInvocationHelper.java:139)
at org.testng.internal.invokers.TestInvoker.invokeMethod(TestInvoker.java:664)
at org.testng.internal.invokers.TestInvoker.invokeTestMethod(TestInvoker.java:227)
at org.testng.internal.invokers.MethodRunner.runInSequence(MethodRunner.java:50)
at org.testng.internal.invokers.TestInvoker$MethodInvocationAgent.invoke(TestInvoker.java:957)
at org.testng.internal.invokers.TestInvoker.invokeTestMethods(TestInvoker.java:200)
at org.testng.internal.invokers.TestMethodWorker.invokeTestMethods(TestMethodWorker.java:148)
at org.testng.internal.invokers.TestMethodWorker.run(TestMethodWorker.java:128)
at java.base/java.util.ArrayList.forEach(ArrayList.java:1511)
at org.testng.TestRunner.privateRun(TestRunner.java:848)
at org.testng.TestRunner.run(TestRunner.java:621)
at org.testng.SuiteRunner.runTest(SuiteRunner.java:443)
at org.testng.SuiteRunner.runSequentially(SuiteRunner.java:437)
at org.testng.SuiteRunner.privateRun(SuiteRunner.java:397)
at org.testng.SuiteRunner.run(SuiteRunner.java:336)
at org.testng.SuiteRunnerWorker.runSuite(SuiteRunnerWorker.java:52)
at org.testng.SuiteRunnerWorker.run(SuiteRunnerWorker.java:95)
at org.testng.TestNG.runSuitesSequentially(TestNG.java:1280)
at org.testng.TestNG.runSuitesLocally(TestNG.java:1200)
at org.testng.TestNG.runSuites(TestNG.java:1114)
at org.testng.TestNG.run(TestNG.java:1082)
at org.testng.remote.AbstractRemoteTestNG.run(AbstractRemoteTestNG.java:115)
at org.testng.remote.RemoteTestNG.initAndRun(RemoteTestNG.java:251)
at org.testng.remote.RemoteTestNG.main(RemoteTestNG.java:77)
]]>
            </full-stacktrace>
          </exception> <!-- org.openqa.selenium.NoSuchElementException -->
          <reporter-output>
          </reporter-output>
        </test-method> <!-- MONEY_TRANSFER_INTERNATIONAL_TRANSFER -->
        <test-method is-config="true" signature="BeforeMethod(java.lang.reflect.Method)[pri:0, instance:P01_Testcases.Regression@673fdbce]" started-at="2024-04-22T10:53:34 AST" name="BeforeMethod" finished-at="2024-04-22T10:53:34 AST" duration-ms="0" status="PASS">
          <params>
            <param index="0">
              <value>
                <![CDATA[public void P01_Testcases.Regression.MONEY_TRANSFER_INTERNATIONAL_TRANSFER() throws java.io.IOException,java.lang.InterruptedException]]>
              </value>
            </param>
          </params>
          <reporter-output>
          </reporter-output>
        </test-method> <!-- BeforeMethod -->
        <test-method is-config="true" signature="BeforeMethod(java.lang.reflect.Method)[pri:0, instance:P01_Testcases.Regression@673fdbce]" started-at="2024-04-22T10:55:49 AST" name="BeforeMethod" finished-at="2024-04-22T10:55:49 AST" duration-ms="1" status="PASS">
          <params>
            <param index="0">
              <value>
                <![CDATA[public void P01_Testcases.Regression.MONEY_TRANSFER_WU_TRANSFER() throws java.io.IOException,java.lang.InterruptedException]]>
              </value>
            </param>
          </params>
          <reporter-output>
          </reporter-output>
        </test-method> <!-- BeforeMethod -->
        <test-method signature="MONEY_TRANSFER_WU_TRANSFER()[pri:21, instance:P01_Testcases.Regression@673fdbce]" started-at="2024-04-22T10:55:49 AST" name="MONEY_TRANSFER_WU_TRANSFER" finished-at="2024-04-22T10:57:34 AST" duration-ms="104991" status="FAIL">
          <exception class="org.openqa.selenium.NoSuchElementException">
            <message>
              <![CDATA[An element could not be located on the page using the given search parameters.
For documentation on this error, please visit: https://www.selenium.dev/documentation/webdriver/troubleshooting/errors#no-such-element-exception
Build info: version: '4.19.1', revision: 'abe0ee07dc'
System info: os.name: 'Windows 11', os.arch: 'amd64', os.version: '10.0', java.version: '17.0.5'
Driver info: io.appium.java_client.android.AndroidDriver
Command: [0436cc7c-ad72-425a-aa9c-97b2cd9a57ca, findElement {using=xpath, value=//android.widget.Button[@text ='']}]
Capabilities {appium:appActivity: com.riyadbank.strategic.Mai..., appium:appPackage: com.riyadbank.strategic, appium:autoGrantPermissions: true, appium:automationName: UiAutomator2, appium:clearDeviceLogsOnStart: true, appium:clearSystemFiles: false, appium:databaseEnabled: false, appium:desired: {appActivity: com.riyadbank.strategic.Mai..., appPackage: com.riyadbank.strategic, autoGrantPermissions: true, automationName: UiAutomator2, clearDeviceLogsOnStart: true, clearSystemFiles: false, deviceName: AhmedM, ignoreHiddenApiPolicyError: true, newCommandTimeout: 120000, noReset: true, noSign: true, platformName: ANDROID, platformVersion: 13, skipServerInstallation: false, skipUnlock: true, systemPort: 8200}, appium:deviceApiLevel: 33, appium:deviceManufacturer: OPPO, appium:deviceModel: CPH2159, appium:deviceName: 3468a9a9, appium:deviceScreenDensity: 480, appium:deviceScreenSize: 1080x2400, appium:deviceUDID: 3468a9a9, appium:ignoreHiddenApiPolicyError: true, appium:javascriptEnabled: true, appium:locationContextEnabled: false, appium:networkConnectionEnabled: true, appium:newCommandTimeout: 120000, appium:noReset: true, appium:noSign: true, appium:pixelRatio: 3, appium:platformVersion: 13, appium:skipServerInstallation: false, appium:skipUnlock: true, appium:statBarHeight: 107, appium:systemPort: 8200, appium:takesScreenshot: true, appium:viewportRect: {height: 2186, left: 0, top: 107, width: 1080}, appium:warnings: {}, appium:webStorageEnabled: false, platformName: ANDROID}
Session ID: 0436cc7c-ad72-425a-aa9c-97b2cd9a57ca]]>
            </message>
            <full-stacktrace>
              <![CDATA[org.openqa.selenium.NoSuchElementException: An element could not be located on the page using the given search parameters.
For documentation on this error, please visit: https://www.selenium.dev/documentation/webdriver/troubleshooting/errors#no-such-element-exception
Build info: version: '4.19.1', revision: 'abe0ee07dc'
System info: os.name: 'Windows 11', os.arch: 'amd64', os.version: '10.0', java.version: '17.0.5'
Driver info: io.appium.java_client.android.AndroidDriver
Command: [0436cc7c-ad72-425a-aa9c-97b2cd9a57ca, findElement {using=xpath, value=//android.widget.Button[@text ='']}]
Capabilities {appium:appActivity: com.riyadbank.strategic.Mai..., appium:appPackage: com.riyadbank.strategic, appium:autoGrantPermissions: true, appium:automationName: UiAutomator2, appium:clearDeviceLogsOnStart: true, appium:clearSystemFiles: false, appium:databaseEnabled: false, appium:desired: {appActivity: com.riyadbank.strategic.Mai..., appPackage: com.riyadbank.strategic, autoGrantPermissions: true, automationName: UiAutomator2, clearDeviceLogsOnStart: true, clearSystemFiles: false, deviceName: AhmedM, ignoreHiddenApiPolicyError: true, newCommandTimeout: 120000, noReset: true, noSign: true, platformName: ANDROID, platformVersion: 13, skipServerInstallation: false, skipUnlock: true, systemPort: 8200}, appium:deviceApiLevel: 33, appium:deviceManufacturer: OPPO, appium:deviceModel: CPH2159, appium:deviceName: 3468a9a9, appium:deviceScreenDensity: 480, appium:deviceScreenSize: 1080x2400, appium:deviceUDID: 3468a9a9, appium:ignoreHiddenApiPolicyError: true, appium:javascriptEnabled: true, appium:locationContextEnabled: false, appium:networkConnectionEnabled: true, appium:newCommandTimeout: 120000, appium:noReset: true, appium:noSign: true, appium:pixelRatio: 3, appium:platformVersion: 13, appium:skipServerInstallation: false, appium:skipUnlock: true, appium:statBarHeight: 107, appium:systemPort: 8200, appium:takesScreenshot: true, appium:viewportRect: {height: 2186, left: 0, top: 107, width: 1080}, appium:warnings: {}, appium:webStorageEnabled: false, platformName: ANDROID}
Session ID: 0436cc7c-ad72-425a-aa9c-97b2cd9a57ca
at jdk.internal.reflect.GeneratedConstructorAccessor54.newInstance(Unknown Source)
at java.base/jdk.internal.reflect.DelegatingConstructorAccessorImpl.newInstance(DelegatingConstructorAccessorImpl.java:45)
at java.base/java.lang.reflect.Constructor.newInstanceWithCaller(Constructor.java:499)
at java.base/java.lang.reflect.Constructor.newInstance(Constructor.java:480)
at org.openqa.selenium.remote.codec.w3c.W3CHttpResponseCodec.createException(W3CHttpResponseCodec.java:200)
at org.openqa.selenium.remote.codec.w3c.W3CHttpResponseCodec.decode(W3CHttpResponseCodec.java:133)
at org.openqa.selenium.remote.codec.w3c.W3CHttpResponseCodec.decode(W3CHttpResponseCodec.java:52)
at org.openqa.selenium.remote.HttpCommandExecutor.execute(HttpCommandExecutor.java:191)
at io.appium.java_client.remote.AppiumCommandExecutor.execute(AppiumCommandExecutor.java:250)
at org.openqa.selenium.remote.RemoteWebDriver.execute(RemoteWebDriver.java:602)
at org.openqa.selenium.remote.ElementLocation$ElementFinder$2.findElement(ElementLocation.java:165)
at org.openqa.selenium.remote.ElementLocation.findElement(ElementLocation.java:59)
at org.openqa.selenium.remote.RemoteWebDriver.findElement(RemoteWebDriver.java:359)
at org.openqa.selenium.remote.RemoteWebDriver.findElement(RemoteWebDriver.java:353)
at P03_Screens.CommenMethods.Back_To_Home_Screen(CommenMethods.java:117)
at P03_Screens.MoneyTransferScreen.WU_Transfer(MoneyTransferScreen.java:440)
at P01_Testcases.Regression.MONEY_TRANSFER_WU_TRANSFER(Regression.java:172)
at java.base/jdk.internal.reflect.NativeMethodAccessorImpl.invoke0(Native Method)
at java.base/jdk.internal.reflect.NativeMethodAccessorImpl.invoke(NativeMethodAccessorImpl.java:77)
at java.base/jdk.internal.reflect.DelegatingMethodAccessorImpl.invoke(DelegatingMethodAccessorImpl.java:43)
at java.base/java.lang.reflect.Method.invoke(Method.java:568)
at org.testng.internal.invokers.MethodInvocationHelper.invokeMethod(MethodInvocationHelper.java:139)
at org.testng.internal.invokers.TestInvoker.invokeMethod(TestInvoker.java:664)
at org.testng.internal.invokers.TestInvoker.invokeTestMethod(TestInvoker.java:227)
at org.testng.internal.invokers.MethodRunner.runInSequence(MethodRunner.java:50)
at org.testng.internal.invokers.TestInvoker$MethodInvocationAgent.invoke(TestInvoker.java:957)
at org.testng.internal.invokers.TestInvoker.invokeTestMethods(TestInvoker.java:200)
at org.testng.internal.invokers.TestMethodWorker.invokeTestMethods(TestMethodWorker.java:148)
at org.testng.internal.invokers.TestMethodWorker.run(TestMethodWorker.java:128)
at java.base/java.util.ArrayList.forEach(ArrayList.java:1511)
at org.testng.TestRunner.privateRun(TestRunner.java:848)
at org.testng.TestRunner.run(TestRunner.java:621)
at org.testng.SuiteRunner.runTest(SuiteRunner.java:443)
at org.testng.SuiteRunner.runSequentially(SuiteRunner.java:437)
at org.testng.SuiteRunner.privateRun(SuiteRunner.java:397)
at org.testng.SuiteRunner.run(SuiteRunner.java:336)
at org.testng.SuiteRunnerWorker.runSuite(SuiteRunnerWorker.java:52)
at org.testng.SuiteRunnerWorker.run(SuiteRunnerWorker.java:95)
at org.testng.TestNG.runSuitesSequentially(TestNG.java:1280)
at org.testng.TestNG.runSuitesLocally(TestNG.java:1200)
at org.testng.TestNG.runSuites(TestNG.java:1114)
at org.testng.TestNG.run(TestNG.java:1082)
at org.testng.remote.AbstractRemoteTestNG.run(AbstractRemoteTestNG.java:115)
at org.testng.remote.RemoteTestNG.initAndRun(RemoteTestNG.java:251)
at org.testng.remote.RemoteTestNG.main(RemoteTestNG.java:77)
]]>
            </full-stacktrace>
          </exception> <!-- org.openqa.selenium.NoSuchElementException -->
          <reporter-output>
          </reporter-output>
        </test-method> <!-- MONEY_TRANSFER_WU_TRANSFER -->
        <test-method signature="MONEY_TRANSFER_MONEY_EXPRESS()[pri:22, instance:P01_Testcases.Regression@673fdbce]" started-at="2024-04-22T10:57:34 AST" name="MONEY_TRANSFER_MONEY_EXPRESS" finished-at="2024-04-22T10:59:15 AST" duration-ms="101523" status="FAIL">
          <exception class="org.openqa.selenium.NoSuchElementException">
            <message>
              <![CDATA[An element could not be located on the page using the given search parameters.
For documentation on this error, please visit: https://www.selenium.dev/documentation/webdriver/troubleshooting/errors#no-such-element-exception
Build info: version: '4.19.1', revision: 'abe0ee07dc'
System info: os.name: 'Windows 11', os.arch: 'amd64', os.version: '10.0', java.version: '17.0.5'
Driver info: io.appium.java_client.android.AndroidDriver
Command: [0436cc7c-ad72-425a-aa9c-97b2cd9a57ca, findElement {using=xpath, value=//android.widget.Button[@text ='']}]
Capabilities {appium:appActivity: com.riyadbank.strategic.Mai..., appium:appPackage: com.riyadbank.strategic, appium:autoGrantPermissions: true, appium:automationName: UiAutomator2, appium:clearDeviceLogsOnStart: true, appium:clearSystemFiles: false, appium:databaseEnabled: false, appium:desired: {appActivity: com.riyadbank.strategic.Mai..., appPackage: com.riyadbank.strategic, autoGrantPermissions: true, automationName: UiAutomator2, clearDeviceLogsOnStart: true, clearSystemFiles: false, deviceName: AhmedM, ignoreHiddenApiPolicyError: true, newCommandTimeout: 120000, noReset: true, noSign: true, platformName: ANDROID, platformVersion: 13, skipServerInstallation: false, skipUnlock: true, systemPort: 8200}, appium:deviceApiLevel: 33, appium:deviceManufacturer: OPPO, appium:deviceModel: CPH2159, appium:deviceName: 3468a9a9, appium:deviceScreenDensity: 480, appium:deviceScreenSize: 1080x2400, appium:deviceUDID: 3468a9a9, appium:ignoreHiddenApiPolicyError: true, appium:javascriptEnabled: true, appium:locationContextEnabled: false, appium:networkConnectionEnabled: true, appium:newCommandTimeout: 120000, appium:noReset: true, appium:noSign: true, appium:pixelRatio: 3, appium:platformVersion: 13, appium:skipServerInstallation: false, appium:skipUnlock: true, appium:statBarHeight: 107, appium:systemPort: 8200, appium:takesScreenshot: true, appium:viewportRect: {height: 2186, left: 0, top: 107, width: 1080}, appium:warnings: {}, appium:webStorageEnabled: false, platformName: ANDROID}
Session ID: 0436cc7c-ad72-425a-aa9c-97b2cd9a57ca]]>
            </message>
            <full-stacktrace>
              <![CDATA[org.openqa.selenium.NoSuchElementException: An element could not be located on the page using the given search parameters.
For documentation on this error, please visit: https://www.selenium.dev/documentation/webdriver/troubleshooting/errors#no-such-element-exception
Build info: version: '4.19.1', revision: 'abe0ee07dc'
System info: os.name: 'Windows 11', os.arch: 'amd64', os.version: '10.0', java.version: '17.0.5'
Driver info: io.appium.java_client.android.AndroidDriver
Command: [0436cc7c-ad72-425a-aa9c-97b2cd9a57ca, findElement {using=xpath, value=//android.widget.Button[@text ='']}]
Capabilities {appium:appActivity: com.riyadbank.strategic.Mai..., appium:appPackage: com.riyadbank.strategic, appium:autoGrantPermissions: true, appium:automationName: UiAutomator2, appium:clearDeviceLogsOnStart: true, appium:clearSystemFiles: false, appium:databaseEnabled: false, appium:desired: {appActivity: com.riyadbank.strategic.Mai..., appPackage: com.riyadbank.strategic, autoGrantPermissions: true, automationName: UiAutomator2, clearDeviceLogsOnStart: true, clearSystemFiles: false, deviceName: AhmedM, ignoreHiddenApiPolicyError: true, newCommandTimeout: 120000, noReset: true, noSign: true, platformName: ANDROID, platformVersion: 13, skipServerInstallation: false, skipUnlock: true, systemPort: 8200}, appium:deviceApiLevel: 33, appium:deviceManufacturer: OPPO, appium:deviceModel: CPH2159, appium:deviceName: 3468a9a9, appium:deviceScreenDensity: 480, appium:deviceScreenSize: 1080x2400, appium:deviceUDID: 3468a9a9, appium:ignoreHiddenApiPolicyError: true, appium:javascriptEnabled: true, appium:locationContextEnabled: false, appium:networkConnectionEnabled: true, appium:newCommandTimeout: 120000, appium:noReset: true, appium:noSign: true, appium:pixelRatio: 3, appium:platformVersion: 13, appium:skipServerInstallation: false, appium:skipUnlock: true, appium:statBarHeight: 107, appium:systemPort: 8200, appium:takesScreenshot: true, appium:viewportRect: {height: 2186, left: 0, top: 107, width: 1080}, appium:warnings: {}, appium:webStorageEnabled: false, platformName: ANDROID}
Session ID: 0436cc7c-ad72-425a-aa9c-97b2cd9a57ca
at jdk.internal.reflect.GeneratedConstructorAccessor54.newInstance(Unknown Source)
at java.base/jdk.internal.reflect.DelegatingConstructorAccessorImpl.newInstance(DelegatingConstructorAccessorImpl.java:45)
at java.base/java.lang.reflect.Constructor.newInstanceWithCaller(Constructor.java:499)
at java.base/java.lang.reflect.Constructor.newInstance(Constructor.java:480)
at org.openqa.selenium.remote.codec.w3c.W3CHttpResponseCodec.createException(W3CHttpResponseCodec.java:200)
at org.openqa.selenium.remote.codec.w3c.W3CHttpResponseCodec.decode(W3CHttpResponseCodec.java:133)
at org.openqa.selenium.remote.codec.w3c.W3CHttpResponseCodec.decode(W3CHttpResponseCodec.java:52)
at org.openqa.selenium.remote.HttpCommandExecutor.execute(HttpCommandExecutor.java:191)
at io.appium.java_client.remote.AppiumCommandExecutor.execute(AppiumCommandExecutor.java:250)
at org.openqa.selenium.remote.RemoteWebDriver.execute(RemoteWebDriver.java:602)
at org.openqa.selenium.remote.ElementLocation$ElementFinder$2.findElement(ElementLocation.java:165)
at org.openqa.selenium.remote.ElementLocation.findElement(ElementLocation.java:59)
at org.openqa.selenium.remote.RemoteWebDriver.findElement(RemoteWebDriver.java:359)
at org.openqa.selenium.remote.RemoteWebDriver.findElement(RemoteWebDriver.java:353)
at P03_Screens.CommenMethods.Back_To_Home_Screen(CommenMethods.java:117)
at P03_Screens.MoneyTransferScreen.Money_Express(MoneyTransferScreen.java:498)
at P01_Testcases.Regression.MONEY_TRANSFER_MONEY_EXPRESS(Regression.java:178)
at java.base/jdk.internal.reflect.NativeMethodAccessorImpl.invoke0(Native Method)
at java.base/jdk.internal.reflect.NativeMethodAccessorImpl.invoke(NativeMethodAccessorImpl.java:77)
at java.base/jdk.internal.reflect.DelegatingMethodAccessorImpl.invoke(DelegatingMethodAccessorImpl.java:43)
at java.base/java.lang.reflect.Method.invoke(Method.java:568)
at org.testng.internal.invokers.MethodInvocationHelper.invokeMethod(MethodInvocationHelper.java:139)
at org.testng.internal.invokers.TestInvoker.invokeMethod(TestInvoker.java:664)
at org.testng.internal.invokers.TestInvoker.invokeTestMethod(TestInvoker.java:227)
at org.testng.internal.invokers.MethodRunner.runInSequence(MethodRunner.java:50)
at org.testng.internal.invokers.TestInvoker$MethodInvocationAgent.invoke(TestInvoker.java:957)
at org.testng.internal.invokers.TestInvoker.invokeTestMethods(TestInvoker.java:200)
at org.testng.internal.invokers.TestMethodWorker.invokeTestMethods(TestMethodWorker.java:148)
at org.testng.internal.invokers.TestMethodWorker.run(TestMethodWorker.java:128)
at java.base/java.util.ArrayList.forEach(ArrayList.java:1511)
at org.testng.TestRunner.privateRun(TestRunner.java:848)
at org.testng.TestRunner.run(TestRunner.java:621)
at org.testng.SuiteRunner.runTest(SuiteRunner.java:443)
at org.testng.SuiteRunner.runSequentially(SuiteRunner.java:437)
at org.testng.SuiteRunner.privateRun(SuiteRunner.java:397)
at org.testng.SuiteRunner.run(SuiteRunner.java:336)
at org.testng.SuiteRunnerWorker.runSuite(SuiteRunnerWorker.java:52)
at org.testng.SuiteRunnerWorker.run(SuiteRunnerWorker.java:95)
at org.testng.TestNG.runSuitesSequentially(TestNG.java:1280)
at org.testng.TestNG.runSuitesLocally(TestNG.java:1200)
at org.testng.TestNG.runSuites(TestNG.java:1114)
at org.testng.TestNG.run(TestNG.java:1082)
at org.testng.remote.AbstractRemoteTestNG.run(AbstractRemoteTestNG.java:115)
at org.testng.remote.RemoteTestNG.initAndRun(RemoteTestNG.java:251)
at org.testng.remote.RemoteTestNG.main(RemoteTestNG.java:77)
]]>
            </full-stacktrace>
          </exception> <!-- org.openqa.selenium.NoSuchElementException -->
          <reporter-output>
          </reporter-output>
        </test-method> <!-- MONEY_TRANSFER_MONEY_EXPRESS -->
        <test-method is-config="true" signature="BeforeMethod(java.lang.reflect.Method)[pri:0, instance:P01_Testcases.Regression@673fdbce]" started-at="2024-04-22T10:57:34 AST" name="BeforeMethod" finished-at="2024-04-22T10:57:34 AST" duration-ms="0" status="PASS">
          <params>
            <param index="0">
              <value>
                <![CDATA[public void P01_Testcases.Regression.MONEY_TRANSFER_MONEY_EXPRESS() throws java.io.IOException,java.lang.InterruptedException]]>
              </value>
            </param>
          </params>
          <reporter-output>
[...]
at org.testng.remote.RemoteTestNG.initAndRun(RemoteTestNG.java:251)
at org.testng.remote.RemoteTestNG.main(RemoteTestNG.java:77)
]]>
            </full-stacktrace>
          </exception> <!-- org.openqa.selenium.NoSuchElementException -->
          <reporter-output>
          </reporter-output>
        </test-method> <!-- HASSAD_PROGRAM_TRANSFER -->
        <test-method is-config="true" signature="BeforeMethod(java.lang.reflect.Method)[pri:0, instance:P01_Testcases.Regression@673fdbce]" started-at="2024-04-22T11:49:05 AST" name="BeforeMethod" finished-at="2024-04-22T11:49:05 AST" duration-ms="1" status="PASS">
          <params>
            <param index="0">
              <value>
                <![CDATA[public void P01_Testcases.Regression.GOVERMENT_PAYMENT_ADD_BILL() throws java.io.IOException,java.lang.InterruptedException]]>
              </value>
            </param>
          </params>
          <reporter-output>
          </reporter-output>
        </test-method> <!-- BeforeMethod -->
        <test-method signature="GOVERMENT_PAYMENT_ADD_BILL()[pri:50, instance:P01_Testcases.Regression@673fdbce]" started-at="2024-04-22T11:49:05 AST" name="GOVERMENT_PAYMENT_ADD_BILL" finished-at="2024-04-22T11:50:38 AST" duration-ms="92677" status="FAIL">
          <exception class="org.openqa.selenium.NoSuchElementException">
            <message>
              <![CDATA[An element could not be located on the page using the given search parameters.
For documentation on this error, please visit: https://www.selenium.dev/documentation/webdriver/troubleshooting/errors#no-such-element-exception
Build info: version: '4.19.1', revision: 'abe0ee07dc'
System info: os.name: 'Windows 11', os.arch: 'amd64', os.version: '10.0', java.version: '17.0.5'
Driver info: io.appium.java_client.android.AndroidDriver
Command: [0436cc7c-ad72-425a-aa9c-97b2cd9a57ca, findElement {using=xpath, value=//android.widget.Button[@text ='']}]
Capabilities {appium:appActivity: com.riyadbank.strategic.Mai..., appium:appPackage: com.riyadbank.strategic, appium:autoGrantPermissions: true, appium:automationName: UiAutomator2, appium:clearDeviceLogsOnStart: true, appium:clearSystemFiles: false, appium:databaseEnabled: false, appium:desired: {appActivity: com.riyadbank.strategic.Mai..., appPackage: com.riyadbank.strategic, autoGrantPermissions: true, automationName: UiAutomator2, clearDeviceLogsOnStart: true, clearSystemFiles: false, deviceName: AhmedM, ignoreHiddenApiPolicyError: true, newCommandTimeout: 120000, noReset: true, noSign: true, platformName: ANDROID, platformVersion: 13, skipServerInstallation: false, skipUnlock: true, systemPort: 8200}, appium:deviceApiLevel: 33, appium:deviceManufacturer: OPPO, appium:deviceModel: CPH2159, appium:deviceName: 3468a9a9, appium:deviceScreenDensity: 480, appium:deviceScreenSize: 1080x2400, appium:deviceUDID: 3468a9a9, appium:ignoreHiddenApiPolicyError: true, appium:javascriptEnabled: true, appium:locationContextEnabled: false, appium:networkConnectionEnabled: true, appium:newCommandTimeout: 120000, appium:noReset: true, appium:noSign: true, appium:pixelRatio: 3, appium:platformVersion: 13, appium:skipServerInstallation: false, appium:skipUnlock: true, appium:statBarHeight: 107, appium:systemPort: 8200, appium:takesScreenshot: true, appium:viewportRect: {height: 2186, left: 0, top: 107, width: 1080}, appium:warnings: {}, appium:webStorageEnabled: false, platformName: ANDROID}
Session ID: 0436cc7c-ad72-425a-aa9c-97b2cd9a57ca]]>
            </message>
            <full-stacktrace>
              <![CDATA[org.openqa.selenium.NoSuchElementException: An element could not be located on the page using the given search parameters.
For documentation on this error, please visit: https://www.selenium.dev/documentation/webdriver/troubleshooting/errors#no-such-element-exception
Build info: version: '4.19.1', revision: 'abe0ee07dc'
System info: os.name: 'Windows 11', os.arch: 'amd64', os.version: '10.0', java.version: '17.0.5'
Driver info: io.appium.java_client.android.AndroidDriver
Command: [0436cc7c-ad72-425a-aa9c-97b2cd9a57ca, findElement {using=xpath, value=//android.widget.Button[@text ='']}]
Capabilities {appium:appActivity: com.riyadbank.strategic.Mai..., appium:appPackage: com.riyadbank.strategic, appium:autoGrantPermissions: true, appium:automationName: UiAutomator2, appium:clearDeviceLogsOnStart: true, appium:clearSystemFiles: false, appium:databaseEnabled: false, appium:desired: {appActivity: com.riyadbank.strategic.Mai..., appPackage: com.riyadbank.strategic, autoGrantPermissions: true, automationName: UiAutomator2, clearDeviceLogsOnStart: true, clearSystemFiles: false, deviceName: AhmedM, ignoreHiddenApiPolicyError: true, newCommandTimeout: 120000, noReset: true, noSign: true, platformName: ANDROID, platformVersion: 13, skipServerInstallation: false, skipUnlock: true, systemPort: 8200}, appium:deviceApiLevel: 33, appium:deviceManufacturer: OPPO, appium:deviceModel: CPH2159, appium:deviceName: 3468a9a9, appium:deviceScreenDensity: 480, appium:deviceScreenSize: 1080x2400, appium:deviceUDID: 3468a9a9, appium:ignoreHiddenApiPolicyError: true, appium:javascriptEnabled: true, appium:locationContextEnabled: false, appium:networkConnectionEnabled: true, appium:newCommandTimeout: 120000, appium:noReset: true, appium:noSign: true, appium:pixelRatio: 3, appium:platformVersion: 13, appium:skipServerInstallation: false, appium:skipUnlock: true, appium:statBarHeight: 107, appium:systemPort: 8200, appium:takesScreenshot: true, appium:viewportRect: {height: 2186, left: 0, top: 107, width: 1080}, appium:warnings: {}, appium:webStorageEnabled: false, platformName: ANDROID}
Session ID: 0436cc7c-ad72-425a-aa9c-97b2cd9a57ca
at jdk.internal.reflect.GeneratedConstructorAccessor54.newInstance(Unknown Source)
at java.base/jdk.internal.reflect.DelegatingConstructorAccessorImpl.newInstance(DelegatingConstructorAccessorImpl.java:45)
at java.base/java.lang.reflect.Constructor.newInstanceWithCaller(Constructor.java:499)
at java.base/java.lang.reflect.Constructor.newInstance(Constructor.java:480)
at org.openqa.selenium.remote.codec.w3c.W3CHttpResponseCodec.createException(W3CHttpResponseCodec.java:200)
at org.openqa.selenium.remote.codec.w3c.W3CHttpResponseCodec.decode(W3CHttpResponseCodec.java:133)
at org.openqa.selenium.remote.codec.w3c.W3CHttpResponseCodec.decode(W3CHttpResponseCodec.java:52)
at org.openqa.selenium.remote.HttpCommandExecutor.execute(HttpCommandExecutor.java:191)
at io.appium.java_client.remote.AppiumCommandExecutor.execute(AppiumCommandExecutor.java:250)
at org.openqa.selenium.remote.RemoteWebDriver.execute(RemoteWebDriver.java:602)
at org.openqa.selenium.remote.ElementLocation$ElementFinder$2.findElement(ElementLocation.java:165)
at org.openqa.selenium.remote.ElementLocation.findElement(ElementLocation.java:59)
at org.openqa.selenium.remote.RemoteWebDriver.findElement(RemoteWebDriver.java:359)
at org.openqa.selenium.remote.RemoteWebDriver.findElement(RemoteWebDriver.java:353)
at P03_Screens.CommenMethods.Back_To_Home_Screen(CommenMethods.java:117)
at P03_Screens.BillsGovermentPaymentScreen.Add_New_Bill(BillsGovermentPaymentScreen.java:162)
at P01_Testcases.Regression.GOVERMENT_PAYMENT_ADD_BILL(Regression.java:344)
at java.base/jdk.internal.reflect.NativeMethodAccessorImpl.invoke0(Native Method)
at java.base/jdk.internal.reflect.NativeMethodAccessorImpl.invoke(NativeMethodAccessorImpl.java:77)
at java.base/jdk.internal.reflect.DelegatingMethodAccessorImpl.invoke(DelegatingMethodAccessorImpl.java:43)
at java.base/java.lang.reflect.Method.invoke(Method.java:568)
at org.testng.internal.invokers.MethodInvocationHelper.invokeMethod(MethodInvocationHelper.java:139)
at org.testng.internal.invokers.TestInvoker.invokeMethod(TestInvoker.java:664)
at org.testng.internal.invokers.TestInvoker.invokeTestMethod(TestInvoker.java:227)
at org.testng.internal.invokers.MethodRunner.runInSequence(MethodRunner.java:50)
at org.testng.internal.invokers.TestInvoker$MethodInvocationAgent.invoke(TestInvoker.java:957)
at org.testng.internal.invokers.TestInvoker.invokeTestMethods(TestInvoker.java:200)
at org.testng.internal.invokers.TestMethodWorker.invokeTestMethods(TestMethodWorker.java:148)
at org.testng.internal.invokers.TestMethodWorker.run(TestMethodWorker.java:128)
at java.base/java.util.ArrayList.forEach(ArrayList.java:1511)
at org.testng.TestRunner.privateRun(TestRunner.java:848)
at org.testng.TestRunner.run(TestRunner.java:621)
at org.testng.SuiteRunner.runTest(SuiteRunner.java:443)
at org.testng.SuiteRunner.runSequentially(SuiteRunner.java:437)
at org.testng.SuiteRunner.privateRun(SuiteRunner.java:397)
at org.testng.SuiteRunner.run(SuiteRunner.java:336)
at org.testng.SuiteRunnerWorker.runSuite(SuiteRunnerWorker.java:52)
at org.testng.SuiteRunnerWorker.run(SuiteRunnerWorker.java:95)
at org.testng.TestNG.runSuitesSequentially(TestNG.java:1280)
at org.testng.TestNG.runSuitesLocally(TestNG.java:1200)
at org.testng.TestNG.runSuites(TestNG.java:1114)
at org.testng.TestNG.run(TestNG.java:1082)
at org.testng.remote.AbstractRemoteTestNG.run(AbstractRemoteTestNG.java:115)
at org.testng.remote.RemoteTestNG.initAndRun(RemoteTestNG.java:251)
at org.testng.remote.RemoteTestNG.main(RemoteTestNG.java:77)
]]>
            </full-stacktrace>
          </exception> <!-- org.openqa.selenium.NoSuchElementException -->
          <reporter-output>
          </reporter-output>
        </test-method> <!-- GOVERMENT_PAYMENT_ADD_BILL -->
        <test-method signature="GOVERMENT_PAYMENT_PAY_BILL()[pri:51, instance:P01_Testcases.Regression@673fdbce]" started-at="2024-04-22T11:50:38 AST" name="GOVERMENT_PAYMENT_PAY_BILL" finished-at="2024-04-22T11:52:05 AST" duration-ms="86869" status="FAIL">
          <exception class="org.openqa.selenium.NoSuchElementException">
            <message>
              <![CDATA[An element could not be located on the page using the given search parameters.
For documentation on this error, please visit: https://www.selenium.dev/documentation/webdriver/troubleshooting/errors#no-such-element-exception
Build info: version: '4.19.1', revision: 'abe0ee07dc'
System info: os.name: 'Windows 11', os.arch: 'amd64', os.version: '10.0', java.version: '17.0.5'
Driver info: io.appium.java_client.android.AndroidDriver
Command: [0436cc7c-ad72-425a-aa9c-97b2cd9a57ca, findElement {using=xpath, value=//android.widget.Button[@text ='']}]
Capabilities {appium:appActivity: com.riyadbank.strategic.Mai..., appium:appPackage: com.riyadbank.strategic, appium:autoGrantPermissions: true, appium:automationName: UiAutomator2, appium:clearDeviceLogsOnStart: true, appium:clearSystemFiles: false, appium:databaseEnabled: false, appium:desired: {appActivity: com.riyadbank.strategic.Mai..., appPackage: com.riyadbank.strategic, autoGrantPermissions: true, automationName: UiAutomator2, clearDeviceLogsOnStart: true, clearSystemFiles: false, deviceName: AhmedM, ignoreHiddenApiPolicyError: true, newCommandTimeout: 120000, noReset: true, noSign: true, platformName: ANDROID, platformVersion: 13, skipServerInstallation: false, skipUnlock: true, systemPort: 8200}, appium:deviceApiLevel: 33, appium:deviceManufacturer: OPPO, appium:deviceModel: CPH2159, appium:deviceName: 3468a9a9, appium:deviceScreenDensity: 480, appium:deviceScreenSize: 1080x2400, appium:deviceUDID: 3468a9a9, appium:ignoreHiddenApiPolicyError: true, appium:javascriptEnabled: true, appium:locationContextEnabled: false, appium:networkConnectionEnabled: true, appium:newCommandTimeout: 120000, appium:noReset: true, appium:noSign: true, appium:pixelRatio: 3, appium:platformVersion: 13, appium:skipServerInstallation: false, appium:skipUnlock: true, appium:statBarHeight: 107, appium:systemPort: 8200, appium:takesScreenshot: true, appium:viewportRect: {height: 2186, left: 0, top: 107, width: 1080}, appium:warnings: {}, appium:webStorageEnabled: false, platformName: ANDROID}
Session ID: 0436cc7c-ad72-425a-aa9c-97b2cd9a57ca]]>
            </message>
            <full-stacktrace>
              <![CDATA[org.openqa.selenium.NoSuchElementException: An element could not be located on the page using the given search parameters.
For documentation on this error, please visit: https://www.selenium.dev/documentation/webdriver/troubleshooting/errors#no-such-element-exception
Build info: version: '4.19.1', revision: 'abe0ee07dc'
System info: os.name: 'Windows 11', os.arch: 'amd64', os.version: '10.0', java.version: '17.0.5'
Driver info: io.appium.java_client.android.AndroidDriver
Command: [0436cc7c-ad72-425a-aa9c-97b2cd9a57ca, findElement {using=xpath, value=//android.widget.Button[@text ='']}]
Capabilities {appium:appActivity: com.riyadbank.strategic.Mai..., appium:appPackage: com.riyadbank.strategic, appium:autoGrantPermissions: true, appium:automationName: UiAutomator2, appium:clearDeviceLogsOnStart: true, appium:clearSystemFiles: false, appium:databaseEnabled: false, appium:desired: {appActivity: com.riyadbank.strategic.Mai..., appPackage: com.riyadbank.strategic, autoGrantPermissions: true, automationName: UiAutomator2, clearDeviceLogsOnStart: true, clearSystemFiles: false, deviceName: AhmedM, ignoreHiddenApiPolicyError: true, newCommandTimeout: 120000, noReset: true, noSign: true, platformName: ANDROID, platformVersion: 13, skipServerInstallation: false, skipUnlock: true, systemPort: 8200}, appium:deviceApiLevel: 33, appium:deviceManufacturer: OPPO, appium:deviceModel: CPH2159, appium:deviceName: 3468a9a9, appium:deviceScreenDensity: 480, appium:deviceScreenSize: 1080x2400, appium:deviceUDID: 3468a9a9, appium:ignoreHiddenApiPolicyError: true, appium:javascriptEnabled: true, appium:locationContextEnabled: false, appium:networkConnectionEnabled: true, appium:newCommandTimeout: 120000, appium:noReset: true, appium:noSign: true, appium:pixelRatio: 3, appium:platformVersion: 13, appium:skipServerInstallation: false, appium:skipUnlock: true, appium:statBarHeight: 107, appium:systemPort: 8200, appium:takesScreenshot: true, appium:viewportRect: {height: 2186, left: 0, top: 107, width: 1080}, appium:warnings: {}, appium:webStorageEnabled: false, platformName: ANDROID}
Session ID: 0436cc7c-ad72-425a-aa9c-97b2cd9a57ca
at jdk.internal.reflect.GeneratedConstructorAccessor54.newInstance(Unknown Source)
at java.base/jdk.internal.reflect.DelegatingConstructorAccessorImpl.newInstance(DelegatingConstructorAccessorImpl.java:45)
at java.base/java.lang.reflect.Constructor.newInstanceWithCaller(Constructor.java:499)
at java.base/java.lang.reflect.Constructor.newInstance(Constructor.java:480)
at org.openqa.selenium.remote.codec.w3c.W3CHttpResponseCodec.createException(W3CHttpResponseCodec.java:200)
at org.openqa.selenium.remote.codec.w3c.W3CHttpResponseCodec.decode(W3CHttpResponseCodec.java:133)
at org.openqa.selenium.remote.codec.w3c.W3CHttpResponseCodec.decode(W3CHttpResponseCodec.java:52)
at org.openqa.selenium.remote.HttpCommandExecutor.execute(HttpCommandExecutor.java:191)
at io.appium.java_client.remote.AppiumCommandExecutor.execute(AppiumCommandExecutor.java:250)
at org.openqa.selenium.remote.RemoteWebDriver.execute(RemoteWebDriver.java:602)
at org.openqa.selenium.remote.ElementLocation$ElementFinder$2.findElement(ElementLocation.java:165)
at org.openqa.selenium.remote.ElementLocation.findElement(ElementLocation.java:59)
at org.openqa.selenium.remote.RemoteWebDriver.findElement(RemoteWebDriver.java:359)
at org.openqa.selenium.remote.RemoteWebDriver.findElement(RemoteWebDriver.java:353)
at P03_Screens.CommenMethods.Back_To_Home_Screen(CommenMethods.java:117)
at P03_Screens.BillsGovermentPaymentScreen.Pay_Bill(BillsGovermentPaymentScreen.java:239)
at P01_Testcases.Regression.GOVERMENT_PAYMENT_PAY_BILL(Regression.java:350)
at java.base/jdk.internal.reflect.NativeMethodAccessorImpl.invoke0(Native Method)
at java.base/jdk.internal.reflect.NativeMethodAccessorImpl.invoke(NativeMethodAccessorImpl.java:77)
at java.base/jdk.internal.reflect.DelegatingMethodAccessorImpl.invoke(DelegatingMethodAccessorImpl.java:43)
at java.base/java.lang.reflect.Method.invoke(Method.java:568)
at org.testng.internal.invokers.MethodInvocationHelper.invokeMethod(MethodInvocationHelper.java:139)
at org.testng.internal.invokers.TestInvoker.invokeMethod(TestInvoker.java:664)
at org.testng.internal.invokers.TestInvoker.invokeTestMethod(TestInvoker.java:227)
at org.testng.internal.invokers.MethodRunner.runInSequence(MethodRunner.java:50)
at org.testng.internal.invokers.TestInvoker$MethodInvocationAgent.invoke(TestInvoker.java:957)
at org.testng.internal.invokers.TestInvoker.invokeTestMethods(TestInvoker.java:200)
at org.testng.internal.invokers.TestMethodWorker.invokeTestMethods(TestMethodWorker.java:148)
at org.testng.internal.invokers.TestMethodWorker.run(TestMethodWorker.java:128)
at java.base/java.util.ArrayList.forEach(ArrayList.java:1511)
at org.testng.TestRunner.privateRun(TestRunner.java:848)
at org.testng.TestRunner.run(TestRunner.java:621)
at org.testng.SuiteRunner.runTest(SuiteRunner.java:443)
at org.testng.SuiteRunner.runSequentially(SuiteRunner.java:437)
at org.testng.SuiteRunner.privateRun(SuiteRunner.java:397)
at org.testng.SuiteRunner.run(SuiteRunner.java:336)
at org.testng.SuiteRunnerWorker.runSuite(SuiteRunnerWorker.java:52)
at org.testng.SuiteRunnerWorker.run(SuiteRunnerWorker.java:95)
at org.testng.TestNG.runSuitesSequentially(TestNG.java:1280)
at org.testng.TestNG.runSuitesLocally(TestNG.java:1200)
at org.testng.TestNG.runSuites(TestNG.java:1114)
at org.testng.TestNG.run(TestNG.java:1082)
at org.testng.remote.AbstractRemoteTestNG.run(AbstractRemoteTestNG.java:115)
at org.testng.remote.RemoteTestNG.initAndRun(RemoteTestNG.java:251)
at org.testng.remote.RemoteTestNG.main(RemoteTestNG.java:77)
]]>
            </full-stacktrace>
          </exception> <!-- org.openqa.selenium.NoSuchElementException -->
          <reporter-output>
          </reporter-output>
        </test-method> <!-- GOVERMENT_PAYMENT_PAY_BILL -->
        <test-method is-config="true" signature="BeforeMethod(java.lang.reflect.Method)[pri:0, instance:P01_Testcases.Regression@673fdbce]" started-at="2024-04-22T11:50:38 AST" name="BeforeMethod" finished-at="2024-04-22T11:50:38 AST" duration-ms="0" status="PASS">
          <params>
            <param index="0">
              <value>
                <![CDATA[public void P01_Testcases.Regression.GOVERMENT_PAYMENT_PAY_BILL() throws java.io.IOException,java.lang.InterruptedException]]>
              </value>
            </param>
          </params>
          <reporter-output>
          </reporter-output>
        </test-method> <!-- BeforeMethod -->
        <test-method is-config="true" signature="BeforeMethod(java.lang.reflect.Method)[pri:0, instance:P01_Testcases.Regression@673fdbce]" started-at="2024-04-22T11:52:05 AST" name="BeforeMethod" finished-at="2024-04-22T11:52:05 AST" duration-ms="1" status="PASS">
          <params>
            <param index="0">
              <value>
                <![CDATA[public void P01_Testcases.Regression.LOGOUT() throws java.io.IOException,java.lang.InterruptedException]]>
              </value>
            </param>
          </params>
          <reporter-output>
          </reporter-output>
        </test-method> <!-- BeforeMethod -->
        <test-method signature="LOGOUT()[pri:55, instance:P01_Testcases.Regression@673fdbce]" started-at="2024-04-22T11:52:05 AST" name="LOGOUT" finished-at="2024-04-22T11:53:05 AST" duration-ms="60667" status="PASS">
          <reporter-output>
          </reporter-output>
        </test-method> <!-- LOGOUT -->
        <test-method is-config="true" signature="AfterSuite()[pri:0, instance:P01_Testcases.Regression@673fdbce]" started-at="2024-04-22T11:53:05 AST" name="AfterSuite" finished-at="2024-04-22T11:53:08 AST" duration-ms="2330" status="PASS">
          <reporter-output>
          </reporter-output>
        </test-method> <!-- AfterSuite -->
      </class> <!-- P01_Testcases.Regression -->
    </test> <!-- Android -->
  </suite> <!-- RMOB -->
</testng-results>
