<?xml version="1.0" encoding="UTF-8"?>
<!-- Generated by org.testng.reporters.JUnitXMLReporter -->
<testsuite ignored="0" hostname="Ahmad-AbuAli" failures="9" tests="13" name="Android" time="210.19" errors="0" timestamp="2024-03-28T03:44:26 AST">
  <testcase classname="P01_Testcases.Regression" name="Add_Money_Card_TopUp" time="60.538"/>
  <testcase classname="P01_Testcases.Regression" name="Add_Money_Local_Or_International" time="30.034"/>
  <testcase classname="P01_Testcases.Regression" name="Add_Money_Sadad_ID" time="20.165"/>
  <testcase classname="P01_Testcases.Regression" name="Send_Money_Bouki_Wallet" time="69.164"/>
  <testcase classname="P01_Testcases.Regression" name="Send_Money_Riyad_Bank_Account" time="13.077">
    <failure type="org.openqa.selenium.NoSuchSessionException" message="A session is either terminated or not started
Build info: version: &amp;apos;4.19.0&amp;apos;, revision: &amp;apos;5f9cec8963&amp;apos;
System info: os.name: &amp;apos;Windows 11&amp;apos;, os.arch: &amp;apos;amd64&amp;apos;, os.version: &amp;apos;10.0&amp;apos;, java.version: &amp;apos;17.0.5&amp;apos;
Driver info: io.appium.java_client.android.AndroidDriver
Command: [c1f56013-8416-47d0-a3e0-65846b5c7745, screenshot {}]
Capabilities {appium:appActivity: com.emcrey.bouki.MainActivity, appium:appPackage: com.emcrey.riyadbank.cert, appium:autoGrantPermissions: true, appium:automationName: UiAutomator2, appium:clearDeviceLogsOnStart: true, appium:clearSystemFiles: false, appium:databaseEnabled: false, appium:desired: {appActivity: com.emcrey.bouki.MainActivity, appPackage: com.emcrey.riyadbank.cert, autoGrantPermissions: true, automationName: UiAutomator2, clearDeviceLogsOnStart: true, clearSystemFiles: false, deviceName: AhmedM, ignoreHiddenApiPolicyError: true, noReset: true, noSign: true, platformName: ANDROID, platformVersion: 13, skipServerInstallation: false, skipUnlock: true, systemPort: 8200}, appium:deviceApiLevel: 33, appium:deviceManufacturer: OPPO, appium:deviceModel: CPH2159, appium:deviceName: 3468a9a9, appium:deviceScreenDensity: 480, appium:deviceScreenSize: 1080x2400, appium:deviceUDID: 3468a9a9, appium:ignoreHiddenApiPolicyError: true, appium:javascriptEnabled: true, appium:locationContextEnabled: false, appium:networkConnectionEnabled: true, appium:noReset: true, appium:noSign: true, appium:pixelRatio: 3, appium:platformVersion: 13, appium:skipServerInstallation: false, appium:skipUnlock: true, appium:statBarHeight: 107, appium:systemPort: 8200, appium:takesScreenshot: true, appium:viewportRect: {height: 2186, left: 0, top: 107, width: 1080}, appium:warnings: {}, appium:webStorageEnabled: false, platformName: ANDROID}
Session ID: c1f56013-8416-47d0-a3e0-65846b5c7745">
      <![CDATA[org.openqa.selenium.NoSuchSessionException: A session is either terminated or not started
Build info: version: '4.19.0', revision: '5f9cec8963'
System info: os.name: 'Windows 11', os.arch: 'amd64', os.version: '10.0', java.version: '17.0.5'
Driver info: io.appium.java_client.android.AndroidDriver
Command: [c1f56013-8416-47d0-a3e0-65846b5c7745, screenshot {}]
Capabilities {appium:appActivity: com.emcrey.bouki.MainActivity, appium:appPackage: com.emcrey.riyadbank.cert, appium:autoGrantPermissions: true, appium:automationName: UiAutomator2, appium:clearDeviceLogsOnStart: true, appium:clearSystemFiles: false, appium:databaseEnabled: false, appium:desired: {appActivity: com.emcrey.bouki.MainActivity, appPackage: com.emcrey.riyadbank.cert, autoGrantPermissions: true, automationName: UiAutomator2, clearDeviceLogsOnStart: true, clearSystemFiles: false, deviceName: AhmedM, ignoreHiddenApiPolicyError: true, noReset: true, noSign: true, platformName: ANDROID, platformVersion: 13, skipServerInstallation: false, skipUnlock: true, systemPort: 8200}, appium:deviceApiLevel: 33, appium:deviceManufacturer: OPPO, appium:deviceModel: CPH2159, appium:deviceName: 3468a9a9, appium:deviceScreenDensity: 480, appium:deviceScreenSize: 1080x2400, appium:deviceUDID: 3468a9a9, appium:ignoreHiddenApiPolicyError: true, appium:javascriptEnabled: true, appium:locationContextEnabled: false, appium:networkConnectionEnabled: true, appium:noReset: true, appium:noSign: true, appium:pixelRatio: 3, appium:platformVersion: 13, appium:skipServerInstallation: false, appium:skipUnlock: true, appium:statBarHeight: 107, appium:systemPort: 8200, appium:takesScreenshot: true, appium:viewportRect: {height: 2186, left: 0, top: 107, width: 1080}, appium:warnings: {}, appium:webStorageEnabled: false, platformName: ANDROID}
Session ID: c1f56013-8416-47d0-a3e0-65846b5c7745
at org.openqa.selenium.remote.codec.w3c.W3CHttpResponseCodec.createException(W3CHttpResponseCodec.java:200)
at org.openqa.selenium.remote.codec.w3c.W3CHttpResponseCodec.decode(W3CHttpResponseCodec.java:133)
at org.openqa.selenium.remote.codec.w3c.W3CHttpResponseCodec.decode(W3CHttpResponseCodec.java:52)
at org.openqa.selenium.remote.HttpCommandExecutor.execute(HttpCommandExecutor.java:191)
at io.appium.java_client.remote.AppiumCommandExecutor.execute(AppiumCommandExecutor.java:250)
at org.openqa.selenium.remote.RemoteWebDriver.execute(RemoteWebDriver.java:602)
at org.openqa.selenium.remote.RemoteWebDriver.execute(RemoteWebDriver.java:675)
at io.appium.java_client.AppiumDriver.execute(AppiumDriver.java:313)
at org.openqa.selenium.remote.RemoteWebDriver.getScreenshotAs(RemoteWebDriver.java:325)
at io.appium.java_client.AppiumDriver.getScreenshotAs(AppiumDriver.java:322)
at P01_Base.Base.Take_SscreenShot_Fail(Base.java:112)
at P03_Screens.SendMoneyScreen.Riyad_Bank_Account(SendMoneyScreen.java:151)
at P01_Testcases.Regression.Send_Money_Riyad_Bank_Account(Regression.java:62)
at java.base/java.util.ArrayList.forEach(ArrayList.java:1511)
... Removed 32 stack frames]]>
    </failure>
  </testcase> <!-- Send_Money_Riyad_Bank_Account -->
  <testcase classname="P01_Testcases.Regression" name="Send_Money_Other_Local_Banks" time="0.048">
    <failure type="org.openqa.selenium.NoSuchSessionException" message="A session is either terminated or not started
Build info: version: &amp;apos;4.19.0&amp;apos;, revision: &amp;apos;5f9cec8963&amp;apos;
System info: os.name: &amp;apos;Windows 11&amp;apos;, os.arch: &amp;apos;amd64&amp;apos;, os.version: &amp;apos;10.0&amp;apos;, java.version: &amp;apos;17.0.5&amp;apos;
Driver info: io.appium.java_client.android.AndroidDriver
Command: [c1f56013-8416-47d0-a3e0-65846b5c7745, screenshot {}]
Capabilities {appium:appActivity: com.emcrey.bouki.MainActivity, appium:appPackage: com.emcrey.riyadbank.cert, appium:autoGrantPermissions: true, appium:automationName: UiAutomator2, appium:clearDeviceLogsOnStart: true, appium:clearSystemFiles: false, appium:databaseEnabled: false, appium:desired: {appActivity: com.emcrey.bouki.MainActivity, appPackage: com.emcrey.riyadbank.cert, autoGrantPermissions: true, automationName: UiAutomator2, clearDeviceLogsOnStart: true, clearSystemFiles: false, deviceName: AhmedM, ignoreHiddenApiPolicyError: true, noReset: true, noSign: true, platformName: ANDROID, platformVersion: 13, skipServerInstallation: false, skipUnlock: true, systemPort: 8200}, appium:deviceApiLevel: 33, appium:deviceManufacturer: OPPO, appium:deviceModel: CPH2159, appium:deviceName: 3468a9a9, appium:deviceScreenDensity: 480, appium:deviceScreenSize: 1080x2400, appium:deviceUDID: 3468a9a9, appium:ignoreHiddenApiPolicyError: true, appium:javascriptEnabled: true, appium:locationContextEnabled: false, appium:networkConnectionEnabled: true, appium:noReset: true, appium:noSign: true, appium:pixelRatio: 3, appium:platformVersion: 13, appium:skipServerInstallation: false, appium:skipUnlock: true, appium:statBarHeight: 107, appium:systemPort: 8200, appium:takesScreenshot: true, appium:viewportRect: {height: 2186, left: 0, top: 107, width: 1080}, appium:warnings: {}, appium:webStorageEnabled: false, platformName: ANDROID}
Session ID: c1f56013-8416-47d0-a3e0-65846b5c7745">
      <![CDATA[org.openqa.selenium.NoSuchSessionException: A session is either terminated or not started
Build info: version: '4.19.0', revision: '5f9cec8963'
System info: os.name: 'Windows 11', os.arch: 'amd64', os.version: '10.0', java.version: '17.0.5'
Driver info: io.appium.java_client.android.AndroidDriver
Command: [c1f56013-8416-47d0-a3e0-65846b5c7745, screenshot {}]
Capabilities {appium:appActivity: com.emcrey.bouki.MainActivity, appium:appPackage: com.emcrey.riyadbank.cert, appium:autoGrantPermissions: true, appium:automationName: UiAutomator2, appium:clearDeviceLogsOnStart: true, appium:clearSystemFiles: false, appium:databaseEnabled: false, appium:desired: {appActivity: com.emcrey.bouki.MainActivity, appPackage: com.emcrey.riyadbank.cert, autoGrantPermissions: true, automationName: UiAutomator2, clearDeviceLogsOnStart: true, clearSystemFiles: false, deviceName: AhmedM, ignoreHiddenApiPolicyError: true, noReset: true, noSign: true, platformName: ANDROID, platformVersion: 13, skipServerInstallation: false, skipUnlock: true, systemPort: 8200}, appium:deviceApiLevel: 33, appium:deviceManufacturer: OPPO, appium:deviceModel: CPH2159, appium:deviceName: 3468a9a9, appium:deviceScreenDensity: 480, appium:deviceScreenSize: 1080x2400, appium:deviceUDID: 3468a9a9, appium:ignoreHiddenApiPolicyError: true, appium:javascriptEnabled: true, appium:locationContextEnabled: false, appium:networkConnectionEnabled: true, appium:noReset: true, appium:noSign: true, appium:pixelRatio: 3, appium:platformVersion: 13, appium:skipServerInstallation: false, appium:skipUnlock: true, appium:statBarHeight: 107, appium:systemPort: 8200, appium:takesScreenshot: true, appium:viewportRect: {height: 2186, left: 0, top: 107, width: 1080}, appium:warnings: {}, appium:webStorageEnabled: false, platformName: ANDROID}
Session ID: c1f56013-8416-47d0-a3e0-65846b5c7745
at org.openqa.selenium.remote.codec.w3c.W3CHttpResponseCodec.createException(W3CHttpResponseCodec.java:200)
at org.openqa.selenium.remote.codec.w3c.W3CHttpResponseCodec.decode(W3CHttpResponseCodec.java:133)
at org.openqa.selenium.remote.codec.w3c.W3CHttpResponseCodec.decode(W3CHttpResponseCodec.java:52)
at org.openqa.selenium.remote.HttpCommandExecutor.execute(HttpCommandExecutor.java:191)
at io.appium.java_client.remote.AppiumCommandExecutor.execute(AppiumCommandExecutor.java:250)
at org.openqa.selenium.remote.RemoteWebDriver.execute(RemoteWebDriver.java:602)
at org.openqa.selenium.remote.RemoteWebDriver.execute(RemoteWebDriver.java:675)
at io.appium.java_client.AppiumDriver.execute(AppiumDriver.java:313)
at org.openqa.selenium.remote.RemoteWebDriver.getScreenshotAs(RemoteWebDriver.java:325)
at io.appium.java_client.AppiumDriver.getScreenshotAs(AppiumDriver.java:322)
at P01_Base.Base.Take_SscreenShot_Fail(Base.java:112)
at P03_Screens.SendMoneyScreen.Other_Local_Banks(SendMoneyScreen.java:213)
at P01_Testcases.Regression.Send_Money_Other_Local_Banks(Regression.java:68)
at java.base/java.util.ArrayList.forEach(ArrayList.java:1511)
... Removed 32 stack frames]]>
    </failure>
  </testcase> <!-- Send_Money_Other_Local_Banks -->
  <testcase classname="P01_Testcases.Regression" name="Wallet_Show_Wallet_Details" time="3.02">
    <failure type="org.openqa.selenium.WebDriverException" message="Connection refused: no further information
Build info: version: &amp;apos;4.19.0&amp;apos;, revision: &amp;apos;5f9cec8963&amp;apos;
System info: os.name: &amp;apos;Windows 11&amp;apos;, os.arch: &amp;apos;amd64&amp;apos;, os.version: &amp;apos;10.0&amp;apos;, java.version: &amp;apos;17.0.5&amp;apos;
Driver info: io.appium.java_client.android.AndroidDriver
Command: [c1f56013-8416-47d0-a3e0-65846b5c7745, screenshot {}]
Capabilities {appium:appActivity: com.emcrey.bouki.MainActivity, appium:appPackage: com.emcrey.riyadbank.cert, appium:autoGrantPermissions: true, appium:automationName: UiAutomator2, appium:clearDeviceLogsOnStart: true, appium:clearSystemFiles: false, appium:databaseEnabled: false, appium:desired: {appActivity: com.emcrey.bouki.MainActivity, appPackage: com.emcrey.riyadbank.cert, autoGrantPermissions: true, automationName: UiAutomator2, clearDeviceLogsOnStart: true, clearSystemFiles: false, deviceName: AhmedM, ignoreHiddenApiPolicyError: true, noReset: true, noSign: true, platformName: ANDROID, platformVersion: 13, skipServerInstallation: false, skipUnlock: true, systemPort: 8200}, appium:deviceApiLevel: 33, appium:deviceManufacturer: OPPO, appium:deviceModel: CPH2159, appium:deviceName: 3468a9a9, appium:deviceScreenDensity: 480, appium:deviceScreenSize: 1080x2400, appium:deviceUDID: 3468a9a9, appium:ignoreHiddenApiPolicyError: true, appium:javascriptEnabled: true, appium:locationContextEnabled: false, appium:networkConnectionEnabled: true, appium:noReset: true, appium:noSign: true, appium:pixelRatio: 3, appium:platformVersion: 13, appium:skipServerInstallation: false, appium:skipUnlock: true, appium:statBarHeight: 107, appium:systemPort: 8200, appium:takesScreenshot: true, appium:viewportRect: {height: 2186, left: 0, top: 107, width: 1080}, appium:warnings: {}, appium:webStorageEnabled: false, platformName: ANDROID}
Session ID: c1f56013-8416-47d0-a3e0-65846b5c7745">
      <![CDATA[org.openqa.selenium.WebDriverException: Connection refused: no further information
Build info: version: '4.19.0', revision: '5f9cec8963'
System info: os.name: 'Windows 11', os.arch: 'amd64', os.version: '10.0', java.version: '17.0.5'
Driver info: io.appium.java_client.android.AndroidDriver
Command: [c1f56013-8416-47d0-a3e0-65846b5c7745, screenshot {}]
Capabilities {appium:appActivity: com.emcrey.bouki.MainActivity, appium:appPackage: com.emcrey.riyadbank.cert, appium:autoGrantPermissions: true, appium:automationName: UiAutomator2, appium:clearDeviceLogsOnStart: true, appium:clearSystemFiles: false, appium:databaseEnabled: false, appium:desired: {appActivity: com.emcrey.bouki.MainActivity, appPackage: com.emcrey.riyadbank.cert, autoGrantPermissions: true, automationName: UiAutomator2, clearDeviceLogsOnStart: true, clearSystemFiles: false, deviceName: AhmedM, ignoreHiddenApiPolicyError: true, noReset: true, noSign: true, platformName: ANDROID, platformVersion: 13, skipServerInstallation: false, skipUnlock: true, systemPort: 8200}, appium:deviceApiLevel: 33, appium:deviceManufacturer: OPPO, appium:deviceModel: CPH2159, appium:deviceName: 3468a9a9, appium:deviceScreenDensity: 480, appium:deviceScreenSize: 1080x2400, appium:deviceUDID: 3468a9a9, appium:ignoreHiddenApiPolicyError: true, appium:javascriptEnabled: true, appium:locationContextEnabled: false, appium:networkConnectionEnabled: true, appium:noReset: true, appium:noSign: true, appium:pixelRatio: 3, appium:platformVersion: 13, appium:skipServerInstallation: false, appium:skipUnlock: true, appium:statBarHeight: 107, appium:systemPort: 8200, appium:takesScreenshot: true, appium:viewportRect: {height: 2186, left: 0, top: 107, width: 1080}, appium:warnings: {}, appium:webStorageEnabled: false, platformName: ANDROID}
Session ID: c1f56013-8416-47d0-a3e0-65846b5c7745
at io.appium.java_client.remote.AppiumCommandExecutor.lambda$execute$4(AppiumCommandExecutor.java:262)
at java.base/java.util.Optional.orElseGet(Optional.java:364)
at io.appium.java_client.remote.AppiumCommandExecutor.execute(AppiumCommandExecutor.java:261)
at org.openqa.selenium.remote.RemoteWebDriver.execute(RemoteWebDriver.java:602)
at org.openqa.selenium.remote.RemoteWebDriver.execute(RemoteWebDriver.java:675)
at io.appium.java_client.AppiumDriver.execute(AppiumDriver.java:313)
at org.openqa.selenium.remote.RemoteWebDriver.getScreenshotAs(RemoteWebDriver.java:325)
at io.appium.java_client.AppiumDriver.getScreenshotAs(AppiumDriver.java:322)
at P01_Base.Base.Take_SscreenShot_Fail(Base.java:112)
at P03_Screens.WalletScreen.Show_Wallet_Details(WalletScreen.java:176)
at P01_Testcases.Regression.Wallet_Show_Wallet_Details(Regression.java:74)
at java.base/java.util.ArrayList.forEach(ArrayList.java:1511)
Caused by: java.net.ConnectException: Connection refused: no further information
at java.base/sun.nio.ch.Net.pollConnect(Native Method)
at java.base/sun.nio.ch.Net.pollConnectNow(Net.java:672)
at java.base/sun.nio.ch.SocketChannelImpl.finishConnect(SocketChannelImpl.java:946)
at io.netty.channel.socket.nio.NioSocketChannel.doFinishConnect(NioSocketChannel.java:337)
at io.netty.channel.nio.AbstractNioChannel$AbstractNioUnsafe.finishConnect(AbstractNioChannel.java:334)
at io.netty.channel.nio.NioEventLoop.processSelectedKey(NioEventLoop.java:776)
at io.netty.channel.nio.NioEventLoop.processSelectedKeysOptimized(NioEventLoop.java:724)
at io.netty.channel.nio.NioEventLoop.processSelectedKeys(NioEventLoop.java:650)
at io.netty.channel.nio.NioEventLoop.run(NioEventLoop.java:562)
at io.netty.util.concurrent.SingleThreadEventExecutor$4.run(SingleThreadEventExecutor.java:997)
at io.netty.util.internal.ThreadExecutorMap$2.run(ThreadExecutorMap.java:74)
at io.netty.util.concurrent.FastThreadLocalRunnable.run(FastThreadLocalRunnable.java:30)
at java.base/java.lang.Thread.run(Thread.java:833)
... Removed 27 stack frames]]>
    </failure>
  </testcase> <!-- Wallet_Show_Wallet_Details -->
  <testcase classname="P01_Testcases.Regression" name="Wallet_Show_Card_Details" time="3.028">
    <failure type="org.openqa.selenium.WebDriverException" message="Connection refused: no further information
Build info: version: &amp;apos;4.19.0&amp;apos;, revision: &amp;apos;5f9cec8963&amp;apos;
System info: os.name: &amp;apos;Windows 11&amp;apos;, os.arch: &amp;apos;amd64&amp;apos;, os.version: &amp;apos;10.0&amp;apos;, java.version: &amp;apos;17.0.5&amp;apos;
Driver info: io.appium.java_client.android.AndroidDriver
Command: [c1f56013-8416-47d0-a3e0-65846b5c7745, screenshot {}]
Capabilities {appium:appActivity: com.emcrey.bouki.MainActivity, appium:appPackage: com.emcrey.riyadbank.cert, appium:autoGrantPermissions: true, appium:automationName: UiAutomator2, appium:clearDeviceLogsOnStart: true, appium:clearSystemFiles: false, appium:databaseEnabled: false, appium:desired: {appActivity: com.emcrey.bouki.MainActivity, appPackage: com.emcrey.riyadbank.cert, autoGrantPermissions: true, automationName: UiAutomator2, clearDeviceLogsOnStart: true, clearSystemFiles: false, deviceName: AhmedM, ignoreHiddenApiPolicyError: true, noReset: true, noSign: true, platformName: ANDROID, platformVersion: 13, skipServerInstallation: false, skipUnlock: true, systemPort: 8200}, appium:deviceApiLevel: 33, appium:deviceManufacturer: OPPO, appium:deviceModel: CPH2159, appium:deviceName: 3468a9a9, appium:deviceScreenDensity: 480, appium:deviceScreenSize: 1080x2400, appium:deviceUDID: 3468a9a9, appium:ignoreHiddenApiPolicyError: true, appium:javascriptEnabled: true, appium:locationContextEnabled: false, appium:networkConnectionEnabled: true, appium:noReset: true, appium:noSign: true, appium:pixelRatio: 3, appium:platformVersion: 13, appium:skipServerInstallation: false, appium:skipUnlock: true, appium:statBarHeight: 107, appium:systemPort: 8200, appium:takesScreenshot: true, appium:viewportRect: {height: 2186, left: 0, top: 107, width: 1080}, appium:warnings: {}, appium:webStorageEnabled: false, platformName: ANDROID}
Session ID: c1f56013-8416-47d0-a3e0-65846b5c7745">
      <![CDATA[org.openqa.selenium.WebDriverException: Connection refused: no further information
Build info: version: '4.19.0', revision: '5f9cec8963'
System info: os.name: 'Windows 11', os.arch: 'amd64', os.version: '10.0', java.version: '17.0.5'
Driver info: io.appium.java_client.android.AndroidDriver
Command: [c1f56013-8416-47d0-a3e0-65846b5c7745, screenshot {}]
Capabilities {appium:appActivity: com.emcrey.bouki.MainActivity, appium:appPackage: com.emcrey.riyadbank.cert, appium:autoGrantPermissions: true, appium:automationName: UiAutomator2, appium:clearDeviceLogsOnStart: true, appium:clearSystemFiles: false, appium:databaseEnabled: false, appium:desired: {appActivity: com.emcrey.bouki.MainActivity, appPackage: com.emcrey.riyadbank.cert, autoGrantPermissions: true, automationName: UiAutomator2, clearDeviceLogsOnStart: true, clearSystemFiles: false, deviceName: AhmedM, ignoreHiddenApiPolicyError: true, noReset: true, noSign: true, platformName: ANDROID, platformVersion: 13, skipServerInstallation: false, skipUnlock: true, systemPort: 8200}, appium:deviceApiLevel: 33, appium:deviceManufacturer: OPPO, appium:deviceModel: CPH2159, appium:deviceName: 3468a9a9, appium:deviceScreenDensity: 480, appium:deviceScreenSize: 1080x2400, appium:deviceUDID: 3468a9a9, appium:ignoreHiddenApiPolicyError: true, appium:javascriptEnabled: true, appium:locationContextEnabled: false, appium:networkConnectionEnabled: true, appium:noReset: true, appium:noSign: true, appium:pixelRatio: 3, appium:platformVersion: 13, appium:skipServerInstallation: false, appium:skipUnlock: true, appium:statBarHeight: 107, appium:systemPort: 8200, appium:takesScreenshot: true, appium:viewportRect: {height: 2186, left: 0, top: 107, width: 1080}, appium:warnings: {}, appium:webStorageEnabled: false, platformName: ANDROID}
Session ID: c1f56013-8416-47d0-a3e0-65846b5c7745
at io.appium.java_client.remote.AppiumCommandExecutor.lambda$execute$4(AppiumCommandExecutor.java:262)
at java.base/java.util.Optional.orElseGet(Optional.java:364)
at io.appium.java_client.remote.AppiumCommandExecutor.execute(AppiumCommandExecutor.java:261)
at org.openqa.selenium.remote.RemoteWebDriver.execute(RemoteWebDriver.java:602)
at org.openqa.selenium.remote.RemoteWebDriver.execute(RemoteWebDriver.java:675)
at io.appium.java_client.AppiumDriver.execute(AppiumDriver.java:313)
at org.openqa.selenium.remote.RemoteWebDriver.getScreenshotAs(RemoteWebDriver.java:325)
at io.appium.java_client.AppiumDriver.getScreenshotAs(AppiumDriver.java:322)
at P01_Base.Base.Take_SscreenShot_Fail(Base.java:112)
at P03_Screens.WalletScreen.Show_Card_Details(WalletScreen.java:214)
at P01_Testcases.Regression.Wallet_Show_Card_Details(Regression.java:79)
at java.base/java.util.ArrayList.forEach(ArrayList.java:1511)
Caused by: java.net.ConnectException: Connection refused: no further information
at java.base/sun.nio.ch.Net.pollConnect(Native Method)
at java.base/sun.nio.ch.Net.pollConnectNow(Net.java:672)
at java.base/sun.nio.ch.SocketChannelImpl.finishConnect(SocketChannelImpl.java:946)
at io.netty.channel.socket.nio.NioSocketChannel.doFinishConnect(NioSocketChannel.java:337)
at io.netty.channel.nio.AbstractNioChannel$AbstractNioUnsafe.finishConnect(AbstractNioChannel.java:334)
at io.netty.channel.nio.NioEventLoop.processSelectedKey(NioEventLoop.java:776)
at io.netty.channel.nio.NioEventLoop.processSelectedKeysOptimized(NioEventLoop.java:724)
at io.netty.channel.nio.NioEventLoop.processSelectedKeys(NioEventLoop.java:650)
at io.netty.channel.nio.NioEventLoop.run(NioEventLoop.java:562)
at io.netty.util.concurrent.SingleThreadEventExecutor$4.run(SingleThreadEventExecutor.java:997)
at io.netty.util.internal.ThreadExecutorMap$2.run(ThreadExecutorMap.java:74)
at io.netty.util.concurrent.FastThreadLocalRunnable.run(FastThreadLocalRunnable.java:30)
at java.base/java.lang.Thread.run(Thread.java:833)
... Removed 27 stack frames]]>
    </failure>
  </testcase> <!-- Wallet_Show_Card_Details -->
  <testcase classname="P01_Testcases.Regression" name="Wallet_Show_Card_Pin" time="3.022">
    <failure type="org.openqa.selenium.WebDriverException" message="Connection refused: no further information
Build info: version: &amp;apos;4.19.0&amp;apos;, revision: &amp;apos;5f9cec8963&amp;apos;
System info: os.name: &amp;apos;Windows 11&amp;apos;, os.arch: &amp;apos;amd64&amp;apos;, os.version: &amp;apos;10.0&amp;apos;, java.version: &amp;apos;17.0.5&amp;apos;
Driver info: io.appium.java_client.android.AndroidDriver
Command: [c1f56013-8416-47d0-a3e0-65846b5c7745, screenshot {}]
Capabilities {appium:appActivity: com.emcrey.bouki.MainActivity, appium:appPackage: com.emcrey.riyadbank.cert, appium:autoGrantPermissions: true, appium:automationName: UiAutomator2, appium:clearDeviceLogsOnStart: true, appium:clearSystemFiles: false, appium:databaseEnabled: false, appium:desired: {appActivity: com.emcrey.bouki.MainActivity, appPackage: com.emcrey.riyadbank.cert, autoGrantPermissions: true, automationName: UiAutomator2, clearDeviceLogsOnStart: true, clearSystemFiles: false, deviceName: AhmedM, ignoreHiddenApiPolicyError: true, noReset: true, noSign: true, platformName: ANDROID, platformVersion: 13, skipServerInstallation: false, skipUnlock: true, systemPort: 8200}, appium:deviceApiLevel: 33, appium:deviceManufacturer: OPPO, appium:deviceModel: CPH2159, appium:deviceName: 3468a9a9, appium:deviceScreenDensity: 480, appium:deviceScreenSize: 1080x2400, appium:deviceUDID: 3468a9a9, appium:ignoreHiddenApiPolicyError: true, appium:javascriptEnabled: true, appium:locationContextEnabled: false, appium:networkConnectionEnabled: true, appium:noReset: true, appium:noSign: true, appium:pixelRatio: 3, appium:platformVersion: 13, appium:skipServerInstallation: false, appium:skipUnlock: true, appium:statBarHeight: 107, appium:systemPort: 8200, appium:takesScreenshot: true, appium:viewportRect: {height: 2186, left: 0, top: 107, width: 1080}, appium:warnings: {}, appium:webStorageEnabled: false, platformName: ANDROID}
Session ID: c1f56013-8416-47d0-a3e0-65846b5c7745">
      <![CDATA[org.openqa.selenium.WebDriverException: Connection refused: no further information
Build info: version: '4.19.0', revision: '5f9cec8963'
System info: os.name: 'Windows 11', os.arch: 'amd64', os.version: '10.0', java.version: '17.0.5'
Driver info: io.appium.java_client.android.AndroidDriver
Command: [c1f56013-8416-47d0-a3e0-65846b5c7745, screenshot {}]
Capabilities {appium:appActivity: com.emcrey.bouki.MainActivity, appium:appPackage: com.emcrey.riyadbank.cert, appium:autoGrantPermissions: true, appium:automationName: UiAutomator2, appium:clearDeviceLogsOnStart: true, appium:clearSystemFiles: false, appium:databaseEnabled: false, appium:desired: {appActivity: com.emcrey.bouki.MainActivity, appPackage: com.emcrey.riyadbank.cert, autoGrantPermissions: true, automationName: UiAutomator2, clearDeviceLogsOnStart: true, clearSystemFiles: false, deviceName: AhmedM, ignoreHiddenApiPolicyError: true, noReset: true, noSign: true, platformName: ANDROID, platformVersion: 13, skipServerInstallation: false, skipUnlock: true, systemPort: 8200}, appium:deviceApiLevel: 33, appium:deviceManufacturer: OPPO, appium:deviceModel: CPH2159, appium:deviceName: 3468a9a9, appium:deviceScreenDensity: 480, appium:deviceScreenSize: 1080x2400, appium:deviceUDID: 3468a9a9, appium:ignoreHiddenApiPolicyError: true, appium:javascriptEnabled: true, appium:locationContextEnabled: false, appium:networkConnectionEnabled: true, appium:noReset: true, appium:noSign: true, appium:pixelRatio: 3, appium:platformVersion: 13, appium:skipServerInstallation: false, appium:skipUnlock: true, appium:statBarHeight: 107, appium:systemPort: 8200, appium:takesScreenshot: true, appium:viewportRect: {height: 2186, left: 0, top: 107, width: 1080}, appium:warnings: {}, appium:webStorageEnabled: false, platformName: ANDROID}
Session ID: c1f56013-8416-47d0-a3e0-65846b5c7745
at io.appium.java_client.remote.AppiumCommandExecutor.lambda$execute$4(AppiumCommandExecutor.java:262)
at java.base/java.util.Optional.orElseGet(Optional.java:364)
at io.appium.java_client.remote.AppiumCommandExecutor.execute(AppiumCommandExecutor.java:261)
at org.openqa.selenium.remote.RemoteWebDriver.execute(RemoteWebDriver.java:602)
at org.openqa.selenium.remote.RemoteWebDriver.execute(RemoteWebDriver.java:675)
at io.appium.java_client.AppiumDriver.execute(AppiumDriver.java:313)
at org.openqa.selenium.remote.RemoteWebDriver.getScreenshotAs(RemoteWebDriver.java:325)
at io.appium.java_client.AppiumDriver.getScreenshotAs(AppiumDriver.java:322)
at P01_Base.Base.Take_SscreenShot_Fail(Base.java:112)
at P03_Screens.WalletScreen.Show_Card_Pin(WalletScreen.java:260)
at P01_Testcases.Regression.Wallet_Show_Card_Pin(Regression.java:84)
at java.base/java.util.ArrayList.forEach(ArrayList.java:1511)
Caused by: java.net.ConnectException: Connection refused: no further information
at java.base/sun.nio.ch.Net.pollConnect(Native Method)
at java.base/sun.nio.ch.Net.pollConnectNow(Net.java:672)
at java.base/sun.nio.ch.SocketChannelImpl.finishConnect(SocketChannelImpl.java:946)
at io.netty.channel.socket.nio.NioSocketChannel.doFinishConnect(NioSocketChannel.java:337)
at io.netty.channel.nio.AbstractNioChannel$AbstractNioUnsafe.finishConnect(AbstractNioChannel.java:334)
at io.netty.channel.nio.NioEventLoop.processSelectedKey(NioEventLoop.java:776)
at io.netty.channel.nio.NioEventLoop.processSelectedKeysOptimized(NioEventLoop.java:724)
at io.netty.channel.nio.NioEventLoop.processSelectedKeys(NioEventLoop.java:650)
at io.netty.channel.nio.NioEventLoop.run(NioEventLoop.java:562)
at io.netty.util.concurrent.SingleThreadEventExecutor$4.run(SingleThreadEventExecutor.java:997)
at io.netty.util.internal.ThreadExecutorMap$2.run(ThreadExecutorMap.java:74)
at io.netty.util.concurrent.FastThreadLocalRunnable.run(FastThreadLocalRunnable.java:30)
at java.base/java.lang.Thread.run(Thread.java:833)
... Removed 27 stack frames]]>
    </failure>
  </testcase> <!-- Wallet_Show_Card_Pin -->
  <testcase classname="P01_Testcases.Regression" name="Manage_Beneficiaries_Bouki_Wallet_Beneficiaries" time="0.016">
    <failure type="org.openqa.selenium.WebDriverException" message="Connection refused: no further information
Build info: version: &amp;apos;4.19.0&amp;apos;, revision: &amp;apos;5f9cec8963&amp;apos;
System info: os.name: &amp;apos;Windows 11&amp;apos;, os.arch: &amp;apos;amd64&amp;apos;, os.version: &amp;apos;10.0&amp;apos;, java.version: &amp;apos;17.0.5&amp;apos;
Driver info: io.appium.java_client.android.AndroidDriver
Command: [c1f56013-8416-47d0-a3e0-65846b5c7745, screenshot {}]
Capabilities {appium:appActivity: com.emcrey.bouki.MainActivity, appium:appPackage: com.emcrey.riyadbank.cert, appium:autoGrantPermissions: true, appium:automationName: UiAutomator2, appium:clearDeviceLogsOnStart: true, appium:clearSystemFiles: false, appium:databaseEnabled: false, appium:desired: {appActivity: com.emcrey.bouki.MainActivity, appPackage: com.emcrey.riyadbank.cert, autoGrantPermissions: true, automationName: UiAutomator2, clearDeviceLogsOnStart: true, clearSystemFiles: false, deviceName: AhmedM, ignoreHiddenApiPolicyError: true, noReset: true, noSign: true, platformName: ANDROID, platformVersion: 13, skipServerInstallation: false, skipUnlock: true, systemPort: 8200}, appium:deviceApiLevel: 33, appium:deviceManufacturer: OPPO, appium:deviceModel: CPH2159, appium:deviceName: 3468a9a9, appium:deviceScreenDensity: 480, appium:deviceScreenSize: 1080x2400, appium:deviceUDID: 3468a9a9, appium:ignoreHiddenApiPolicyError: true, appium:javascriptEnabled: true, appium:locationContextEnabled: false, appium:networkConnectionEnabled: true, appium:noReset: true, appium:noSign: true, appium:pixelRatio: 3, appium:platformVersion: 13, appium:skipServerInstallation: false, appium:skipUnlock: true, appium:statBarHeight: 107, appium:systemPort: 8200, appium:takesScreenshot: true, appium:viewportRect: {height: 2186, left: 0, top: 107, width: 1080}, appium:warnings: {}, appium:webStorageEnabled: false, platformName: ANDROID}
Session ID: c1f56013-8416-47d0-a3e0-65846b5c7745">
      <![CDATA[org.openqa.selenium.WebDriverException: Connection refused: no further information
Build info: version: '4.19.0', revision: '5f9cec8963'
System info: os.name: 'Windows 11', os.arch: 'amd64', os.version: '10.0', java.version: '17.0.5'
Driver info: io.appium.java_client.android.AndroidDriver
Command: [c1f56013-8416-47d0-a3e0-65846b5c7745, screenshot {}]
Capabilities {appium:appActivity: com.emcrey.bouki.MainActivity, appium:appPackage: com.emcrey.riyadbank.cert, appium:autoGrantPermissions: true, appium:automationName: UiAutomator2, appium:clearDeviceLogsOnStart: true, appium:clearSystemFiles: false, appium:databaseEnabled: false, appium:desired: {appActivity: com.emcrey.bouki.MainActivity, appPackage: com.emcrey.riyadbank.cert, autoGrantPermissions: true, automationName: UiAutomator2, clearDeviceLogsOnStart: true, clearSystemFiles: false, deviceName: AhmedM, ignoreHiddenApiPolicyError: true, noReset: true, noSign: true, platformName: ANDROID, platformVersion: 13, skipServerInstallation: false, skipUnlock: true, systemPort: 8200}, appium:deviceApiLevel: 33, appium:deviceManufacturer: OPPO, appium:deviceModel: CPH2159, appium:deviceName: 3468a9a9, appium:deviceScreenDensity: 480, appium:deviceScreenSize: 1080x2400, appium:deviceUDID: 3468a9a9, appium:ignoreHiddenApiPolicyError: true, appium:javascriptEnabled: true, appium:locationContextEnabled: false, appium:networkConnectionEnabled: true, appium:noReset: true, appium:noSign: true, appium:pixelRatio: 3, appium:platformVersion: 13, appium:skipServerInstallation: false, appium:skipUnlock: true, appium:statBarHeight: 107, appium:systemPort: 8200, appium:takesScreenshot: true, appium:viewportRect: {height: 2186, left: 0, top: 107, width: 1080}, appium:warnings: {}, appium:webStorageEnabled: false, platformName: ANDROID}
Session ID: c1f56013-8416-47d0-a3e0-65846b5c7745
at io.appium.java_client.remote.AppiumCommandExecutor.lambda$execute$4(AppiumCommandExecutor.java:262)
at java.base/java.util.Optional.orElseGet(Optional.java:364)
at io.appium.java_client.remote.AppiumCommandExecutor.execute(AppiumCommandExecutor.java:261)
at org.openqa.selenium.remote.RemoteWebDriver.execute(RemoteWebDriver.java:602)
at org.openqa.selenium.remote.RemoteWebDriver.execute(RemoteWebDriver.java:675)
at io.appium.java_client.AppiumDriver.execute(AppiumDriver.java:313)
at org.openqa.selenium.remote.RemoteWebDriver.getScreenshotAs(RemoteWebDriver.java:325)
at io.appium.java_client.AppiumDriver.getScreenshotAs(AppiumDriver.java:322)
at P01_Base.Base.Take_SscreenShot_Fail(Base.java:112)
at P03_Screens.ProfileScreen.Bouki_Wallet_Beneficiaries(ProfileScreen.java:181)
at P01_Testcases.Regression.Manage_Beneficiaries_Bouki_Wallet_Beneficiaries(Regression.java:89)
at java.base/java.util.ArrayList.forEach(ArrayList.java:1511)
Caused by: java.net.ConnectException: Connection refused: no further information
at java.base/sun.nio.ch.Net.pollConnect(Native Method)
at java.base/sun.nio.ch.Net.pollConnectNow(Net.java:672)
at java.base/sun.nio.ch.SocketChannelImpl.finishConnect(SocketChannelImpl.java:946)
at io.netty.channel.socket.nio.NioSocketChannel.doFinishConnect(NioSocketChannel.java:337)
at io.netty.channel.nio.AbstractNioChannel$AbstractNioUnsafe.finishConnect(AbstractNioChannel.java:334)
at io.netty.channel.nio.NioEventLoop.processSelectedKey(NioEventLoop.java:776)
at io.netty.channel.nio.NioEventLoop.processSelectedKeysOptimized(NioEventLoop.java:724)
at io.netty.channel.nio.NioEventLoop.processSelectedKeys(NioEventLoop.java:650)
at io.netty.channel.nio.NioEventLoop.run(NioEventLoop.java:562)
at io.netty.util.concurrent.SingleThreadEventExecutor$4.run(SingleThreadEventExecutor.java:997)
at io.netty.util.internal.ThreadExecutorMap$2.run(ThreadExecutorMap.java:74)
at io.netty.util.concurrent.FastThreadLocalRunnable.run(FastThreadLocalRunnable.java:30)
at java.base/java.lang.Thread.run(Thread.java:833)
... Removed 27 stack frames]]>
    </failure>
  </testcase> <!-- Manage_Beneficiaries_Bouki_Wallet_Beneficiaries -->
  <testcase classname="P01_Testcases.Regression" name="Manage_Beneficiaries_Riyad_Bank_Beneficiaries" time="0.015">
    <failure type="org.openqa.selenium.WebDriverException" message="Connection refused: no further information
Build info: version: &amp;apos;4.19.0&amp;apos;, revision: &amp;apos;5f9cec8963&amp;apos;
System info: os.name: &amp;apos;Windows 11&amp;apos;, os.arch: &amp;apos;amd64&amp;apos;, os.version: &amp;apos;10.0&amp;apos;, java.version: &amp;apos;17.0.5&amp;apos;
Driver info: io.appium.java_client.android.AndroidDriver
Command: [c1f56013-8416-47d0-a3e0-65846b5c7745, screenshot {}]
Capabilities {appium:appActivity: com.emcrey.bouki.MainActivity, appium:appPackage: com.emcrey.riyadbank.cert, appium:autoGrantPermissions: true, appium:automationName: UiAutomator2, appium:clearDeviceLogsOnStart: true, appium:clearSystemFiles: false, appium:databaseEnabled: false, appium:desired: {appActivity: com.emcrey.bouki.MainActivity, appPackage: com.emcrey.riyadbank.cert, autoGrantPermissions: true, automationName: UiAutomator2, clearDeviceLogsOnStart: true, clearSystemFiles: false, deviceName: AhmedM, ignoreHiddenApiPolicyError: true, noReset: true, noSign: true, platformName: ANDROID, platformVersion: 13, skipServerInstallation: false, skipUnlock: true, systemPort: 8200}, appium:deviceApiLevel: 33, appium:deviceManufacturer: OPPO, appium:deviceModel: CPH2159, appium:deviceName: 3468a9a9, appium:deviceScreenDensity: 480, appium:deviceScreenSize: 1080x2400, appium:deviceUDID: 3468a9a9, appium:ignoreHiddenApiPolicyError: true, appium:javascriptEnabled: true, appium:locationContextEnabled: false, appium:networkConnectionEnabled: true, appium:noReset: true, appium:noSign: true, appium:pixelRatio: 3, appium:platformVersion: 13, appium:skipServerInstallation: false, appium:skipUnlock: true, appium:statBarHeight: 107, appium:systemPort: 8200, appium:takesScreenshot: true, appium:viewportRect: {height: 2186, left: 0, top: 107, width: 1080}, appium:warnings: {}, appium:webStorageEnabled: false, platformName: ANDROID}
Session ID: c1f56013-8416-47d0-a3e0-65846b5c7745">
      <![CDATA[org.openqa.selenium.WebDriverException: Connection refused: no further information
Build info: version: '4.19.0', revision: '5f9cec8963'
System info: os.name: 'Windows 11', os.arch: 'amd64', os.version: '10.0', java.version: '17.0.5'
Driver info: io.appium.java_client.android.AndroidDriver
Command: [c1f56013-8416-47d0-a3e0-65846b5c7745, screenshot {}]
Capabilities {appium:appActivity: com.emcrey.bouki.MainActivity, appium:appPackage: com.emcrey.riyadbank.cert, appium:autoGrantPermissions: true, appium:automationName: UiAutomator2, appium:clearDeviceLogsOnStart: true, appium:clearSystemFiles: false, appium:databaseEnabled: false, appium:desired: {appActivity: com.emcrey.bouki.MainActivity, appPackage: com.emcrey.riyadbank.cert, autoGrantPermissions: true, automationName: UiAutomator2, clearDeviceLogsOnStart: true, clearSystemFiles: false, deviceName: AhmedM, ignoreHiddenApiPolicyError: true, noReset: true, noSign: true, platformName: ANDROID, platformVersion: 13, skipServerInstallation: false, skipUnlock: true, systemPort: 8200}, appium:deviceApiLevel: 33, appium:deviceManufacturer: OPPO, appium:deviceModel: CPH2159, appium:deviceName: 3468a9a9, appium:deviceScreenDensity: 480, appium:deviceScreenSize: 1080x2400, appium:deviceUDID: 3468a9a9, appium:ignoreHiddenApiPolicyError: true, appium:javascriptEnabled: true, appium:locationContextEnabled: false, appium:networkConnectionEnabled: true, appium:noReset: true, appium:noSign: true, appium:pixelRatio: 3, appium:platformVersion: 13, appium:skipServerInstallation: false, appium:skipUnlock: true, appium:statBarHeight: 107, appium:systemPort: 8200, appium:takesScreenshot: true, appium:viewportRect: {height: 2186, left: 0, top: 107, width: 1080}, appium:warnings: {}, appium:webStorageEnabled: false, platformName: ANDROID}
Session ID: c1f56013-8416-47d0-a3e0-65846b5c7745
at io.appium.java_client.remote.AppiumCommandExecutor.lambda$execute$4(AppiumCommandExecutor.java:262)
at java.base/java.util.Optional.orElseGet(Optional.java:364)
at io.appium.java_client.remote.AppiumCommandExecutor.execute(AppiumCommandExecutor.java:261)
at org.openqa.selenium.remote.RemoteWebDriver.execute(RemoteWebDriver.java:602)
at org.openqa.selenium.remote.RemoteWebDriver.execute(RemoteWebDriver.java:675)
at io.appium.java_client.AppiumDriver.execute(AppiumDriver.java:313)
at org.openqa.selenium.remote.RemoteWebDriver.getScreenshotAs(RemoteWebDriver.java:325)
at io.appium.java_client.AppiumDriver.getScreenshotAs(AppiumDriver.java:322)
at P01_Base.Base.Take_SscreenShot_Fail(Base.java:112)
at P03_Screens.ProfileScreen.Riyad_Bank_Beneficiaries(ProfileScreen.java:256)
at P01_Testcases.Regression.Manage_Beneficiaries_Riyad_Bank_Beneficiaries(Regression.java:94)
at java.base/java.util.ArrayList.forEach(ArrayList.java:1511)
Caused by: java.net.ConnectException: Connection refused: no further information
at java.base/sun.nio.ch.Net.pollConnect(Native Method)
at java.base/sun.nio.ch.Net.pollConnectNow(Net.java:672)
at java.base/sun.nio.ch.SocketChannelImpl.finishConnect(SocketChannelImpl.java:946)
at io.netty.channel.socket.nio.NioSocketChannel.doFinishConnect(NioSocketChannel.java:337)
at io.netty.channel.nio.AbstractNioChannel$AbstractNioUnsafe.finishConnect(AbstractNioChannel.java:334)
at io.netty.channel.nio.NioEventLoop.processSelectedKey(NioEventLoop.java:776)
at io.netty.channel.nio.NioEventLoop.processSelectedKeysOptimized(NioEventLoop.java:724)
at io.netty.channel.nio.NioEventLoop.processSelectedKeys(NioEventLoop.java:650)
at io.netty.channel.nio.NioEventLoop.run(NioEventLoop.java:562)
at io.netty.util.concurrent.SingleThreadEventExecutor$4.run(SingleThreadEventExecutor.java:997)
at io.netty.util.internal.ThreadExecutorMap$2.run(ThreadExecutorMap.java:74)
at io.netty.util.concurrent.FastThreadLocalRunnable.run(FastThreadLocalRunnable.java:30)
at java.base/java.lang.Thread.run(Thread.java:833)
... Removed 27 stack frames]]>
    </failure>
  </testcase> <!-- Manage_Beneficiaries_Riyad_Bank_Beneficiaries -->
  <testcase classname="P01_Testcases.Regression" name="Manage_Beneficiaries_Local_Bank_Beneficiaries" time="0.016">
    <failure type="org.openqa.selenium.WebDriverException" message="Connection refused: no further information
Build info: version: &amp;apos;4.19.0&amp;apos;, revision: &amp;apos;5f9cec8963&amp;apos;
System info: os.name: &amp;apos;Windows 11&amp;apos;, os.arch: &amp;apos;amd64&amp;apos;, os.version: &amp;apos;10.0&amp;apos;, java.version: &amp;apos;17.0.5&amp;apos;
Driver info: io.appium.java_client.android.AndroidDriver
Command: [c1f56013-8416-47d0-a3e0-65846b5c7745, screenshot {}]
Capabilities {appium:appActivity: com.emcrey.bouki.MainActivity, appium:appPackage: com.emcrey.riyadbank.cert, appium:autoGrantPermissions: true, appium:automationName: UiAutomator2, appium:clearDeviceLogsOnStart: true, appium:clearSystemFiles: false, appium:databaseEnabled: false, appium:desired: {appActivity: com.emcrey.bouki.MainActivity, appPackage: com.emcrey.riyadbank.cert, autoGrantPermissions: true, automationName: UiAutomator2, clearDeviceLogsOnStart: true, clearSystemFiles: false, deviceName: AhmedM, ignoreHiddenApiPolicyError: true, noReset: true, noSign: true, platformName: ANDROID, platformVersion: 13, skipServerInstallation: false, skipUnlock: true, systemPort: 8200}, appium:deviceApiLevel: 33, appium:deviceManufacturer: OPPO, appium:deviceModel: CPH2159, appium:deviceName: 3468a9a9, appium:deviceScreenDensity: 480, appium:deviceScreenSize: 1080x2400, appium:deviceUDID: 3468a9a9, appium:ignoreHiddenApiPolicyError: true, appium:javascriptEnabled: true, appium:locationContextEnabled: false, appium:networkConnectionEnabled: true, appium:noReset: true, appium:noSign: true, appium:pixelRatio: 3, appium:platformVersion: 13, appium:skipServerInstallation: false, appium:skipUnlock: true, appium:statBarHeight: 107, appium:systemPort: 8200, appium:takesScreenshot: true, appium:viewportRect: {height: 2186, left: 0, top: 107, width: 1080}, appium:warnings: {}, appium:webStorageEnabled: false, platformName: ANDROID}
Session ID: c1f56013-8416-47d0-a3e0-65846b5c7745">
      <![CDATA[org.openqa.selenium.WebDriverException: Connection refused: no further information
Build info: version: '4.19.0', revision: '5f9cec8963'
System info: os.name: 'Windows 11', os.arch: 'amd64', os.version: '10.0', java.version: '17.0.5'
Driver info: io.appium.java_client.android.AndroidDriver
Command: [c1f56013-8416-47d0-a3e0-65846b5c7745, screenshot {}]
Capabilities {appium:appActivity: com.emcrey.bouki.MainActivity, appium:appPackage: com.emcrey.riyadbank.cert, appium:autoGrantPermissions: true, appium:automationName: UiAutomator2, appium:clearDeviceLogsOnStart: true, appium:clearSystemFiles: false, appium:databaseEnabled: false, appium:desired: {appActivity: com.emcrey.bouki.MainActivity, appPackage: com.emcrey.riyadbank.cert, autoGrantPermissions: true, automationName: UiAutomator2, clearDeviceLogsOnStart: true, clearSystemFiles: false, deviceName: AhmedM, ignoreHiddenApiPolicyError: true, noReset: true, noSign: true, platformName: ANDROID, platformVersion: 13, skipServerInstallation: false, skipUnlock: true, systemPort: 8200}, appium:deviceApiLevel: 33, appium:deviceManufacturer: OPPO, appium:deviceModel: CPH2159, appium:deviceName: 3468a9a9, appium:deviceScreenDensity: 480, appium:deviceScreenSize: 1080x2400, appium:deviceUDID: 3468a9a9, appium:ignoreHiddenApiPolicyError: true, appium:javascriptEnabled: true, appium:locationContextEnabled: false, appium:networkConnectionEnabled: true, appium:noReset: true, appium:noSign: true, appium:pixelRatio: 3, appium:platformVersion: 13, appium:skipServerInstallation: false, appium:skipUnlock: true, appium:statBarHeight: 107, appium:systemPort: 8200, appium:takesScreenshot: true, appium:viewportRect: {height: 2186, left: 0, top: 107, width: 1080}, appium:warnings: {}, appium:webStorageEnabled: false, platformName: ANDROID}
Session ID: c1f56013-8416-47d0-a3e0-65846b5c7745
at io.appium.java_client.remote.AppiumCommandExecutor.lambda$execute$4(AppiumCommandExecutor.java:262)
at java.base/java.util.Optional.orElseGet(Optional.java:364)
at io.appium.java_client.remote.AppiumCommandExecutor.execute(AppiumCommandExecutor.java:261)
at org.openqa.selenium.remote.RemoteWebDriver.execute(RemoteWebDriver.java:602)
at org.openqa.selenium.remote.RemoteWebDriver.execute(RemoteWebDriver.java:675)
at io.appium.java_client.AppiumDriver.execute(AppiumDriver.java:313)
at org.openqa.selenium.remote.RemoteWebDriver.getScreenshotAs(RemoteWebDriver.java:325)
at io.appium.java_client.AppiumDriver.getScreenshotAs(AppiumDriver.java:322)
at P01_Base.Base.Take_SscreenShot_Fail(Base.java:112)
at P03_Screens.ProfileScreen.Local_Bank_Beneficiaries(ProfileScreen.java:339)
at P01_Testcases.Regression.Manage_Beneficiaries_Local_Bank_Beneficiaries(Regression.java:100)
at java.base/java.util.ArrayList.forEach(ArrayList.java:1511)
Caused by: java.net.ConnectException: Connection refused: no further information
at java.base/sun.nio.ch.Net.pollConnect(Native Method)
at java.base/sun.nio.ch.Net.pollConnectNow(Net.java:672)
at java.base/sun.nio.ch.SocketChannelImpl.finishConnect(SocketChannelImpl.java:946)
at io.netty.channel.socket.nio.NioSocketChannel.doFinishConnect(NioSocketChannel.java:337)
at io.netty.channel.nio.AbstractNioChannel$AbstractNioUnsafe.finishConnect(AbstractNioChannel.java:334)
at io.netty.channel.nio.NioEventLoop.processSelectedKey(NioEventLoop.java:776)
at io.netty.channel.nio.NioEventLoop.processSelectedKeysOptimized(NioEventLoop.java:724)
at io.netty.channel.nio.NioEventLoop.processSelectedKeys(NioEventLoop.java:650)
at io.netty.channel.nio.NioEventLoop.run(NioEventLoop.java:562)
at io.netty.util.concurrent.SingleThreadEventExecutor$4.run(SingleThreadEventExecutor.java:997)
at io.netty.util.internal.ThreadExecutorMap$2.run(ThreadExecutorMap.java:74)
at io.netty.util.concurrent.FastThreadLocalRunnable.run(FastThreadLocalRunnable.java:30)
at java.base/java.lang.Thread.run(Thread.java:833)
... Removed 27 stack frames]]>
    </failure>
  </testcase> <!-- Manage_Beneficiaries_Local_Bank_Beneficiaries -->
  <testcase classname="P01_Testcases.Regression" name="Manage_Beneficiaries_International_Transfer_Beneficiaries" time="0.0">
    <failure type="org.openqa.selenium.WebDriverException" message="Connection refused: no further information
Build info: version: &amp;apos;4.19.0&amp;apos;, revision: &amp;apos;5f9cec8963&amp;apos;
System info: os.name: &amp;apos;Windows 11&amp;apos;, os.arch: &amp;apos;amd64&amp;apos;, os.version: &amp;apos;10.0&amp;apos;, java.version: &amp;apos;17.0.5&amp;apos;
Driver info: io.appium.java_client.android.AndroidDriver
Command: [c1f56013-8416-47d0-a3e0-65846b5c7745, screenshot {}]
Capabilities {appium:appActivity: com.emcrey.bouki.MainActivity, appium:appPackage: com.emcrey.riyadbank.cert, appium:autoGrantPermissions: true, appium:automationName: UiAutomator2, appium:clearDeviceLogsOnStart: true, appium:clearSystemFiles: false, appium:databaseEnabled: false, appium:desired: {appActivity: com.emcrey.bouki.MainActivity, appPackage: com.emcrey.riyadbank.cert, autoGrantPermissions: true, automationName: UiAutomator2, clearDeviceLogsOnStart: true, clearSystemFiles: false, deviceName: AhmedM, ignoreHiddenApiPolicyError: true, noReset: true, noSign: true, platformName: ANDROID, platformVersion: 13, skipServerInstallation: false, skipUnlock: true, systemPort: 8200}, appium:deviceApiLevel: 33, appium:deviceManufacturer: OPPO, appium:deviceModel: CPH2159, appium:deviceName: 3468a9a9, appium:deviceScreenDensity: 480, appium:deviceScreenSize: 1080x2400, appium:deviceUDID: 3468a9a9, appium:ignoreHiddenApiPolicyError: true, appium:javascriptEnabled: true, appium:locationContextEnabled: false, appium:networkConnectionEnabled: true, appium:noReset: true, appium:noSign: true, appium:pixelRatio: 3, appium:platformVersion: 13, appium:skipServerInstallation: false, appium:skipUnlock: true, appium:statBarHeight: 107, appium:systemPort: 8200, appium:takesScreenshot: true, appium:viewportRect: {height: 2186, left: 0, top: 107, width: 1080}, appium:warnings: {}, appium:webStorageEnabled: false, platformName: ANDROID}
Session ID: c1f56013-8416-47d0-a3e0-65846b5c7745">
      <![CDATA[org.openqa.selenium.WebDriverException: Connection refused: no further information
Build info: version: '4.19.0', revision: '5f9cec8963'
System info: os.name: 'Windows 11', os.arch: 'amd64', os.version: '10.0', java.version: '17.0.5'
Driver info: io.appium.java_client.android.AndroidDriver
Command: [c1f56013-8416-47d0-a3e0-65846b5c7745, screenshot {}]
Capabilities {appium:appActivity: com.emcrey.bouki.MainActivity, appium:appPackage: com.emcrey.riyadbank.cert, appium:autoGrantPermissions: true, appium:automationName: UiAutomator2, appium:clearDeviceLogsOnStart: true, appium:clearSystemFiles: false, appium:databaseEnabled: false, appium:desired: {appActivity: com.emcrey.bouki.MainActivity, appPackage: com.emcrey.riyadbank.cert, autoGrantPermissions: true, automationName: UiAutomator2, clearDeviceLogsOnStart: true, clearSystemFiles: false, deviceName: AhmedM, ignoreHiddenApiPolicyError: true, noReset: true, noSign: true, platformName: ANDROID, platformVersion: 13, skipServerInstallation: false, skipUnlock: true, systemPort: 8200}, appium:deviceApiLevel: 33, appium:deviceManufacturer: OPPO, appium:deviceModel: CPH2159, appium:deviceName: 3468a9a9, appium:deviceScreenDensity: 480, appium:deviceScreenSize: 1080x2400, appium:deviceUDID: 3468a9a9, appium:ignoreHiddenApiPolicyError: true, appium:javascriptEnabled: true, appium:locationContextEnabled: false, appium:networkConnectionEnabled: true, appium:noReset: true, appium:noSign: true, appium:pixelRatio: 3, appium:platformVersion: 13, appium:skipServerInstallation: false, appium:skipUnlock: true, appium:statBarHeight: 107, appium:systemPort: 8200, appium:takesScreenshot: true, appium:viewportRect: {height: 2186, left: 0, top: 107, width: 1080}, appium:warnings: {}, appium:webStorageEnabled: false, platformName: ANDROID}
Session ID: c1f56013-8416-47d0-a3e0-65846b5c7745
at io.appium.java_client.remote.AppiumCommandExecutor.lambda$execute$4(AppiumCommandExecutor.java:262)
at java.base/java.util.Optional.orElseGet(Optional.java:364)
at io.appium.java_client.remote.AppiumCommandExecutor.execute(AppiumCommandExecutor.java:261)
at org.openqa.selenium.remote.RemoteWebDriver.execute(RemoteWebDriver.java:602)
at org.openqa.selenium.remote.RemoteWebDriver.execute(RemoteWebDriver.java:675)
at io.appium.java_client.AppiumDriver.execute(AppiumDriver.java:313)
at org.openqa.selenium.remote.RemoteWebDriver.getScreenshotAs(RemoteWebDriver.java:325)
at io.appium.java_client.AppiumDriver.getScreenshotAs(AppiumDriver.java:322)
at P01_Base.Base.Take_SscreenShot_Fail(Base.java:112)
at P03_Screens.ProfileScreen.International_Transfer_Beneficiaries(ProfileScreen.java:440)
at P01_Testcases.Regression.Manage_Beneficiaries_International_Transfer_Beneficiaries(Regression.java:105)
at java.base/java.util.ArrayList.forEach(ArrayList.java:1511)
Caused by: java.net.ConnectException: Connection refused: no further information
at java.base/sun.nio.ch.Net.pollConnect(Native Method)
at java.base/sun.nio.ch.Net.pollConnectNow(Net.java:672)
at java.base/sun.nio.ch.SocketChannelImpl.finishConnect(SocketChannelImpl.java:946)
at io.netty.channel.socket.nio.NioSocketChannel.doFinishConnect(NioSocketChannel.java:337)
at io.netty.channel.nio.AbstractNioChannel$AbstractNioUnsafe.finishConnect(AbstractNioChannel.java:334)
at io.netty.channel.nio.NioEventLoop.processSelectedKey(NioEventLoop.java:776)
at io.netty.channel.nio.NioEventLoop.processSelectedKeysOptimized(NioEventLoop.java:724)
at io.netty.channel.nio.NioEventLoop.processSelectedKeys(NioEventLoop.java:650)
at io.netty.channel.nio.NioEventLoop.run(NioEventLoop.java:562)
at io.netty.util.concurrent.SingleThreadEventExecutor$4.run(SingleThreadEventExecutor.java:997)
at io.netty.util.internal.ThreadExecutorMap$2.run(ThreadExecutorMap.java:74)
at io.netty.util.concurrent.FastThreadLocalRunnable.run(FastThreadLocalRunnable.java:30)
at java.base/java.lang.Thread.run(Thread.java:833)
... Removed 27 stack frames]]>
    </failure>
  </testcase> <!-- Manage_Beneficiaries_International_Transfer_Beneficiaries -->
</testsuite> <!-- Android -->
