<?xml version="1.0" encoding="UTF-8"?>
<!-- Generated by org.testng.reporters.JUnitXMLReporter -->
<testsuite ignored="0" hostname="Ahmad-AbuAli" failures="0" tests="2" name="Check Balance Info Test" time="3.132" errors="0" timestamp="2023-05-30T10:33:10 AST">
  <testcase classname="P01_Base.C01_Base" name="@BeforeClass BeforeClass" time="3.094">
    <failure type="org.openqa.selenium.SessionNotCreatedException" message="Could not start a new session. Response code 500. Message: An unknown server-side error occurred while processing the command. Original error: UiAutomator2 Server cannot start because the local port #8200 is busy. Make sure the port you provide via &amp;apos;systemPort&amp;apos; capability is not occupied. This situation might often be a result of an inaccurate sessions management, e.g. old automation sessions on the same device must always be closed before starting new ones. 
Host info: host: &amp;apos;AHMAD-ABUALI&amp;apos;, ip: &amp;apos;192.168.242.233&amp;apos;
Build info: version: &amp;apos;4.9.1&amp;apos;, revision: &amp;apos;eb2032df7f&amp;apos;
System info: os.name: &amp;apos;Windows 11&amp;apos;, os.arch: &amp;apos;amd64&amp;apos;, os.version: &amp;apos;10.0&amp;apos;, java.version: &amp;apos;17.0.5&amp;apos;
Driver info: io.appium.java_client.android.AndroidDriver
Command: [null, newSession {capabilities=[{appium:appActivity=com.emcrey.bouki.MainActivity, appium:appPackage=com.emcrey.riyadbank.cert, appium:autoGrantPermissions=true, appium:clearDeviceLogsOnStart=true, appium:clearSystemFiles=false, appium:deviceName=AhmedM, appium:ignoreHiddenApiPolicyError=true, appium:noReset=true, appium:noSign=true, platformName=ANDROID, appium:platformVersion=13, appium:skipServerInstallation=false, appium:skipUnlock=true, appium:systemPort=8200}], desiredCapabilities=Capabilities {appActivity: com.emcrey.bouki.MainActivity, appPackage: com.emcrey.riyadbank.cert, autoGrantPermissions: true, clearDeviceLogsOnStart: true, clearSystemFiles: false, deviceName: AhmedM, ignoreHiddenApiPolicyError: true, noReset: true, noSign: true, platformName: ANDROID, platformVersion: 13, skipServerInstallation: false, skipUnlock: true, systemPort: 8200}}]
Capabilities {appActivity: com.emcrey.bouki.MainActivity, appPackage: com.emcrey.riyadbank.cert, autoGrantPermissions: true, clearDeviceLogsOnStart: true, clearSystemFiles: false, deviceName: AhmedM, ignoreHiddenApiPolicyError: true, noReset: true, noSign: true, platformName: ANDROID, platformVersion: 13, skipServerInstallation: false, skipUnlock: true, systemPort: 8200}">
      <![CDATA[org.openqa.selenium.SessionNotCreatedException: Could not start a new session. Response code 500. Message: An unknown server-side error occurred while processing the command. Original error: UiAutomator2 Server cannot start because the local port #8200 is busy. Make sure the port you provide via 'systemPort' capability is not occupied. This situation might often be a result of an inaccurate sessions management, e.g. old automation sessions on the same device must always be closed before starting new ones. 
Host info: host: 'AHMAD-ABUALI', ip: '192.168.242.233'
Build info: version: '4.9.1', revision: 'eb2032df7f'
System info: os.name: 'Windows 11', os.arch: 'amd64', os.version: '10.0', java.version: '17.0.5'
Driver info: io.appium.java_client.android.AndroidDriver
Command: [null, newSession {capabilities=[{appium:appActivity=com.emcrey.bouki.MainActivity, appium:appPackage=com.emcrey.riyadbank.cert, appium:autoGrantPermissions=true, appium:clearDeviceLogsOnStart=true, appium:clearSystemFiles=false, appium:deviceName=AhmedM, appium:ignoreHiddenApiPolicyError=true, appium:noReset=true, appium:noSign=true, platformName=ANDROID, appium:platformVersion=13, appium:skipServerInstallation=false, appium:skipUnlock=true, appium:systemPort=8200}], desiredCapabilities=Capabilities {appActivity: com.emcrey.bouki.MainActivity, appPackage: com.emcrey.riyadbank.cert, autoGrantPermissions: true, clearDeviceLogsOnStart: true, clearSystemFiles: false, deviceName: AhmedM, ignoreHiddenApiPolicyError: true, noReset: true, noSign: true, platformName: ANDROID, platformVersion: 13, skipServerInstallation: false, skipUnlock: true, systemPort: 8200}}]
Capabilities {appActivity: com.emcrey.bouki.MainActivity, appPackage: com.emcrey.riyadbank.cert, autoGrantPermissions: true, clearDeviceLogsOnStart: true, clearSystemFiles: false, deviceName: AhmedM, ignoreHiddenApiPolicyError: true, noReset: true, noSign: true, platformName: ANDROID, platformVersion: 13, skipServerInstallation: false, skipUnlock: true, systemPort: 8200}
at org.openqa.selenium.remote.ProtocolHandshake.createSession(ProtocolHandshake.java:136)
at io.appium.java_client.remote.AppiumProtocolHandshake.createSession(AppiumProtocolHandshake.java:133)
at io.appium.java_client.remote.AppiumProtocolHandshake.createSession(AppiumProtocolHandshake.java:102)
at io.appium.java_client.remote.AppiumCommandExecutor.createSession(AppiumCommandExecutor.java:182)
at io.appium.java_client.remote.AppiumCommandExecutor.execute(AppiumCommandExecutor.java:250)
at org.openqa.selenium.remote.RemoteWebDriver.execute(RemoteWebDriver.java:543)
at io.appium.java_client.AppiumDriver.startSession(AppiumDriver.java:274)
at org.openqa.selenium.remote.RemoteWebDriver.<init>(RemoteWebDriver.java:157)
at io.appium.java_client.AppiumDriver.<init>(AppiumDriver.java:89)
at io.appium.java_client.AppiumDriver.<init>(AppiumDriver.java:101)
at io.appium.java_client.android.AndroidDriver.<init>(AndroidDriver.java:113)
at P01_Base.C01_Base.BeforeClass(C01_Base.java:66)
at java.base/java.util.ArrayList.forEach(ArrayList.java:1511)
... Removed 29 stack frames]]>
    </failure>
  </testcase> <!-- @BeforeClass BeforeClass -->
  <testcase classname="P01_Base.C01_Base" name="@AfterMethod AfterMethod" time="-1.685431989966E9">
    <skipped/>
  </testcase> <!-- @AfterMethod AfterMethod -->
  <testcase classname="P01_Base.C01_Base" name="@AfterMethod AfterMethod" time="-1.685431989977E9">
    <skipped/>
  </testcase> <!-- @AfterMethod AfterMethod -->
  <testcase classname="P01_Testcases.TC02_CheckBalanceInfoTest" name="Open_Balance_Info" time="0.0">
    <skipped/>
  </testcase> <!-- Open_Balance_Info -->
  <testcase classname="P01_Testcases.TC02_CheckBalanceInfoTest" name="Close_Balance_Info_Pop_Up" time="0.0">
    <skipped/>
  </testcase> <!-- Close_Balance_Info_Pop_Up -->
</testsuite> <!-- Check Balance Info Test -->
