<?xml version="1.0" encoding="UTF-8"?>
<!-- Generated by org.testng.reporters.JUnitXMLReporter -->
<testsuite ignored="0" hostname="Ahmad-AbuAli" failures="21" tests="49" name="Android" time="5888.627" errors="0" timestamp="2024-04-22T11:53:05 AST">
  <testcase classname="P01_Testcases.Regression" name="START_AND_LOGIN" time="57.004"/>
  <testcase classname="P01_Testcases.Regression" name="ACCOUNTS_AND_CARDS_CHECK_ACCOUNT_DETAILS" time="153.12"/>
  <testcase classname="P01_Testcases.Regression" name="ACCOUNTS_AND_CARDS_DEBIT_CARD_EDIT_POS_LIMIT" time="146.523"/>
  <testcase classname="P01_Testcases.Regression" name="ACCOUNTS_AND_CARDS_DEBIT_CARD_DEACTIVE_ACTIVE_CONTACTLESS" time="60.146"/>
  <testcase classname="P01_Testcases.Regression" name="ACCOUNTS_AND_CARDS_DEBIT_CARD_DEACTIVE_ACTIVE_ONLINE_PURCHASING" time="119.854"/>
  <testcase classname="P01_Testcases.Regression" name="ACCOUNTS_AND_CARDS_DEBIT_CARD_SHOW_CARD_PIN" time="180.06"/>
  <testcase classname="P01_Testcases.Regression" name="ACCOUNTS_AND_CARDS_CREDIT_CARD_CHECK_CARD_DETAILS" time="93.394"/>
  <testcase classname="P01_Testcases.Regression" name="ACCOUNTS_AND_CARDS_CREDIT_CARD_LOAD_CARD" time="154.026"/>
  <testcase classname="P01_Testcases.Regression" name="ACCOUNTS_AND_CARDS_CREDIT_CARD_TRANSFER_CARD" time="112.663">
    <failure type="org.openqa.selenium.NoSuchElementException" message="An element could not be located on the page using the given search parameters.
For documentation on this error, please visit: https://www.selenium.dev/documentation/webdriver/troubleshooting/errors#no-such-element-exception
Build info: version: &amp;apos;4.19.1&amp;apos;, revision: &amp;apos;abe0ee07dc&amp;apos;
System info: os.name: &amp;apos;Windows 11&amp;apos;, os.arch: &amp;apos;amd64&amp;apos;, os.version: &amp;apos;10.0&amp;apos;, java.version: &amp;apos;17.0.5&amp;apos;
Driver info: io.appium.java_client.android.AndroidDriver
Command: [0436cc7c-ad72-425a-aa9c-97b2cd9a57ca, findElement {using=xpath, value=//android.widget.Button[@text =&amp;apos;&amp;apos;]}]
Capabilities {appium:appActivity: com.riyadbank.strategic.Mai..., appium:appPackage: com.riyadbank.strategic, appium:autoGrantPermissions: true, appium:automationName: UiAutomator2, appium:clearDeviceLogsOnStart: true, appium:clearSystemFiles: false, appium:databaseEnabled: false, appium:desired: {appActivity: com.riyadbank.strategic.Mai..., appPackage: com.riyadbank.strategic, autoGrantPermissions: true, automationName: UiAutomator2, clearDeviceLogsOnStart: true, clearSystemFiles: false, deviceName: AhmedM, ignoreHiddenApiPolicyError: true, newCommandTimeout: 120000, noReset: true, noSign: true, platformName: ANDROID, platformVersion: 13, skipServerInstallation: false, skipUnlock: true, systemPort: 8200}, appium:deviceApiLevel: 33, appium:deviceManufacturer: OPPO, appium:deviceModel: CPH2159, appium:deviceName: 3468a9a9, appium:deviceScreenDensity: 480, appium:deviceScreenSize: 1080x2400, appium:deviceUDID: 3468a9a9, appium:ignoreHiddenApiPolicyError: true, appium:javascriptEnabled: true, appium:locationContextEnabled: false, appium:networkConnectionEnabled: true, appium:newCommandTimeout: 120000, appium:noReset: true, appium:noSign: true, appium:pixelRatio: 3, appium:platformVersion: 13, appium:skipServerInstallation: false, appium:skipUnlock: true, appium:statBarHeight: 107, appium:systemPort: 8200, appium:takesScreenshot: true, appium:viewportRect: {height: 2186, left: 0, top: 107, width: 1080}, appium:warnings: {}, appium:webStorageEnabled: false, platformName: ANDROID}
Session ID: 0436cc7c-ad72-425a-aa9c-97b2cd9a57ca">
      <![CDATA[org.openqa.selenium.NoSuchElementException: An element could not be located on the page using the given search parameters.
For documentation on this error, please visit: https://www.selenium.dev/documentation/webdriver/troubleshooting/errors#no-such-element-exception
Build info: version: '4.19.1', revision: 'abe0ee07dc'
System info: os.name: 'Windows 11', os.arch: 'amd64', os.version: '10.0', java.version: '17.0.5'
Driver info: io.appium.java_client.android.AndroidDriver
Command: [0436cc7c-ad72-425a-aa9c-97b2cd9a57ca, findElement {using=xpath, value=//android.widget.Button[@text ='']}]
Capabilities {appium:appActivity: com.riyadbank.strategic.Mai..., appium:appPackage: com.riyadbank.strategic, appium:autoGrantPermissions: true, appium:automationName: UiAutomator2, appium:clearDeviceLogsOnStart: true, appium:clearSystemFiles: false, appium:databaseEnabled: false, appium:desired: {appActivity: com.riyadbank.strategic.Mai..., appPackage: com.riyadbank.strategic, autoGrantPermissions: true, automationName: UiAutomator2, clearDeviceLogsOnStart: true, clearSystemFiles: false, deviceName: AhmedM, ignoreHiddenApiPolicyError: true, newCommandTimeout: 120000, noReset: true, noSign: true, platformName: ANDROID, platformVersion: 13, skipServerInstallation: false, skipUnlock: true, systemPort: 8200}, appium:deviceApiLevel: 33, appium:deviceManufacturer: OPPO, appium:deviceModel: CPH2159, appium:deviceName: 3468a9a9, appium:deviceScreenDensity: 480, appium:deviceScreenSize: 1080x2400, appium:deviceUDID: 3468a9a9, appium:ignoreHiddenApiPolicyError: true, appium:javascriptEnabled: true, appium:locationContextEnabled: false, appium:networkConnectionEnabled: true, appium:newCommandTimeout: 120000, appium:noReset: true, appium:noSign: true, appium:pixelRatio: 3, appium:platformVersion: 13, appium:skipServerInstallation: false, appium:skipUnlock: true, appium:statBarHeight: 107, appium:systemPort: 8200, appium:takesScreenshot: true, appium:viewportRect: {height: 2186, left: 0, top: 107, width: 1080}, appium:warnings: {}, appium:webStorageEnabled: false, platformName: ANDROID}
Session ID: 0436cc7c-ad72-425a-aa9c-97b2cd9a57ca
at org.openqa.selenium.remote.codec.w3c.W3CHttpResponseCodec.createException(W3CHttpResponseCodec.java:200)
at org.openqa.selenium.remote.codec.w3c.W3CHttpResponseCodec.decode(W3CHttpResponseCodec.java:133)
at org.openqa.selenium.remote.codec.w3c.W3CHttpResponseCodec.decode(W3CHttpResponseCodec.java:52)
at org.openqa.selenium.remote.HttpCommandExecutor.execute(HttpCommandExecutor.java:191)
at io.appium.java_client.remote.AppiumCommandExecutor.execute(AppiumCommandExecutor.java:250)
at org.openqa.selenium.remote.RemoteWebDriver.execute(RemoteWebDriver.java:602)
at org.openqa.selenium.remote.ElementLocation$ElementFinder$2.findElement(ElementLocation.java:165)
at org.openqa.selenium.remote.ElementLocation.findElement(ElementLocation.java:59)
at org.openqa.selenium.remote.RemoteWebDriver.findElement(RemoteWebDriver.java:359)
at org.openqa.selenium.remote.RemoteWebDriver.findElement(RemoteWebDriver.java:353)
at P03_Screens.CommenMethods.Back_To_Home_Screen(CommenMethods.java:117)
at P03_Screens.AccountCardsScreen.Transfer_Credit_Card(AccountCardsScreen.java:691)
at P01_Testcases.Regression.ACCOUNTS_AND_CARDS_CREDIT_CARD_TRANSFER_CARD(Regression.java:111)
at java.base/java.util.ArrayList.forEach(ArrayList.java:1511)
... Removed 32 stack frames]]>
    </failure>
  </testcase> <!-- ACCOUNTS_AND_CARDS_CREDIT_CARD_TRANSFER_CARD -->
  <testcase classname="P01_Testcases.Regression" name="ACCOUNTS_AND_CARDS_MULTI_CURRENCY_CHECK_DETAILS" time="119.324"/>
  <testcase classname="P01_Testcases.Regression" name="ACCOUNTS_AND_CARDS_MULTI_CURRENCY_LOAN_MONEY" time="94.508"/>
  <testcase classname="P01_Testcases.Regression" name="ACCOUNTS_AND_CARDS_WAZEN_ACCOUNT_PASUSE_RESUME" time="179.3"/>
  <testcase classname="P01_Testcases.Regression" name="ACCOUNTS_AND_CARDS_NET_WORTH_STATMENET_CHECK_CHARTS" time="205.841">
    <failure type="org.openqa.selenium.NoSuchElementException" message="An element could not be located on the page using the given search parameters.
For documentation on this error, please visit: https://www.selenium.dev/documentation/webdriver/troubleshooting/errors#no-such-element-exception
Build info: version: &amp;apos;4.19.1&amp;apos;, revision: &amp;apos;abe0ee07dc&amp;apos;
System info: os.name: &amp;apos;Windows 11&amp;apos;, os.arch: &amp;apos;amd64&amp;apos;, os.version: &amp;apos;10.0&amp;apos;, java.version: &amp;apos;17.0.5&amp;apos;
Driver info: io.appium.java_client.android.AndroidDriver
Command: [0436cc7c-ad72-425a-aa9c-97b2cd9a57ca, findElement {using=xpath, value=//android.widget.Button[@text =&amp;apos;&amp;apos;]}]
Capabilities {appium:appActivity: com.riyadbank.strategic.Mai..., appium:appPackage: com.riyadbank.strategic, appium:autoGrantPermissions: true, appium:automationName: UiAutomator2, appium:clearDeviceLogsOnStart: true, appium:clearSystemFiles: false, appium:databaseEnabled: false, appium:desired: {appActivity: com.riyadbank.strategic.Mai..., appPackage: com.riyadbank.strategic, autoGrantPermissions: true, automationName: UiAutomator2, clearDeviceLogsOnStart: true, clearSystemFiles: false, deviceName: AhmedM, ignoreHiddenApiPolicyError: true, newCommandTimeout: 120000, noReset: true, noSign: true, platformName: ANDROID, platformVersion: 13, skipServerInstallation: false, skipUnlock: true, systemPort: 8200}, appium:deviceApiLevel: 33, appium:deviceManufacturer: OPPO, appium:deviceModel: CPH2159, appium:deviceName: 3468a9a9, appium:deviceScreenDensity: 480, appium:deviceScreenSize: 1080x2400, appium:deviceUDID: 3468a9a9, appium:ignoreHiddenApiPolicyError: true, appium:javascriptEnabled: true, appium:locationContextEnabled: false, appium:networkConnectionEnabled: true, appium:newCommandTimeout: 120000, appium:noReset: true, appium:noSign: true, appium:pixelRatio: 3, appium:platformVersion: 13, appium:skipServerInstallation: false, appium:skipUnlock: true, appium:statBarHeight: 107, appium:systemPort: 8200, appium:takesScreenshot: true, appium:viewportRect: {height: 2186, left: 0, top: 107, width: 1080}, appium:warnings: {}, appium:webStorageEnabled: false, platformName: ANDROID}
Session ID: 0436cc7c-ad72-425a-aa9c-97b2cd9a57ca">
      <![CDATA[org.openqa.selenium.NoSuchElementException: An element could not be located on the page using the given search parameters.
For documentation on this error, please visit: https://www.selenium.dev/documentation/webdriver/troubleshooting/errors#no-such-element-exception
Build info: version: '4.19.1', revision: 'abe0ee07dc'
System info: os.name: 'Windows 11', os.arch: 'amd64', os.version: '10.0', java.version: '17.0.5'
Driver info: io.appium.java_client.android.AndroidDriver
Command: [0436cc7c-ad72-425a-aa9c-97b2cd9a57ca, findElement {using=xpath, value=//android.widget.Button[@text ='']}]
Capabilities {appium:appActivity: com.riyadbank.strategic.Mai..., appium:appPackage: com.riyadbank.strategic, appium:autoGrantPermissions: true, appium:automationName: UiAutomator2, appium:clearDeviceLogsOnStart: true, appium:clearSystemFiles: false, appium:databaseEnabled: false, appium:desired: {appActivity: com.riyadbank.strategic.Mai..., appPackage: com.riyadbank.strategic, autoGrantPermissions: true, automationName: UiAutomator2, clearDeviceLogsOnStart: true, clearSystemFiles: false, deviceName: AhmedM, ignoreHiddenApiPolicyError: true, newCommandTimeout: 120000, noReset: true, noSign: true, platformName: ANDROID, platformVersion: 13, skipServerInstallation: false, skipUnlock: true, systemPort: 8200}, appium:deviceApiLevel: 33, appium:deviceManufacturer: OPPO, appium:deviceModel: CPH2159, appium:deviceName: 3468a9a9, appium:deviceScreenDensity: 480, appium:deviceScreenSize: 1080x2400, appium:deviceUDID: 3468a9a9, appium:ignoreHiddenApiPolicyError: true, appium:javascriptEnabled: true, appium:locationContextEnabled: false, appium:networkConnectionEnabled: true, appium:newCommandTimeout: 120000, appium:noReset: true, appium:noSign: true, appium:pixelRatio: 3, appium:platformVersion: 13, appium:skipServerInstallation: false, appium:skipUnlock: true, appium:statBarHeight: 107, appium:systemPort: 8200, appium:takesScreenshot: true, appium:viewportRect: {height: 2186, left: 0, top: 107, width: 1080}, appium:warnings: {}, appium:webStorageEnabled: false, platformName: ANDROID}
Session ID: 0436cc7c-ad72-425a-aa9c-97b2cd9a57ca
at org.openqa.selenium.remote.codec.w3c.W3CHttpResponseCodec.createException(W3CHttpResponseCodec.java:200)
at org.openqa.selenium.remote.codec.w3c.W3CHttpResponseCodec.decode(W3CHttpResponseCodec.java:133)
at org.openqa.selenium.remote.codec.w3c.W3CHttpResponseCodec.decode(W3CHttpResponseCodec.java:52)
at org.openqa.selenium.remote.HttpCommandExecutor.execute(HttpCommandExecutor.java:191)
at io.appium.java_client.remote.AppiumCommandExecutor.execute(AppiumCommandExecutor.java:250)
at org.openqa.selenium.remote.RemoteWebDriver.execute(RemoteWebDriver.java:602)
at org.openqa.selenium.remote.ElementLocation$ElementFinder$2.findElement(ElementLocation.java:165)
at org.openqa.selenium.remote.ElementLocation.findElement(ElementLocation.java:59)
at org.openqa.selenium.remote.RemoteWebDriver.findElement(RemoteWebDriver.java:359)
at org.openqa.selenium.remote.RemoteWebDriver.findElement(RemoteWebDriver.java:353)
at P03_Screens.CommenMethods.Back_To_Home_Screen(CommenMethods.java:117)
at P03_Screens.AccountCardsScreen.Chcek_Net_Worth_Statment(AccountCardsScreen.java:1004)
at P01_Testcases.Regression.ACCOUNTS_AND_CARDS_NET_WORTH_STATMENET_CHECK_CHARTS(Regression.java:136)
at java.base/java.util.ArrayList.forEach(ArrayList.java:1511)
... Removed 31 stack frames]]>
    </failure>
  </testcase> <!-- ACCOUNTS_AND_CARDS_NET_WORTH_STATMENET_CHECK_CHARTS -->
  <testcase classname="P01_Testcases.Regression" name="ACCOUNTS_AND_CARDS_WAZEN_ACCOUNT_CHECK_DETAILS" time="153.182">
    <failure type="org.openqa.selenium.NoSuchElementException" message="An element could not be located on the page using the given search parameters.
For documentation on this error, please visit: https://www.selenium.dev/documentation/webdriver/troubleshooting/errors#no-such-element-exception
Build info: version: &amp;apos;4.19.1&amp;apos;, revision: &amp;apos;abe0ee07dc&amp;apos;
System info: os.name: &amp;apos;Windows 11&amp;apos;, os.arch: &amp;apos;amd64&amp;apos;, os.version: &amp;apos;10.0&amp;apos;, java.version: &amp;apos;17.0.5&amp;apos;
Driver info: io.appium.java_client.android.AndroidDriver
Command: [0436cc7c-ad72-425a-aa9c-97b2cd9a57ca, findElement {using=xpath, value=//android.widget.Button[@text =&amp;apos;&amp;apos;]}]
Capabilities {appium:appActivity: com.riyadbank.strategic.Mai..., appium:appPackage: com.riyadbank.strategic, appium:autoGrantPermissions: true, appium:automationName: UiAutomator2, appium:clearDeviceLogsOnStart: true, appium:clearSystemFiles: false, appium:databaseEnabled: false, appium:desired: {appActivity: com.riyadbank.strategic.Mai..., appPackage: com.riyadbank.strategic, autoGrantPermissions: true, automationName: UiAutomator2, clearDeviceLogsOnStart: true, clearSystemFiles: false, deviceName: AhmedM, ignoreHiddenApiPolicyError: true, newCommandTimeout: 120000, noReset: true, noSign: true, platformName: ANDROID, platformVersion: 13, skipServerInstallation: false, skipUnlock: true, systemPort: 8200}, appium:deviceApiLevel: 33, appium:deviceManufacturer: OPPO, appium:deviceModel: CPH2159, appium:deviceName: 3468a9a9, appium:deviceScreenDensity: 480, appium:deviceScreenSize: 1080x2400, appium:deviceUDID: 3468a9a9, appium:ignoreHiddenApiPolicyError: true, appium:javascriptEnabled: true, appium:locationContextEnabled: false, appium:networkConnectionEnabled: true, appium:newCommandTimeout: 120000, appium:noReset: true, appium:noSign: true, appium:pixelRatio: 3, appium:platformVersion: 13, appium:skipServerInstallation: false, appium:skipUnlock: true, appium:statBarHeight: 107, appium:systemPort: 8200, appium:takesScreenshot: true, appium:viewportRect: {height: 2186, left: 0, top: 107, width: 1080}, appium:warnings: {}, appium:webStorageEnabled: false, platformName: ANDROID}
Session ID: 0436cc7c-ad72-425a-aa9c-97b2cd9a57ca">
      <![CDATA[org.openqa.selenium.NoSuchElementException: An element could not be located on the page using the given search parameters.
For documentation on this error, please visit: https://www.selenium.dev/documentation/webdriver/troubleshooting/errors#no-such-element-exception
Build info: version: '4.19.1', revision: 'abe0ee07dc'
System info: os.name: 'Windows 11', os.arch: 'amd64', os.version: '10.0', java.version: '17.0.5'
Driver info: io.appium.java_client.android.AndroidDriver
Command: [0436cc7c-ad72-425a-aa9c-97b2cd9a57ca, findElement {using=xpath, value=//android.widget.Button[@text ='']}]
Capabilities {appium:appActivity: com.riyadbank.strategic.Mai..., appium:appPackage: com.riyadbank.strategic, appium:autoGrantPermissions: true, appium:automationName: UiAutomator2, appium:clearDeviceLogsOnStart: true, appium:clearSystemFiles: false, appium:databaseEnabled: false, appium:desired: {appActivity: com.riyadbank.strategic.Mai..., appPackage: com.riyadbank.strategic, autoGrantPermissions: true, automationName: UiAutomator2, clearDeviceLogsOnStart: true, clearSystemFiles: false, deviceName: AhmedM, ignoreHiddenApiPolicyError: true, newCommandTimeout: 120000, noReset: true, noSign: true, platformName: ANDROID, platformVersion: 13, skipServerInstallation: false, skipUnlock: true, systemPort: 8200}, appium:deviceApiLevel: 33, appium:deviceManufacturer: OPPO, appium:deviceModel: CPH2159, appium:deviceName: 3468a9a9, appium:deviceScreenDensity: 480, appium:deviceScreenSize: 1080x2400, appium:deviceUDID: 3468a9a9, appium:ignoreHiddenApiPolicyError: true, appium:javascriptEnabled: true, appium:locationContextEnabled: false, appium:networkConnectionEnabled: true, appium:newCommandTimeout: 120000, appium:noReset: true, appium:noSign: true, appium:pixelRatio: 3, appium:platformVersion: 13, appium:skipServerInstallation: false, appium:skipUnlock: true, appium:statBarHeight: 107, appium:systemPort: 8200, appium:takesScreenshot: true, appium:viewportRect: {height: 2186, left: 0, top: 107, width: 1080}, appium:warnings: {}, appium:webStorageEnabled: false, platformName: ANDROID}
Session ID: 0436cc7c-ad72-425a-aa9c-97b2cd9a57ca
at org.openqa.selenium.remote.codec.w3c.W3CHttpResponseCodec.createException(W3CHttpResponseCodec.java:200)
at org.openqa.selenium.remote.codec.w3c.W3CHttpResponseCodec.decode(W3CHttpResponseCodec.java:133)
at org.openqa.selenium.remote.codec.w3c.W3CHttpResponseCodec.decode(W3CHttpResponseCodec.java:52)
at org.openqa.selenium.remote.HttpCommandExecutor.execute(HttpCommandExecutor.java:191)
at io.appium.java_client.remote.AppiumCommandExecutor.execute(AppiumCommandExecutor.java:250)
at org.openqa.selenium.remote.RemoteWebDriver.execute(RemoteWebDriver.java:602)
at org.openqa.selenium.remote.ElementLocation$ElementFinder$2.findElement(ElementLocation.java:165)
at org.openqa.selenium.remote.ElementLocation.findElement(ElementLocation.java:59)
at org.openqa.selenium.remote.RemoteWebDriver.findElement(RemoteWebDriver.java:359)
at org.openqa.selenium.remote.RemoteWebDriver.findElement(RemoteWebDriver.java:353)
at P03_Screens.CommenMethods.Back_To_Home_Screen(CommenMethods.java:117)
at P03_Screens.AccountCardsScreen.Check_Wazen_Accounts_Details(AccountCardsScreen.java:906)
at P01_Testcases.Regression.ACCOUNTS_AND_CARDS_WAZEN_ACCOUNT_CHECK_DETAILS(Regression.java:142)
at java.base/java.util.ArrayList.forEach(ArrayList.java:1511)
... Removed 31 stack frames]]>
    </failure>
  </testcase> <!-- ACCOUNTS_AND_CARDS_WAZEN_ACCOUNT_CHECK_DETAILS -->
  <testcase classname="P01_Testcases.Regression" name="MONEY_TRANSFER_BTWEEN_ACCOUNTS" time="50.739">
    <failure type="org.openqa.selenium.NoSuchElementException" message="An element could not be located on the page using the given search parameters.
For documentation on this error, please visit: https://www.selenium.dev/documentation/webdriver/troubleshooting/errors#no-such-element-exception
Build info: version: &amp;apos;4.19.1&amp;apos;, revision: &amp;apos;abe0ee07dc&amp;apos;
System info: os.name: &amp;apos;Windows 11&amp;apos;, os.arch: &amp;apos;amd64&amp;apos;, os.version: &amp;apos;10.0&amp;apos;, java.version: &amp;apos;17.0.5&amp;apos;
Driver info: io.appium.java_client.android.AndroidDriver
Command: [0436cc7c-ad72-425a-aa9c-97b2cd9a57ca, findElement {using=xpath, value=//android.widget.Button[@text =&amp;apos;&amp;apos;]}]
Capabilities {appium:appActivity: com.riyadbank.strategic.Mai..., appium:appPackage: com.riyadbank.strategic, appium:autoGrantPermissions: true, appium:automationName: UiAutomator2, appium:clearDeviceLogsOnStart: true, appium:clearSystemFiles: false, appium:databaseEnabled: false, appium:desired: {appActivity: com.riyadbank.strategic.Mai..., appPackage: com.riyadbank.strategic, autoGrantPermissions: true, automationName: UiAutomator2, clearDeviceLogsOnStart: true, clearSystemFiles: false, deviceName: AhmedM, ignoreHiddenApiPolicyError: true, newCommandTimeout: 120000, noReset: true, noSign: true, platformName: ANDROID, platformVersion: 13, skipServerInstallation: false, skipUnlock: true, systemPort: 8200}, appium:deviceApiLevel: 33, appium:deviceManufacturer: OPPO, appium:deviceModel: CPH2159, appium:deviceName: 3468a9a9, appium:deviceScreenDensity: 480, appium:deviceScreenSize: 1080x2400, appium:deviceUDID: 3468a9a9, appium:ignoreHiddenApiPolicyError: true, appium:javascriptEnabled: true, appium:locationContextEnabled: false, appium:networkConnectionEnabled: true, appium:newCommandTimeout: 120000, appium:noReset: true, appium:noSign: true, appium:pixelRatio: 3, appium:platformVersion: 13, appium:skipServerInstallation: false, appium:skipUnlock: true, appium:statBarHeight: 107, appium:systemPort: 8200, appium:takesScreenshot: true, appium:viewportRect: {height: 2186, left: 0, top: 107, width: 1080}, appium:warnings: {}, appium:webStorageEnabled: false, platformName: ANDROID}
Session ID: 0436cc7c-ad72-425a-aa9c-97b2cd9a57ca">
      <![CDATA[org.openqa.selenium.NoSuchElementException: An element could not be located on the page using the given search parameters.
For documentation on this error, please visit: https://www.selenium.dev/documentation/webdriver/troubleshooting/errors#no-such-element-exception
Build info: version: '4.19.1', revision: 'abe0ee07dc'
System info: os.name: 'Windows 11', os.arch: 'amd64', os.version: '10.0', java.version: '17.0.5'
Driver info: io.appium.java_client.android.AndroidDriver
Command: [0436cc7c-ad72-425a-aa9c-97b2cd9a57ca, findElement {using=xpath, value=//android.widget.Button[@text ='']}]
Capabilities {appium:appActivity: com.riyadbank.strategic.Mai..., appium:appPackage: com.riyadbank.strategic, appium:autoGrantPermissions: true, appium:automationName: UiAutomator2, appium:clearDeviceLogsOnStart: true, appium:clearSystemFiles: false, appium:databaseEnabled: false, appium:desired: {appActivity: com.riyadbank.strategic.Mai..., appPackage: com.riyadbank.strategic, autoGrantPermissions: true, automationName: UiAutomator2, clearDeviceLogsOnStart: true, clearSystemFiles: false, deviceName: AhmedM, ignoreHiddenApiPolicyError: true, newCommandTimeout: 120000, noReset: true, noSign: true, platformName: ANDROID, platformVersion: 13, skipServerInstallation: false, skipUnlock: true, systemPort: 8200}, appium:deviceApiLevel: 33, appium:deviceManufacturer: OPPO, appium:deviceModel: CPH2159, appium:deviceName: 3468a9a9, appium:deviceScreenDensity: 480, appium:deviceScreenSize: 1080x2400, appium:deviceUDID: 3468a9a9, appium:ignoreHiddenApiPolicyError: true, appium:javascriptEnabled: true, appium:locationContextEnabled: false, appium:networkConnectionEnabled: true, appium:newCommandTimeout: 120000, appium:noReset: true, appium:noSign: true, appium:pixelRatio: 3, appium:platformVersion: 13, appium:skipServerInstallation: false, appium:skipUnlock: true, appium:statBarHeight: 107, appium:systemPort: 8200, appium:takesScreenshot: true, appium:viewportRect: {height: 2186, left: 0, top: 107, width: 1080}, appium:warnings: {}, appium:webStorageEnabled: false, platformName: ANDROID}
Session ID: 0436cc7c-ad72-425a-aa9c-97b2cd9a57ca
at org.openqa.selenium.remote.codec.w3c.W3CHttpResponseCodec.createException(W3CHttpResponseCodec.java:200)
at org.openqa.selenium.remote.codec.w3c.W3CHttpResponseCodec.decode(W3CHttpResponseCodec.java:133)
at org.openqa.selenium.remote.codec.w3c.W3CHttpResponseCodec.decode(W3CHttpResponseCodec.java:52)
at org.openqa.selenium.remote.HttpCommandExecutor.execute(HttpCommandExecutor.java:191)
at io.appium.java_client.remote.AppiumCommandExecutor.execute(AppiumCommandExecutor.java:250)
at org.openqa.selenium.remote.RemoteWebDriver.execute(RemoteWebDriver.java:602)
at org.openqa.selenium.remote.ElementLocation$ElementFinder$2.findElement(ElementLocation.java:165)
at org.openqa.selenium.remote.ElementLocation.findElement(ElementLocation.java:59)
at org.openqa.selenium.remote.RemoteWebDriver.findElement(RemoteWebDriver.java:359)
at org.openqa.selenium.remote.RemoteWebDriver.findElement(RemoteWebDriver.java:353)
at P03_Screens.CommenMethods.Back_To_Home_Screen(CommenMethods.java:117)
at P03_Screens.MoneyTransferScreen.Between_My_Accounts(MoneyTransferScreen.java:191)
at P01_Testcases.Regression.MONEY_TRANSFER_BTWEEN_ACCOUNTS(Regression.java:148)
at java.base/java.util.ArrayList.forEach(ArrayList.java:1511)
... Removed 31 stack frames]]>
    </failure>
  </testcase> <!-- MONEY_TRANSFER_BTWEEN_ACCOUNTS -->
  <testcase classname="P01_Testcases.Regression" name="MONEY_TRANSFER_WITHIN_RIYAD_BANK" time="222.1"/>
  <testcase classname="P01_Testcases.Regression" name="MONEY_TRANSFER_LOCAL_TRANSFER" time="208.782"/>
  <testcase classname="P01_Testcases.Regression" name="MONEY_TRANSFER_INTERNATIONAL_TRANSFER" time="134.413">
    <failure type="org.openqa.selenium.NoSuchElementException" message="An element could not be located on the page using the given search parameters.
For documentation on this error, please visit: https://www.selenium.dev/documentation/webdriver/troubleshooting/errors#no-such-element-exception
Build info: version: &amp;apos;4.19.1&amp;apos;, revision: &amp;apos;abe0ee07dc&amp;apos;
System info: os.name: &amp;apos;Windows 11&amp;apos;, os.arch: &amp;apos;amd64&amp;apos;, os.version: &amp;apos;10.0&amp;apos;, java.version: &amp;apos;17.0.5&amp;apos;
Driver info: io.appium.java_client.android.AndroidDriver
Command: [0436cc7c-ad72-425a-aa9c-97b2cd9a57ca, findElement {using=xpath, value=//android.widget.Button[@text =&amp;apos;&amp;apos;]}]
Capabilities {appium:appActivity: com.riyadbank.strategic.Mai..., appium:appPackage: com.riyadbank.strategic, appium:autoGrantPermissions: true, appium:automationName: UiAutomator2, appium:clearDeviceLogsOnStart: true, appium:clearSystemFiles: false, appium:databaseEnabled: false, appium:desired: {appActivity: com.riyadbank.strategic.Mai..., appPackage: com.riyadbank.strategic, autoGrantPermissions: true, automationName: UiAutomator2, clearDeviceLogsOnStart: true, clearSystemFiles: false, deviceName: AhmedM, ignoreHiddenApiPolicyError: true, newCommandTimeout: 120000, noReset: true, noSign: true, platformName: ANDROID, platformVersion: 13, skipServerInstallation: false, skipUnlock: true, systemPort: 8200}, appium:deviceApiLevel: 33, appium:deviceManufacturer: OPPO, appium:deviceModel: CPH2159, appium:deviceName: 3468a9a9, appium:deviceScreenDensity: 480, appium:deviceScreenSize: 1080x2400, appium:deviceUDID: 3468a9a9, appium:ignoreHiddenApiPolicyError: true, appium:javascriptEnabled: true, appium:locationContextEnabled: false, appium:networkConnectionEnabled: true, appium:newCommandTimeout: 120000, appium:noReset: true, appium:noSign: true, appium:pixelRatio: 3, appium:platformVersion: 13, appium:skipServerInstallation: false, appium:skipUnlock: true, appium:statBarHeight: 107, appium:systemPort: 8200, appium:takesScreenshot: true, appium:viewportRect: {height: 2186, left: 0, top: 107, width: 1080}, appium:warnings: {}, appium:webStorageEnabled: false, platformName: ANDROID}
Session ID: 0436cc7c-ad72-425a-aa9c-97b2cd9a57ca">
      <![CDATA[org.openqa.selenium.NoSuchElementException: An element could not be located on the page using the given search parameters.
For documentation on this error, please visit: https://www.selenium.dev/documentation/webdriver/troubleshooting/errors#no-such-element-exception
Build info: version: '4.19.1', revision: 'abe0ee07dc'
System info: os.name: 'Windows 11', os.arch: 'amd64', os.version: '10.0', java.version: '17.0.5'
Driver info: io.appium.java_client.android.AndroidDriver
Command: [0436cc7c-ad72-425a-aa9c-97b2cd9a57ca, findElement {using=xpath, value=//android.widget.Button[@text ='']}]
Capabilities {appium:appActivity: com.riyadbank.strategic.Mai..., appium:appPackage: com.riyadbank.strategic, appium:autoGrantPermissions: true, appium:automationName: UiAutomator2, appium:clearDeviceLogsOnStart: true, appium:clearSystemFiles: false, appium:databaseEnabled: false, appium:desired: {appActivity: com.riyadbank.strategic.Mai..., appPackage: com.riyadbank.strategic, autoGrantPermissions: true, automationName: UiAutomator2, clearDeviceLogsOnStart: true, clearSystemFiles: false, deviceName: AhmedM, ignoreHiddenApiPolicyError: true, newCommandTimeout: 120000, noReset: true, noSign: true, platformName: ANDROID, platformVersion: 13, skipServerInstallation: false, skipUnlock: true, systemPort: 8200}, appium:deviceApiLevel: 33, appium:deviceManufacturer: OPPO, appium:deviceModel: CPH2159, appium:deviceName: 3468a9a9, appium:deviceScreenDensity: 480, appium:deviceScreenSize: 1080x2400, appium:deviceUDID: 3468a9a9, appium:ignoreHiddenApiPolicyError: true, appium:javascriptEnabled: true, appium:locationContextEnabled: false, appium:networkConnectionEnabled: true, appium:newCommandTimeout: 120000, appium:noReset: true, appium:noSign: true, appium:pixelRatio: 3, appium:platformVersion: 13, appium:skipServerInstallation: false, appium:skipUnlock: true, appium:statBarHeight: 107, appium:systemPort: 8200, appium:takesScreenshot: true, appium:viewportRect: {height: 2186, left: 0, top: 107, width: 1080}, appium:warnings: {}, appium:webStorageEnabled: false, platformName: ANDROID}
Session ID: 0436cc7c-ad72-425a-aa9c-97b2cd9a57ca
at org.openqa.selenium.remote.codec.w3c.W3CHttpResponseCodec.createException(W3CHttpResponseCodec.java:200)
at org.openqa.selenium.remote.codec.w3c.W3CHttpResponseCodec.decode(W3CHttpResponseCodec.java:133)
at org.openqa.selenium.remote.codec.w3c.W3CHttpResponseCodec.decode(W3CHttpResponseCodec.java:52)
at org.openqa.selenium.remote.HttpCommandExecutor.execute(HttpCommandExecutor.java:191)
at io.appium.java_client.remote.AppiumCommandExecutor.execute(AppiumCommandExecutor.java:250)
at org.openqa.selenium.remote.RemoteWebDriver.execute(RemoteWebDriver.java:602)
at org.openqa.selenium.remote.ElementLocation$ElementFinder$2.findElement(ElementLocation.java:165)
at org.openqa.selenium.remote.ElementLocation.findElement(ElementLocation.java:59)
at org.openqa.selenium.remote.RemoteWebDriver.findElement(RemoteWebDriver.java:359)
at org.openqa.selenium.remote.RemoteWebDriver.findElement(RemoteWebDriver.java:353)
at P03_Screens.CommenMethods.Back_To_Home_Screen(CommenMethods.java:117)
at P03_Screens.MoneyTransferScreen.International_Transfer(MoneyTransferScreen.java:375)
at P01_Testcases.Regression.MONEY_TRANSFER_INTERNATIONAL_TRANSFER(Regression.java:166)
at java.base/java.util.ArrayList.forEach(ArrayList.java:1511)
... Removed 31 stack frames]]>
    </failure>
  </testcase> <!-- MONEY_TRANSFER_INTERNATIONAL_TRANSFER -->
  <testcase classname="P01_Testcases.Regression" name="MONEY_TRANSFER_WU_TRANSFER" time="104.991">
    <failure type="org.openqa.selenium.NoSuchElementException" message="An element could not be located on the page using the given search parameters.
For documentation on this error, please visit: https://www.selenium.dev/documentation/webdriver/troubleshooting/errors#no-such-element-exception
Build info: version: &amp;apos;4.19.1&amp;apos;, revision: &amp;apos;abe0ee07dc&amp;apos;
System info: os.name: &amp;apos;Windows 11&amp;apos;, os.arch: &amp;apos;amd64&amp;apos;, os.version: &amp;apos;10.0&amp;apos;, java.version: &amp;apos;17.0.5&amp;apos;
Driver info: io.appium.java_client.android.AndroidDriver
Command: [0436cc7c-ad72-425a-aa9c-97b2cd9a57ca, findElement {using=xpath, value=//android.widget.Button[@text =&amp;apos;&amp;apos;]}]
Capabilities {appium:appActivity: com.riyadbank.strategic.Mai..., appium:appPackage: com.riyadbank.strategic, appium:autoGrantPermissions: true, appium:automationName: UiAutomator2, appium:clearDeviceLogsOnStart: true, appium:clearSystemFiles: false, appium:databaseEnabled: false, appium:desired: {appActivity: com.riyadbank.strategic.Mai..., appPackage: com.riyadbank.strategic, autoGrantPermissions: true, automationName: UiAutomator2, clearDeviceLogsOnStart: true, clearSystemFiles: false, deviceName: AhmedM, ignoreHiddenApiPolicyError: true, newCommandTimeout: 120000, noReset: true, noSign: true, platformName: ANDROID, platformVersion: 13, skipServerInstallation: false, skipUnlock: true, systemPort: 8200}, appium:deviceApiLevel: 33, appium:deviceManufacturer: OPPO, appium:deviceModel: CPH2159, appium:deviceName: 3468a9a9, appium:deviceScreenDensity: 480, appium:deviceScreenSize: 1080x2400, appium:deviceUDID: 3468a9a9, appium:ignoreHiddenApiPolicyError: true, appium:javascriptEnabled: true, appium:locationContextEnabled: false, appium:networkConnectionEnabled: true, appium:newCommandTimeout: 120000, appium:noReset: true, appium:noSign: true, appium:pixelRatio: 3, appium:platformVersion: 13, appium:skipServerInstallation: false, appium:skipUnlock: true, appium:statBarHeight: 107, appium:systemPort: 8200, appium:takesScreenshot: true, appium:viewportRect: {height: 2186, left: 0, top: 107, width: 1080}, appium:warnings: {}, appium:webStorageEnabled: false, platformName: ANDROID}
Session ID: 0436cc7c-ad72-425a-aa9c-97b2cd9a57ca">
      <![CDATA[org.openqa.selenium.NoSuchElementException: An element could not be located on the page using the given search parameters.
For documentation on this error, please visit: https://www.selenium.dev/documentation/webdriver/troubleshooting/errors#no-such-element-exception
Build info: version: '4.19.1', revision: 'abe0ee07dc'
System info: os.name: 'Windows 11', os.arch: 'amd64', os.version: '10.0', java.version: '17.0.5'
Driver info: io.appium.java_client.android.AndroidDriver
Command: [0436cc7c-ad72-425a-aa9c-97b2cd9a57ca, findElement {using=xpath, value=//android.widget.Button[@text ='']}]
Capabilities {appium:appActivity: com.riyadbank.strategic.Mai..., appium:appPackage: com.riyadbank.strategic, appium:autoGrantPermissions: true, appium:automationName: UiAutomator2, appium:clearDeviceLogsOnStart: true, appium:clearSystemFiles: false, appium:databaseEnabled: false, appium:desired: {appActivity: com.riyadbank.strategic.Mai..., appPackage: com.riyadbank.strategic, autoGrantPermissions: true, automationName: UiAutomator2, clearDeviceLogsOnStart: true, clearSystemFiles: false, deviceName: AhmedM, ignoreHiddenApiPolicyError: true, newCommandTimeout: 120000, noReset: true, noSign: true, platformName: ANDROID, platformVersion: 13, skipServerInstallation: false, skipUnlock: true, systemPort: 8200}, appium:deviceApiLevel: 33, appium:deviceManufacturer: OPPO, appium:deviceModel: CPH2159, appium:deviceName: 3468a9a9, appium:deviceScreenDensity: 480, appium:deviceScreenSize: 1080x2400, appium:deviceUDID: 3468a9a9, appium:ignoreHiddenApiPolicyError: true, appium:javascriptEnabled: true, appium:locationContextEnabled: false, appium:networkConnectionEnabled: true, appium:newCommandTimeout: 120000, appium:noReset: true, appium:noSign: true, appium:pixelRatio: 3, appium:platformVersion: 13, appium:skipServerInstallation: false, appium:skipUnlock: true, appium:statBarHeight: 107, appium:systemPort: 8200, appium:takesScreenshot: true, appium:viewportRect: {height: 2186, left: 0, top: 107, width: 1080}, appium:warnings: {}, appium:webStorageEnabled: false, platformName: ANDROID}
Session ID: 0436cc7c-ad72-425a-aa9c-97b2cd9a57ca
at org.openqa.selenium.remote.codec.w3c.W3CHttpResponseCodec.createException(W3CHttpResponseCodec.java:200)
at org.openqa.selenium.remote.codec.w3c.W3CHttpResponseCodec.decode(W3CHttpResponseCodec.java:133)
at org.openqa.selenium.remote.codec.w3c.W3CHttpResponseCodec.decode(W3CHttpResponseCodec.java:52)
at org.openqa.selenium.remote.HttpCommandExecutor.execute(HttpCommandExecutor.java:191)
at io.appium.java_client.remote.AppiumCommandExecutor.execute(AppiumCommandExecutor.java:250)
at org.openqa.selenium.remote.RemoteWebDriver.execute(RemoteWebDriver.java:602)
at org.openqa.selenium.remote.ElementLocation$ElementFinder$2.findElement(ElementLocation.java:165)
at org.openqa.selenium.remote.ElementLocation.findElement(ElementLocation.java:59)
at org.openqa.selenium.remote.RemoteWebDriver.findElement(RemoteWebDriver.java:359)
at org.openqa.selenium.remote.RemoteWebDriver.findElement(RemoteWebDriver.java:353)
at P03_Screens.CommenMethods.Back_To_Home_Screen(CommenMethods.java:117)
at P03_Screens.MoneyTransferScreen.WU_Transfer(MoneyTransferScreen.java:440)
at P01_Testcases.Regression.MONEY_TRANSFER_WU_TRANSFER(Regression.java:172)
at java.base/java.util.ArrayList.forEach(ArrayList.java:1511)
... Removed 31 stack frames]]>
    </failure>
  </testcase> <!-- MONEY_TRANSFER_WU_TRANSFER -->
  <testcase classname="P01_Testcases.Regression" name="MONEY_TRANSFER_MONEY_EXPRESS" time="101.523">
    <failure type="org.openqa.selenium.NoSuchElementException" message="An element could not be located on the page using the given search parameters.
For documentation on this error, please visit: https://www.selenium.dev/documentation/webdriver/troubleshooting/errors#no-such-element-exception
Build info: version: &amp;apos;4.19.1&amp;apos;, revision: &amp;apos;abe0ee07dc&amp;apos;
System info: os.name: &amp;apos;Windows 11&amp;apos;, os.arch: &amp;apos;amd64&amp;apos;, os.version: &amp;apos;10.0&amp;apos;, java.version: &amp;apos;17.0.5&amp;apos;
Driver info: io.appium.java_client.android.AndroidDriver
Command: [0436cc7c-ad72-425a-aa9c-97b2cd9a57ca, findElement {using=xpath, value=//android.widget.Button[@text =&amp;apos;&amp;apos;]}]
Capabilities {appium:appActivity: com.riyadbank.strategic.Mai..., appium:appPackage: com.riyadbank.strategic, appium:autoGrantPermissions: true, appium:automationName: UiAutomator2, appium:clearDeviceLogsOnStart: true, appium:clearSystemFiles: false, appium:databaseEnabled: false, appium:desired: {appActivity: com.riyadbank.strategic.Mai..., appPackage: com.riyadbank.strategic, autoGrantPermissions: true, automationName: UiAutomator2, clearDeviceLogsOnStart: true, clearSystemFiles: false, deviceName: AhmedM, ignoreHiddenApiPolicyError: true, newCommandTimeout: 120000, noReset: true, noSign: true, platformName: ANDROID, platformVersion: 13, skipServerInstallation: false, skipUnlock: true, systemPort: 8200}, appium:deviceApiLevel: 33, appium:deviceManufacturer: OPPO, appium:deviceModel: CPH2159, appium:deviceName: 3468a9a9, appium:deviceScreenDensity: 480, appium:deviceScreenSize: 1080x2400, appium:deviceUDID: 3468a9a9, appium:ignoreHiddenApiPolicyError: true, appium:javascriptEnabled: true, appium:locationContextEnabled: false, appium:networkConnectionEnabled: true, appium:newCommandTimeout: 120000, appium:noReset: true, appium:noSign: true, appium:pixelRatio: 3, appium:platformVersion: 13, appium:skipServerInstallation: false, appium:skipUnlock: true, appium:statBarHeight: 107, appium:systemPort: 8200, appium:takesScreenshot: true, appium:viewportRect: {height: 2186, left: 0, top: 107, width: 1080}, appium:warnings: {}, appium:webStorageEnabled: false, platformName: ANDROID}
Session ID: 0436cc7c-ad72-425a-aa9c-97b2cd9a57ca">
      <![CDATA[org.openqa.selenium.NoSuchElementException: An element could not be located on the page using the given search parameters.
For documentation on this error, please visit: https://www.selenium.dev/documentation/webdriver/troubleshooting/errors#no-such-element-exception
Build info: version: '4.19.1', revision: 'abe0ee07dc'
System info: os.name: 'Windows 11', os.arch: 'amd64', os.version: '10.0', java.version: '17.0.5'
Driver info: io.appium.java_client.android.AndroidDriver
Command: [0436cc7c-ad72-425a-aa9c-97b2cd9a57ca, findElement {using=xpath, value=//android.widget.Button[@text ='']}]
Capabilities {appium:appActivity: com.riyadbank.strategic.Mai..., appium:appPackage: com.riyadbank.strategic, appium:autoGrantPermissions: true, appium:automationName: UiAutomator2, appium:clearDeviceLogsOnStart: true, appium:clearSystemFiles: false, appium:databaseEnabled: false, appium:desired: {appActivity: com.riyadbank.strategic.Mai..., appPackage: com.riyadbank.strategic, autoGrantPermissions: true, automationName: UiAutomator2, clearDeviceLogsOnStart: true, clearSystemFiles: false, deviceName: AhmedM, ignoreHiddenApiPolicyError: true, newCommandTimeout: 120000, noReset: true, noSign: true, platformName: ANDROID, platformVersion: 13, skipServerInstallation: false, skipUnlock: true, systemPort: 8200}, appium:deviceApiLevel: 33, appium:deviceManufacturer: OPPO, appium:deviceModel: CPH2159, appium:deviceName: 3468a9a9, appium:deviceScreenDensity: 480, appium:deviceScreenSize: 1080x2400, appium:deviceUDID: 3468a9a9, appium:ignoreHiddenApiPolicyError: true, appium:javascriptEnabled: true, appium:locationContextEnabled: false, appium:networkConnectionEnabled: true, appium:newCommandTimeout: 120000, appium:noReset: true, appium:noSign: true, appium:pixelRatio: 3, appium:platformVersion: 13, appium:skipServerInstallation: false, appium:skipUnlock: true, appium:statBarHeight: 107, appium:systemPort: 8200, appium:takesScreenshot: true, appium:viewportRect: {height: 2186, left: 0, top: 107, width: 1080}, appium:warnings: {}, appium:webStorageEnabled: false, platformName: ANDROID}
Session ID: 0436cc7c-ad72-425a-aa9c-97b2cd9a57ca
at org.openqa.selenium.remote.codec.w3c.W3CHttpResponseCodec.createException(W3CHttpResponseCodec.java:200)
at org.openqa.selenium.remote.codec.w3c.W3CHttpResponseCodec.decode(W3CHttpResponseCodec.java:133)
at org.openqa.selenium.remote.codec.w3c.W3CHttpResponseCodec.decode(W3CHttpResponseCodec.java:52)
at org.openqa.selenium.remote.HttpCommandExecutor.execute(HttpCommandExecutor.java:191)
at io.appium.java_client.remote.AppiumCommandExecutor.execute(AppiumCommandExecutor.java:250)
at org.openqa.selenium.remote.RemoteWebDriver.execute(RemoteWebDriver.java:602)
at org.openqa.selenium.remote.ElementLocation$ElementFinder$2.findElement(ElementLocation.java:165)
at org.openqa.selenium.remote.ElementLocation.findElement(ElementLocation.java:59)
at org.openqa.selenium.remote.RemoteWebDriver.findElement(RemoteWebDriver.java:359)
at org.openqa.selenium.remote.RemoteWebDriver.findElement(RemoteWebDriver.java:353)
at P03_Screens.CommenMethods.Back_To_Home_Screen(CommenMethods.java:117)
at P03_Screens.MoneyTransferScreen.Money_Express(MoneyTransferScreen.java:498)
at P01_Testcases.Regression.MONEY_TRANSFER_MONEY_EXPRESS(Regression.java:178)
at java.base/java.util.ArrayList.forEach(ArrayList.java:1511)
... Removed 31 stack frames]]>
    </failure>
  </testcase> <!-- MONEY_TRANSFER_MONEY_EXPRESS -->
  <testcase classname="P01_Testcases.Regression" name="MONEY_TRANSFER_WITHIN_CHARITY_DONATION" time="225.908"/>
  <testcase classname="P01_Testcases.Regression" name="MONEY_TRANSFER_ZAKATY" time="122.318"/>
  <testcase classname="P01_Testcases.Regression" name="MONEY_TRANSFER_REQUEST_TO_PAY" time="224.631">
    <failure type="org.openqa.selenium.NoSuchElementException" message="An element could not be located on the page using the given search parameters.
For documentation on this error, please visit: https://www.selenium.dev/documentation/webdriver/troubleshooting/errors#no-such-element-exception
Build info: version: &amp;apos;4.19.1&amp;apos;, revision: &amp;apos;abe0ee07dc&amp;apos;
System info: os.name: &amp;apos;Windows 11&amp;apos;, os.arch: &amp;apos;amd64&amp;apos;, os.version: &amp;apos;10.0&amp;apos;, java.version: &amp;apos;17.0.5&amp;apos;
Driver info: io.appium.java_client.android.AndroidDriver
Command: [0436cc7c-ad72-425a-aa9c-97b2cd9a57ca, findElement {using=xpath, value=//android.widget.Button[@text =&amp;apos;&amp;apos;]}]
Capabilities {appium:appActivity: com.riyadbank.strategic.Mai..., appium:appPackage: com.riyadbank.strategic, appium:autoGrantPermissions: true, appium:automationName: UiAutomator2, appium:clearDeviceLogsOnStart: true, appium:clearSystemFiles: false, appium:databaseEnabled: false, appium:desired: {appActivity: com.riyadbank.strategic.Mai..., appPackage: com.riyadbank.strategic, autoGrantPermissions: true, automationName: UiAutomator2, clearDeviceLogsOnStart: true, clearSystemFiles: false, deviceName: AhmedM, ignoreHiddenApiPolicyError: true, newCommandTimeout: 120000, noReset: true, noSign: true, platformName: ANDROID, platformVersion: 13, skipServerInstallation: false, skipUnlock: true, systemPort: 8200}, appium:deviceApiLevel: 33, appium:deviceManufacturer: OPPO, appium:deviceModel: CPH2159, appium:deviceName: 3468a9a9, appium:deviceScreenDensity: 480, appium:deviceScreenSize: 1080x2400, appium:deviceUDID: 3468a9a9, appium:ignoreHiddenApiPolicyError: true, appium:javascriptEnabled: true, appium:locationContextEnabled: false, appium:networkConnectionEnabled: true, appium:newCommandTimeout: 120000, appium:noReset: true, appium:noSign: true, appium:pixelRatio: 3, appium:platformVersion: 13, appium:skipServerInstallation: false, appium:skipUnlock: true, appium:statBarHeight: 107, appium:systemPort: 8200, appium:takesScreenshot: true, appium:viewportRect: {height: 2186, left: 0, top: 107, width: 1080}, appium:warnings: {}, appium:webStorageEnabled: false, platformName: ANDROID}
Session ID: 0436cc7c-ad72-425a-aa9c-97b2cd9a57ca">
      <![CDATA[org.openqa.selenium.NoSuchElementException: An element could not be located on the page using the given search parameters.
For documentation on this error, please visit: https://www.selenium.dev/documentation/webdriver/troubleshooting/errors#no-such-element-exception
Build info: version: '4.19.1', revision: 'abe0ee07dc'
System info: os.name: 'Windows 11', os.arch: 'amd64', os.version: '10.0', java.version: '17.0.5'
Driver info: io.appium.java_client.android.AndroidDriver
Command: [0436cc7c-ad72-425a-aa9c-97b2cd9a57ca, findElement {using=xpath, value=//android.widget.Button[@text ='']}]
Capabilities {appium:appActivity: com.riyadbank.strategic.Mai..., appium:appPackage: com.riyadbank.strategic, appium:autoGrantPermissions: true, appium:automationName: UiAutomator2, appium:clearDeviceLogsOnStart: true, appium:clearSystemFiles: false, appium:databaseEnabled: false, appium:desired: {appActivity: com.riyadbank.strategic.Mai..., appPackage: com.riyadbank.strategic, autoGrantPermissions: true, automationName: UiAutomator2, clearDeviceLogsOnStart: true, clearSystemFiles: false, deviceName: AhmedM, ignoreHiddenApiPolicyError: true, newCommandTimeout: 120000, noReset: true, noSign: true, platformName: ANDROID, platformVersion: 13, skipServerInstallation: false, skipUnlock: true, systemPort: 8200}, appium:deviceApiLevel: 33, appium:deviceManufacturer: OPPO, appium:deviceModel: CPH2159, appium:deviceName: 3468a9a9, appium:deviceScreenDensity: 480, appium:deviceScreenSize: 1080x2400, appium:deviceUDID: 3468a9a9, appium:ignoreHiddenApiPolicyError: true, appium:javascriptEnabled: true, appium:locationContextEnabled: false, appium:networkConnectionEnabled: true, appium:newCommandTimeout: 120000, appium:noReset: true, appium:noSign: true, appium:pixelRatio: 3, appium:platformVersion: 13, appium:skipServerInstallation: false, appium:skipUnlock: true, appium:statBarHeight: 107, appium:systemPort: 8200, appium:takesScreenshot: true, appium:viewportRect: {height: 2186, left: 0, top: 107, width: 1080}, appium:warnings: {}, appium:webStorageEnabled: false, platformName: ANDROID}
Session ID: 0436cc7c-ad72-425a-aa9c-97b2cd9a57ca
at org.openqa.selenium.remote.codec.w3c.W3CHttpResponseCodec.createException(W3CHttpResponseCodec.java:200)
at org.openqa.selenium.remote.codec.w3c.W3CHttpResponseCodec.decode(W3CHttpResponseCodec.java:133)
at org.openqa.selenium.remote.codec.w3c.W3CHttpResponseCodec.decode(W3CHttpResponseCodec.java:52)
at org.openqa.selenium.remote.HttpCommandExecutor.execute(HttpCommandExecutor.java:191)
at io.appium.java_client.remote.AppiumCommandExecutor.execute(AppiumCommandExecutor.java:250)
at org.openqa.selenium.remote.RemoteWebDriver.execute(RemoteWebDriver.java:602)
at org.openqa.selenium.remote.ElementLocation$ElementFinder$2.findElement(ElementLocation.java:165)
at org.openqa.selenium.remote.ElementLocation.findElement(ElementLocation.java:59)
at org.openqa.selenium.remote.RemoteWebDriver.findElement(RemoteWebDriver.java:359)
at org.openqa.selenium.remote.RemoteWebDriver.findElement(RemoteWebDriver.java:353)
at P03_Screens.CommenMethods.Back_To_Home_Screen(CommenMethods.java:117)
at P03_Screens.MoneyTransferScreen.Request_To_Pay(MoneyTransferScreen.java:727)
at P01_Testcases.Regression.MONEY_TRANSFER_REQUEST_TO_PAY(Regression.java:196)
at java.base/java.util.ArrayList.forEach(ArrayList.java:1511)
... Removed 31 stack frames]]>
    </failure>
  </testcase> <!-- MONEY_TRANSFER_REQUEST_TO_PAY -->
  <testcase classname="P01_Testcases.Regression" name="ACCOUNT_IDENTIFIER_MANGAMENET_SERVICE_LINK_MY_ACCOUNT" time="225.827"/>
  <testcase classname="P01_Testcases.Regression" name="ACCOUNT_IDENTIFIER_MANGAMENET_SERVICE_UNLINK_MY_ACCOUNT" time="160.195"/>
  <testcase classname="P01_Testcases.Regression" name="APPLY_ONLINE_OPEN_CURRENT_ACCOUNT" time="105.626">
    <failure type="org.openqa.selenium.NoSuchElementException" message="An element could not be located on the page using the given search parameters.
For documentation on this error, please visit: https://www.selenium.dev/documentation/webdriver/troubleshooting/errors#no-such-element-exception
Build info: version: &amp;apos;4.19.1&amp;apos;, revision: &amp;apos;abe0ee07dc&amp;apos;
System info: os.name: &amp;apos;Windows 11&amp;apos;, os.arch: &amp;apos;amd64&amp;apos;, os.version: &amp;apos;10.0&amp;apos;, java.version: &amp;apos;17.0.5&amp;apos;
Driver info: io.appium.java_client.android.AndroidDriver
Command: [0436cc7c-ad72-425a-aa9c-97b2cd9a57ca, findElement {using=xpath, value=//android.widget.Button[@text =&amp;apos;&amp;apos;]}]
Capabilities {appium:appActivity: com.riyadbank.strategic.Mai..., appium:appPackage: com.riyadbank.strategic, appium:autoGrantPermissions: true, appium:automationName: UiAutomator2, appium:clearDeviceLogsOnStart: true, appium:clearSystemFiles: false, appium:databaseEnabled: false, appium:desired: {appActivity: com.riyadbank.strategic.Mai..., appPackage: com.riyadbank.strategic, autoGrantPermissions: true, automationName: UiAutomator2, clearDeviceLogsOnStart: true, clearSystemFiles: false, deviceName: AhmedM, ignoreHiddenApiPolicyError: true, newCommandTimeout: 120000, noReset: true, noSign: true, platformName: ANDROID, platformVersion: 13, skipServerInstallation: false, skipUnlock: true, systemPort: 8200}, appium:deviceApiLevel: 33, appium:deviceManufacturer: OPPO, appium:deviceModel: CPH2159, appium:deviceName: 3468a9a9, appium:deviceScreenDensity: 480, appium:deviceScreenSize: 1080x2400, appium:deviceUDID: 3468a9a9, appium:ignoreHiddenApiPolicyError: true, appium:javascriptEnabled: true, appium:locationContextEnabled: false, appium:networkConnectionEnabled: true, appium:newCommandTimeout: 120000, appium:noReset: true, appium:noSign: true, appium:pixelRatio: 3, appium:platformVersion: 13, appium:skipServerInstallation: false, appium:skipUnlock: true, appium:statBarHeight: 107, appium:systemPort: 8200, appium:takesScreenshot: true, appium:viewportRect: {height: 2186, left: 0, top: 107, width: 1080}, appium:warnings: {}, appium:webStorageEnabled: false, platformName: ANDROID}
Session ID: 0436cc7c-ad72-425a-aa9c-97b2cd9a57ca">
      <![CDATA[org.openqa.selenium.NoSuchElementException: An element could not be located on the page using the given search parameters.
For documentation on this error, please visit: https://www.selenium.dev/documentation/webdriver/troubleshooting/errors#no-such-element-exception
Build info: version: '4.19.1', revision: 'abe0ee07dc'
System info: os.name: 'Windows 11', os.arch: 'amd64', os.version: '10.0', java.version: '17.0.5'
Driver info: io.appium.java_client.android.AndroidDriver
Command: [0436cc7c-ad72-425a-aa9c-97b2cd9a57ca, findElement {using=xpath, value=//android.widget.Button[@text ='']}]
Capabilities {appium:appActivity: com.riyadbank.strategic.Mai..., appium:appPackage: com.riyadbank.strategic, appium:autoGrantPermissions: true, appium:automationName: UiAutomator2, appium:clearDeviceLogsOnStart: true, appium:clearSystemFiles: false, appium:databaseEnabled: false, appium:desired: {appActivity: com.riyadbank.strategic.Mai..., appPackage: com.riyadbank.strategic, autoGrantPermissions: true, automationName: UiAutomator2, clearDeviceLogsOnStart: true, clearSystemFiles: false, deviceName: AhmedM, ignoreHiddenApiPolicyError: true, newCommandTimeout: 120000, noReset: true, noSign: true, platformName: ANDROID, platformVersion: 13, skipServerInstallation: false, skipUnlock: true, systemPort: 8200}, appium:deviceApiLevel: 33, appium:deviceManufacturer: OPPO, appium:deviceModel: CPH2159, appium:deviceName: 3468a9a9, appium:deviceScreenDensity: 480, appium:deviceScreenSize: 1080x2400, appium:deviceUDID: 3468a9a9, appium:ignoreHiddenApiPolicyError: true, appium:javascriptEnabled: true, appium:locationContextEnabled: false, appium:networkConnectionEnabled: true, appium:newCommandTimeout: 120000, appium:noReset: true, appium:noSign: true, appium:pixelRatio: 3, appium:platformVersion: 13, appium:skipServerInstallation: false, appium:skipUnlock: true, appium:statBarHeight: 107, appium:systemPort: 8200, appium:takesScreenshot: true, appium:viewportRect: {height: 2186, left: 0, top: 107, width: 1080}, appium:warnings: {}, appium:webStorageEnabled: false, platformName: ANDROID}
Session ID: 0436cc7c-ad72-425a-aa9c-97b2cd9a57ca
at org.openqa.selenium.remote.codec.w3c.W3CHttpResponseCodec.createException(W3CHttpResponseCodec.java:200)
at org.openqa.selenium.remote.codec.w3c.W3CHttpResponseCodec.decode(W3CHttpResponseCodec.java:133)
at org.openqa.selenium.remote.codec.w3c.W3CHttpResponseCodec.decode(W3CHttpResponseCodec.java:52)
at org.openqa.selenium.remote.HttpCommandExecutor.execute(HttpCommandExecutor.java:191)
at io.appium.java_client.remote.AppiumCommandExecutor.execute(AppiumCommandExecutor.java:250)
at org.openqa.selenium.remote.RemoteWebDriver.execute(RemoteWebDriver.java:602)
at org.openqa.selenium.remote.ElementLocation$ElementFinder$2.findElement(ElementLocation.java:165)
at org.openqa.selenium.remote.ElementLocation.findElement(ElementLocation.java:59)
at org.openqa.selenium.remote.RemoteWebDriver.findElement(RemoteWebDriver.java:359)
at org.openqa.selenium.remote.RemoteWebDriver.findElement(RemoteWebDriver.java:353)
at P03_Screens.CommenMethods.Back_To_Home_Screen(CommenMethods.java:117)
at P03_Screens.ApplyOnlineScreen.Open_Account(ApplyOnlineScreen.java:243)
at P01_Testcases.Regression.APPLY_ONLINE_OPEN_CURRENT_ACCOUNT(Regression.java:214)
at java.base/java.util.ArrayList.forEach(ArrayList.java:1511)
... Removed 31 stack frames]]>
    </failure>
  </testcase> <!-- APPLY_ONLINE_OPEN_CURRENT_ACCOUNT -->
  <testcase classname="P01_Testcases.Regression" name="APPLY_ONLINE_OPEN_SAVING_ACCOUNT_WITHOUT_INCOME" time="93.144">
    <failure type="org.openqa.selenium.NoSuchElementException" message="An element could not be located on the page using the given search parameters.
For documentation on this error, please visit: https://www.selenium.dev/documentation/webdriver/troubleshooting/errors#no-such-element-exception
Build info: version: &amp;apos;4.19.1&amp;apos;, revision: &amp;apos;abe0ee07dc&amp;apos;
System info: os.name: &amp;apos;Windows 11&amp;apos;, os.arch: &amp;apos;amd64&amp;apos;, os.version: &amp;apos;10.0&amp;apos;, java.version: &amp;apos;17.0.5&amp;apos;
Driver info: io.appium.java_client.android.AndroidDriver
Command: [0436cc7c-ad72-425a-aa9c-97b2cd9a57ca, findElement {using=xpath, value=//android.widget.Button[@text =&amp;apos;&amp;apos;]}]
Capabilities {appium:appActivity: com.riyadbank.strategic.Mai..., appium:appPackage: com.riyadbank.strategic, appium:autoGrantPermissions: true, appium:automationName: UiAutomator2, appium:clearDeviceLogsOnStart: true, appium:clearSystemFiles: false, appium:databaseEnabled: false, appium:desired: {appActivity: com.riyadbank.strategic.Mai..., appPackage: com.riyadbank.strategic, autoGrantPermissions: true, automationName: UiAutomator2, clearDeviceLogsOnStart: true, clearSystemFiles: false, deviceName: AhmedM, ignoreHiddenApiPolicyError: true, newCommandTimeout: 120000, noReset: true, noSign: true, platformName: ANDROID, platformVersion: 13, skipServerInstallation: false, skipUnlock: true, systemPort: 8200}, appium:deviceApiLevel: 33, appium:deviceManufacturer: OPPO, appium:deviceModel: CPH2159, appium:deviceName: 3468a9a9, appium:deviceScreenDensity: 480, appium:deviceScreenSize: 1080x2400, appium:deviceUDID: 3468a9a9, appium:ignoreHiddenApiPolicyError: true, appium:javascriptEnabled: true, appium:locationContextEnabled: false, appium:networkConnectionEnabled: true, appium:newCommandTimeout: 120000, appium:noReset: true, appium:noSign: true, appium:pixelRatio: 3, appium:platformVersion: 13, appium:skipServerInstallation: false, appium:skipUnlock: true, appium:statBarHeight: 107, appium:systemPort: 8200, appium:takesScreenshot: true, appium:viewportRect: {height: 2186, left: 0, top: 107, width: 1080}, appium:warnings: {}, appium:webStorageEnabled: false, platformName: ANDROID}
Session ID: 0436cc7c-ad72-425a-aa9c-97b2cd9a57ca">
      <![CDATA[org.openqa.selenium.NoSuchElementException: An element could not be located on the page using the given search parameters.
For documentation on this error, please visit: https://www.selenium.dev/documentation/webdriver/troubleshooting/errors#no-such-element-exception
Build info: version: '4.19.1', revision: 'abe0ee07dc'
System info: os.name: 'Windows 11', os.arch: 'amd64', os.version: '10.0', java.version: '17.0.5'
Driver info: io.appium.java_client.android.AndroidDriver
Command: [0436cc7c-ad72-425a-aa9c-97b2cd9a57ca, findElement {using=xpath, value=//android.widget.Button[@text ='']}]
Capabilities {appium:appActivity: com.riyadbank.strategic.Mai..., appium:appPackage: com.riyadbank.strategic, appium:autoGrantPermissions: true, appium:automationName: UiAutomator2, appium:clearDeviceLogsOnStart: true, appium:clearSystemFiles: false, appium:databaseEnabled: false, appium:desired: {appActivity: com.riyadbank.strategic.Mai..., appPackage: com.riyadbank.strategic, autoGrantPermissions: true, automationName: UiAutomator2, clearDeviceLogsOnStart: true, clearSystemFiles: false, deviceName: AhmedM, ignoreHiddenApiPolicyError: true, newCommandTimeout: 120000, noReset: true, noSign: true, platformName: ANDROID, platformVersion: 13, skipServerInstallation: false, skipUnlock: true, systemPort: 8200}, appium:deviceApiLevel: 33, appium:deviceManufacturer: OPPO, appium:deviceModel: CPH2159, appium:deviceName: 3468a9a9, appium:deviceScreenDensity: 480, appium:deviceScreenSize: 1080x2400, appium:deviceUDID: 3468a9a9, appium:ignoreHiddenApiPolicyError: true, appium:javascriptEnabled: true, appium:locationContextEnabled: false, appium:networkConnectionEnabled: true, appium:newCommandTimeout: 120000, appium:noReset: true, appium:noSign: true, appium:pixelRatio: 3, appium:platformVersion: 13, appium:skipServerInstallation: false, appium:skipUnlock: true, appium:statBarHeight: 107, appium:systemPort: 8200, appium:takesScreenshot: true, appium:viewportRect: {height: 2186, left: 0, top: 107, width: 1080}, appium:warnings: {}, appium:webStorageEnabled: false, platformName: ANDROID}
Session ID: 0436cc7c-ad72-425a-aa9c-97b2cd9a57ca
at org.openqa.selenium.remote.codec.w3c.W3CHttpResponseCodec.createException(W3CHttpResponseCodec.java:200)
at org.openqa.selenium.remote.codec.w3c.W3CHttpResponseCodec.decode(W3CHttpResponseCodec.java:133)
at org.openqa.selenium.remote.codec.w3c.W3CHttpResponseCodec.decode(W3CHttpResponseCodec.java:52)
at org.openqa.selenium.remote.HttpCommandExecutor.execute(HttpCommandExecutor.java:191)
at io.appium.java_client.remote.AppiumCommandExecutor.execute(AppiumCommandExecutor.java:250)
at org.openqa.selenium.remote.RemoteWebDriver.execute(RemoteWebDriver.java:602)
at org.openqa.selenium.remote.ElementLocation$ElementFinder$2.findElement(ElementLocation.java:165)
at org.openqa.selenium.remote.ElementLocation.findElement(ElementLocation.java:59)
at org.openqa.selenium.remote.RemoteWebDriver.findElement(RemoteWebDriver.java:359)
at org.openqa.selenium.remote.RemoteWebDriver.findElement(RemoteWebDriver.java:353)
at P03_Screens.CommenMethods.Back_To_Home_Screen(CommenMethods.java:117)
at P03_Screens.ApplyOnlineScreen.Open_Account(ApplyOnlineScreen.java:243)
at P01_Testcases.Regression.APPLY_ONLINE_OPEN_SAVING_ACCOUNT_WITHOUT_INCOME(Regression.java:220)
at java.base/java.util.ArrayList.forEach(ArrayList.java:1511)
... Removed 31 stack frames]]>
    </failure>
  </testcase> <!-- APPLY_ONLINE_OPEN_SAVING_ACCOUNT_WITHOUT_INCOME -->
  <testcase classname="P01_Testcases.Regression" name="APPLY_ONLINE_OPEN_SAVING_ACCOUNT_WITH_INCOME" time="59.619"/>
  <testcase classname="P01_Testcases.Regression" name="APPLY_ONLINE_APPLY_FOR_CREDIT_CARD" time="120.35">
    <failure type="org.openqa.selenium.NoSuchElementException" message="An element could not be located on the page using the given search parameters.
For documentation on this error, please visit: https://www.selenium.dev/documentation/webdriver/troubleshooting/errors#no-such-element-exception
Build info: version: &amp;apos;4.19.1&amp;apos;, revision: &amp;apos;abe0ee07dc&amp;apos;
System info: os.name: &amp;apos;Windows 11&amp;apos;, os.arch: &amp;apos;amd64&amp;apos;, os.version: &amp;apos;10.0&amp;apos;, java.version: &amp;apos;17.0.5&amp;apos;
Driver info: io.appium.java_client.android.AndroidDriver
Command: [0436cc7c-ad72-425a-aa9c-97b2cd9a57ca, findElement {using=xpath, value=//android.widget.Button[@text =&amp;apos;&amp;apos;]}]
Capabilities {appium:appActivity: com.riyadbank.strategic.Mai..., appium:appPackage: com.riyadbank.strategic, appium:autoGrantPermissions: true, appium:automationName: UiAutomator2, appium:clearDeviceLogsOnStart: true, appium:clearSystemFiles: false, appium:databaseEnabled: false, appium:desired: {appActivity: com.riyadbank.strategic.Mai..., appPackage: com.riyadbank.strategic, autoGrantPermissions: true, automationName: UiAutomator2, clearDeviceLogsOnStart: true, clearSystemFiles: false, deviceName: AhmedM, ignoreHiddenApiPolicyError: true, newCommandTimeout: 120000, noReset: true, noSign: true, platformName: ANDROID, platformVersion: 13, skipServerInstallation: false, skipUnlock: true, systemPort: 8200}, appium:deviceApiLevel: 33, appium:deviceManufacturer: OPPO, appium:deviceModel: CPH2159, appium:deviceName: 3468a9a9, appium:deviceScreenDensity: 480, appium:deviceScreenSize: 1080x2400, appium:deviceUDID: 3468a9a9, appium:ignoreHiddenApiPolicyError: true, appium:javascriptEnabled: true, appium:locationContextEnabled: false, appium:networkConnectionEnabled: true, appium:newCommandTimeout: 120000, appium:noReset: true, appium:noSign: true, appium:pixelRatio: 3, appium:platformVersion: 13, appium:skipServerInstallation: false, appium:skipUnlock: true, appium:statBarHeight: 107, appium:systemPort: 8200, appium:takesScreenshot: true, appium:viewportRect: {height: 2186, left: 0, top: 107, width: 1080}, appium:warnings: {}, appium:webStorageEnabled: false, platformName: ANDROID}
Session ID: 0436cc7c-ad72-425a-aa9c-97b2cd9a57ca">
      <![CDATA[org.openqa.selenium.NoSuchElementException: An element could not be located on the page using the given search parameters.
For documentation on this error, please visit: https://www.selenium.dev/documentation/webdriver/troubleshooting/errors#no-such-element-exception
Build info: version: '4.19.1', revision: 'abe0ee07dc'
System info: os.name: 'Windows 11', os.arch: 'amd64', os.version: '10.0', java.version: '17.0.5'
Driver info: io.appium.java_client.android.AndroidDriver
Command: [0436cc7c-ad72-425a-aa9c-97b2cd9a57ca, findElement {using=xpath, value=//android.widget.Button[@text ='']}]
Capabilities {appium:appActivity: com.riyadbank.strategic.Mai..., appium:appPackage: com.riyadbank.strategic, appium:autoGrantPermissions: true, appium:automationName: UiAutomator2, appium:clearDeviceLogsOnStart: true, appium:clearSystemFiles: false, appium:databaseEnabled: false, appium:desired: {appActivity: com.riyadbank.strategic.Mai..., appPackage: com.riyadbank.strategic, autoGrantPermissions: true, automationName: UiAutomator2, clearDeviceLogsOnStart: true, clearSystemFiles: false, deviceName: AhmedM, ignoreHiddenApiPolicyError: true, newCommandTimeout: 120000, noReset: true, noSign: true, platformName: ANDROID, platformVersion: 13, skipServerInstallation: false, skipUnlock: true, systemPort: 8200}, appium:deviceApiLevel: 33, appium:deviceManufacturer: OPPO, appium:deviceModel: CPH2159, appium:deviceName: 3468a9a9, appium:deviceScreenDensity: 480, appium:deviceScreenSize: 1080x2400, appium:deviceUDID: 3468a9a9, appium:ignoreHiddenApiPolicyError: true, appium:javascriptEnabled: true, appium:locationContextEnabled: false, appium:networkConnectionEnabled: true, appium:newCommandTimeout: 120000, appium:noReset: true, appium:noSign: true, appium:pixelRatio: 3, appium:platformVersion: 13, appium:skipServerInstallation: false, appium:skipUnlock: true, appium:statBarHeight: 107, appium:systemPort: 8200, appium:takesScreenshot: true, appium:viewportRect: {height: 2186, left: 0, top: 107, width: 1080}, appium:warnings: {}, appium:webStorageEnabled: false, platformName: ANDROID}
Session ID: 0436cc7c-ad72-425a-aa9c-97b2cd9a57ca
at org.openqa.selenium.remote.codec.w3c.W3CHttpResponseCodec.createException(W3CHttpResponseCodec.java:200)
at org.openqa.selenium.remote.codec.w3c.W3CHttpResponseCodec.decode(W3CHttpResponseCodec.java:133)
at org.openqa.selenium.remote.codec.w3c.W3CHttpResponseCodec.decode(W3CHttpResponseCodec.java:52)
at org.openqa.selenium.remote.HttpCommandExecutor.execute(HttpCommandExecutor.java:191)
at io.appium.java_client.remote.AppiumCommandExecutor.execute(AppiumCommandExecutor.java:250)
at org.openqa.selenium.remote.RemoteWebDriver.execute(RemoteWebDriver.java:602)
at org.openqa.selenium.remote.ElementLocation$ElementFinder$2.findElement(ElementLocation.java:165)
at org.openqa.selenium.remote.ElementLocation.findElement(ElementLocation.java:59)
at org.openqa.selenium.remote.RemoteWebDriver.findElement(RemoteWebDriver.java:359)
at org.openqa.selenium.remote.RemoteWebDriver.findElement(RemoteWebDriver.java:353)
at P03_Screens.CommenMethods.Back_To_Home_Screen(CommenMethods.java:117)
at P03_Screens.ApplyOnlineScreen.Create_Credit_Card(ApplyOnlineScreen.java:404)
at P01_Testcases.Regression.APPLY_ONLINE_APPLY_FOR_CREDIT_CARD(Regression.java:232)
at java.base/java.util.ArrayList.forEach(ArrayList.java:1511)
... Removed 31 stack frames]]>
    </failure>
  </testcase> <!-- APPLY_ONLINE_APPLY_FOR_CREDIT_CARD -->
  <testcase classname="P01_Testcases.Regression" name="TOKEN_PROGRAM_APPLY_FOR_TOKEN" time="0.071"/>
  <testcase classname="P01_Testcases.Regression" name="APPLY_ONLINE_APPLY_FOR_VIRTUAL_CARD" time="0.072"/>
  <testcase classname="P01_Testcases.Regression" name="APPLY_ONLINE_APPLY_FOR_PREPAID_CARD" time="65.245"/>
  <testcase classname="P01_Testcases.Regression" name="APPLY_ONLINE_APPLY_FOR_SALARY_CARD" time="0.054"/>
  <testcase classname="P01_Testcases.Regression" name="APPLY_ONLINE_APPLY_FOR_MULTI_CURRENCY_CARD" time="42.679"/>
  <testcase classname="P01_Testcases.Regression" name="APPLY_ONLINE_APPLY_FOR_WAZEN" time="199.578">
    <failure type="org.openqa.selenium.NoSuchElementException" message="An element could not be located on the page using the given search parameters.
For documentation on this error, please visit: https://www.selenium.dev/documentation/webdriver/troubleshooting/errors#no-such-element-exception
Build info: version: &amp;apos;4.19.1&amp;apos;, revision: &amp;apos;abe0ee07dc&amp;apos;
System info: os.name: &amp;apos;Windows 11&amp;apos;, os.arch: &amp;apos;amd64&amp;apos;, os.version: &amp;apos;10.0&amp;apos;, java.version: &amp;apos;17.0.5&amp;apos;
Driver info: io.appium.java_client.android.AndroidDriver
Command: [0436cc7c-ad72-425a-aa9c-97b2cd9a57ca, findElement {using=xpath, value=//android.widget.Button[@text =&amp;apos;&amp;apos;]}]
Capabilities {appium:appActivity: com.riyadbank.strategic.Mai..., appium:appPackage: com.riyadbank.strategic, appium:autoGrantPermissions: true, appium:automationName: UiAutomator2, appium:clearDeviceLogsOnStart: true, appium:clearSystemFiles: false, appium:databaseEnabled: false, appium:desired: {appActivity: com.riyadbank.strategic.Mai..., appPackage: com.riyadbank.strategic, autoGrantPermissions: true, automationName: UiAutomator2, clearDeviceLogsOnStart: true, clearSystemFiles: false, deviceName: AhmedM, ignoreHiddenApiPolicyError: true, newCommandTimeout: 120000, noReset: true, noSign: true, platformName: ANDROID, platformVersion: 13, skipServerInstallation: false, skipUnlock: true, systemPort: 8200}, appium:deviceApiLevel: 33, appium:deviceManufacturer: OPPO, appium:deviceModel: CPH2159, appium:deviceName: 3468a9a9, appium:deviceScreenDensity: 480, appium:deviceScreenSize: 1080x2400, appium:deviceUDID: 3468a9a9, appium:ignoreHiddenApiPolicyError: true, appium:javascriptEnabled: true, appium:locationContextEnabled: false, appium:networkConnectionEnabled: true, appium:newCommandTimeout: 120000, appium:noReset: true, appium:noSign: true, appium:pixelRatio: 3, appium:platformVersion: 13, appium:skipServerInstallation: false, appium:skipUnlock: true, appium:statBarHeight: 107, appium:systemPort: 8200, appium:takesScreenshot: true, appium:viewportRect: {height: 2186, left: 0, top: 107, width: 1080}, appium:warnings: {}, appium:webStorageEnabled: false, platformName: ANDROID}
Session ID: 0436cc7c-ad72-425a-aa9c-97b2cd9a57ca">
      <![CDATA[org.openqa.selenium.NoSuchElementException: An element could not be located on the page using the given search parameters.
For documentation on this error, please visit: https://www.selenium.dev/documentation/webdriver/troubleshooting/errors#no-such-element-exception
Build info: version: '4.19.1', revision: 'abe0ee07dc'
System info: os.name: 'Windows 11', os.arch: 'amd64', os.version: '10.0', java.version: '17.0.5'
Driver info: io.appium.java_client.android.AndroidDriver
Command: [0436cc7c-ad72-425a-aa9c-97b2cd9a57ca, findElement {using=xpath, value=//android.widget.Button[@text ='']}]
Capabilities {appium:appActivity: com.riyadbank.strategic.Mai..., appium:appPackage: com.riyadbank.strategic, appium:autoGrantPermissions: true, appium:automationName: UiAutomator2, appium:clearDeviceLogsOnStart: true, appium:clearSystemFiles: false, appium:databaseEnabled: false, appium:desired: {appActivity: com.riyadbank.strategic.Mai..., appPackage: com.riyadbank.strategic, autoGrantPermissions: true, automationName: UiAutomator2, clearDeviceLogsOnStart: true, clearSystemFiles: false, deviceName: AhmedM, ignoreHiddenApiPolicyError: true, newCommandTimeout: 120000, noReset: true, noSign: true, platformName: ANDROID, platformVersion: 13, skipServerInstallation: false, skipUnlock: true, systemPort: 8200}, appium:deviceApiLevel: 33, appium:deviceManufacturer: OPPO, appium:deviceModel: CPH2159, appium:deviceName: 3468a9a9, appium:deviceScreenDensity: 480, appium:deviceScreenSize: 1080x2400, appium:deviceUDID: 3468a9a9, appium:ignoreHiddenApiPolicyError: true, appium:javascriptEnabled: true, appium:locationContextEnabled: false, appium:networkConnectionEnabled: true, appium:newCommandTimeout: 120000, appium:noReset: true, appium:noSign: true, appium:pixelRatio: 3, appium:platformVersion: 13, appium:skipServerInstallation: false, appium:skipUnlock: true, appium:statBarHeight: 107, appium:systemPort: 8200, appium:takesScreenshot: true, appium:viewportRect: {height: 2186, left: 0, top: 107, width: 1080}, appium:warnings: {}, appium:webStorageEnabled: false, platformName: ANDROID}
Session ID: 0436cc7c-ad72-425a-aa9c-97b2cd9a57ca
at org.openqa.selenium.remote.codec.w3c.W3CHttpResponseCodec.createException(W3CHttpResponseCodec.java:200)
at org.openqa.selenium.remote.codec.w3c.W3CHttpResponseCodec.decode(W3CHttpResponseCodec.java:133)
at org.openqa.selenium.remote.codec.w3c.W3CHttpResponseCodec.decode(W3CHttpResponseCodec.java:52)
at org.openqa.selenium.remote.HttpCommandExecutor.execute(HttpCommandExecutor.java:191)
at io.appium.java_client.remote.AppiumCommandExecutor.execute(AppiumCommandExecutor.java:250)
at org.openqa.selenium.remote.RemoteWebDriver.execute(RemoteWebDriver.java:602)
at org.openqa.selenium.remote.ElementLocation$ElementFinder$2.findElement(ElementLocation.java:165)
at org.openqa.selenium.remote.ElementLocation.findElement(ElementLocation.java:59)
at org.openqa.selenium.remote.RemoteWebDriver.findElement(RemoteWebDriver.java:359)
at org.openqa.selenium.remote.RemoteWebDriver.findElement(RemoteWebDriver.java:353)
at P03_Screens.CommenMethods.Back_To_Home_Screen(CommenMethods.java:117)
at P03_Screens.ApplyOnlineScreen.Creat_Wazen(ApplyOnlineScreen.java:733)
at P01_Testcases.Regression.APPLY_ONLINE_APPLY_FOR_WAZEN(Regression.java:271)
at java.base/java.util.ArrayList.forEach(ArrayList.java:1511)
... Removed 31 stack frames]]>
    </failure>
  </testcase> <!-- APPLY_ONLINE_APPLY_FOR_WAZEN -->
  <testcase classname="P01_Testcases.Regression" name="ADD_NEW_BENFICIARY_RIYAD_BANK_BENFICIARY" time="163.929">
    <failure type="org.openqa.selenium.NoSuchElementException" message="An element could not be located on the page using the given search parameters.
For documentation on this error, please visit: https://www.selenium.dev/documentation/webdriver/troubleshooting/errors#no-such-element-exception
Build info: version: &amp;apos;4.19.1&amp;apos;, revision: &amp;apos;abe0ee07dc&amp;apos;
System info: os.name: &amp;apos;Windows 11&amp;apos;, os.arch: &amp;apos;amd64&amp;apos;, os.version: &amp;apos;10.0&amp;apos;, java.version: &amp;apos;17.0.5&amp;apos;
Driver info: io.appium.java_client.android.AndroidDriver
Command: [0436cc7c-ad72-425a-aa9c-97b2cd9a57ca, findElement {using=xpath, value=//android.widget.Button[@text =&amp;apos;&amp;apos;]}]
Capabilities {appium:appActivity: com.riyadbank.strategic.Mai..., appium:appPackage: com.riyadbank.strategic, appium:autoGrantPermissions: true, appium:automationName: UiAutomator2, appium:clearDeviceLogsOnStart: true, appium:clearSystemFiles: false, appium:databaseEnabled: false, appium:desired: {appActivity: com.riyadbank.strategic.Mai..., appPackage: com.riyadbank.strategic, autoGrantPermissions: true, automationName: UiAutomator2, clearDeviceLogsOnStart: true, clearSystemFiles: false, deviceName: AhmedM, ignoreHiddenApiPolicyError: true, newCommandTimeout: 120000, noReset: true, noSign: true, platformName: ANDROID, platformVersion: 13, skipServerInstallation: false, skipUnlock: true, systemPort: 8200}, appium:deviceApiLevel: 33, appium:deviceManufacturer: OPPO, appium:deviceModel: CPH2159, appium:deviceName: 3468a9a9, appium:deviceScreenDensity: 480, appium:deviceScreenSize: 1080x2400, appium:deviceUDID: 3468a9a9, appium:ignoreHiddenApiPolicyError: true, appium:javascriptEnabled: true, appium:locationContextEnabled: false, appium:networkConnectionEnabled: true, appium:newCommandTimeout: 120000, appium:noReset: true, appium:noSign: true, appium:pixelRatio: 3, appium:platformVersion: 13, appium:skipServerInstallation: false, appium:skipUnlock: true, appium:statBarHeight: 107, appium:systemPort: 8200, appium:takesScreenshot: true, appium:viewportRect: {height: 2186, left: 0, top: 107, width: 1080}, appium:warnings: {}, appium:webStorageEnabled: false, platformName: ANDROID}
Session ID: 0436cc7c-ad72-425a-aa9c-97b2cd9a57ca">
      <![CDATA[org.openqa.selenium.NoSuchElementException: An element could not be located on the page using the given search parameters.
For documentation on this error, please visit: https://www.selenium.dev/documentation/webdriver/troubleshooting/errors#no-such-element-exception
Build info: version: '4.19.1', revision: 'abe0ee07dc'
System info: os.name: 'Windows 11', os.arch: 'amd64', os.version: '10.0', java.version: '17.0.5'
Driver info: io.appium.java_client.android.AndroidDriver
Command: [0436cc7c-ad72-425a-aa9c-97b2cd9a57ca, findElement {using=xpath, value=//android.widget.Button[@text ='']}]
Capabilities {appium:appActivity: com.riyadbank.strategic.Mai..., appium:appPackage: com.riyadbank.strategic, appium:autoGrantPermissions: true, appium:automationName: UiAutomator2, appium:clearDeviceLogsOnStart: true, appium:clearSystemFiles: false, appium:databaseEnabled: false, appium:desired: {appActivity: com.riyadbank.strategic.Mai..., appPackage: com.riyadbank.strategic, autoGrantPermissions: true, automationName: UiAutomator2, clearDeviceLogsOnStart: true, clearSystemFiles: false, deviceName: AhmedM, ignoreHiddenApiPolicyError: true, newCommandTimeout: 120000, noReset: true, noSign: true, platformName: ANDROID, platformVersion: 13, skipServerInstallation: false, skipUnlock: true, systemPort: 8200}, appium:deviceApiLevel: 33, appium:deviceManufacturer: OPPO, appium:deviceModel: CPH2159, appium:deviceName: 3468a9a9, appium:deviceScreenDensity: 480, appium:deviceScreenSize: 1080x2400, appium:deviceUDID: 3468a9a9, appium:ignoreHiddenApiPolicyError: true, appium:javascriptEnabled: true, appium:locationContextEnabled: false, appium:networkConnectionEnabled: true, appium:newCommandTimeout: 120000, appium:noReset: true, appium:noSign: true, appium:pixelRatio: 3, appium:platformVersion: 13, appium:skipServerInstallation: false, appium:skipUnlock: true, appium:statBarHeight: 107, appium:systemPort: 8200, appium:takesScreenshot: true, appium:viewportRect: {height: 2186, left: 0, top: 107, width: 1080}, appium:warnings: {}, appium:webStorageEnabled: false, platformName: ANDROID}
Session ID: 0436cc7c-ad72-425a-aa9c-97b2cd9a57ca
at org.openqa.selenium.remote.codec.w3c.W3CHttpResponseCodec.createException(W3CHttpResponseCodec.java:200)
at org.openqa.selenium.remote.codec.w3c.W3CHttpResponseCodec.decode(W3CHttpResponseCodec.java:133)
at org.openqa.selenium.remote.codec.w3c.W3CHttpResponseCodec.decode(W3CHttpResponseCodec.java:52)
at org.openqa.selenium.remote.HttpCommandExecutor.execute(HttpCommandExecutor.java:191)
at io.appium.java_client.remote.AppiumCommandExecutor.execute(AppiumCommandExecutor.java:250)
at org.openqa.selenium.remote.RemoteWebDriver.execute(RemoteWebDriver.java:602)
at org.openqa.selenium.remote.ElementLocation$ElementFinder$2.findElement(ElementLocation.java:165)
at org.openqa.selenium.remote.ElementLocation.findElement(ElementLocation.java:59)
at org.openqa.selenium.remote.RemoteWebDriver.findElement(RemoteWebDriver.java:359)
at org.openqa.selenium.remote.RemoteWebDriver.findElement(RemoteWebDriver.java:353)
at P03_Screens.CommenMethods.Back_To_Home_Screen(CommenMethods.java:117)
at P03_Screens.AddNewBeneficaryScreen.Riyad_Bank_Benf(AddNewBeneficaryScreen.java:159)
at P01_Testcases.Regression.ADD_NEW_BENFICIARY_RIYAD_BANK_BENFICIARY(Regression.java:277)
at java.base/java.util.ArrayList.forEach(ArrayList.java:1511)
... Removed 31 stack frames]]>
    </failure>
  </testcase> <!-- ADD_NEW_BENFICIARY_RIYAD_BANK_BENFICIARY -->
  <testcase classname="P01_Testcases.Regression" name="ADD_NEW_BENFICIARY_LOCAL_BENFICIARY" time="110.964">
    <failure type="org.openqa.selenium.NoSuchElementException" message="An element could not be located on the page using the given search parameters.
For documentation on this error, please visit: https://www.selenium.dev/documentation/webdriver/troubleshooting/errors#no-such-element-exception
Build info: version: &amp;apos;4.19.1&amp;apos;, revision: &amp;apos;abe0ee07dc&amp;apos;
[...]
Session ID: 0436cc7c-ad72-425a-aa9c-97b2cd9a57ca
at org.openqa.selenium.remote.codec.w3c.W3CHttpResponseCodec.createException(W3CHttpResponseCodec.java:200)
at org.openqa.selenium.remote.codec.w3c.W3CHttpResponseCodec.decode(W3CHttpResponseCodec.java:133)
at org.openqa.selenium.remote.codec.w3c.W3CHttpResponseCodec.decode(W3CHttpResponseCodec.java:52)
at org.openqa.selenium.remote.HttpCommandExecutor.execute(HttpCommandExecutor.java:191)
at io.appium.java_client.remote.AppiumCommandExecutor.execute(AppiumCommandExecutor.java:250)
at org.openqa.selenium.remote.RemoteWebDriver.execute(RemoteWebDriver.java:602)
at org.openqa.selenium.remote.ElementLocation$ElementFinder$2.findElement(ElementLocation.java:165)
at org.openqa.selenium.remote.ElementLocation.findElement(ElementLocation.java:59)
at org.openqa.selenium.remote.RemoteWebDriver.findElement(RemoteWebDriver.java:359)
at org.openqa.selenium.remote.RemoteWebDriver.findElement(RemoteWebDriver.java:353)
at P03_Screens.CommenMethods.Back_To_Home_Screen(CommenMethods.java:117)
at P03_Screens.PersonalFinanceManagementScreen.PFM_Check_Activity(PersonalFinanceManagementScreen.java:80)
at P01_Testcases.Regression.PERSONAL_FINANCE_MANAGEMENT_CHECK_ACTIVITY(Regression.java:314)
at java.base/java.util.ArrayList.forEach(ArrayList.java:1511)
... Removed 31 stack frames]]>
    </failure>
  </testcase> <!-- PERSONAL_FINANCE_MANAGEMENT_CHECK_ACTIVITY -->
  <testcase classname="P01_Testcases.Regression" name="INSURANCE_CHECK_MOTOR_INSURANCE_DETAILS" time="12.281"/>
  <testcase classname="P01_Testcases.Regression" name="INVESTMENTS_IPO" time="171.935"/>
  <testcase classname="P01_Testcases.Regression" name="INVESTMENTS_TIME_DEPOSIT" time="86.495"/>
  <testcase classname="P01_Testcases.Regression" name="HASSAD_PROGRAM_TRANSFER" time="91.647">
    <failure type="org.openqa.selenium.NoSuchElementException" message="An element could not be located on the page using the given search parameters.
For documentation on this error, please visit: https://www.selenium.dev/documentation/webdriver/troubleshooting/errors#no-such-element-exception
Build info: version: &amp;apos;4.19.1&amp;apos;, revision: &amp;apos;abe0ee07dc&amp;apos;
System info: os.name: &amp;apos;Windows 11&amp;apos;, os.arch: &amp;apos;amd64&amp;apos;, os.version: &amp;apos;10.0&amp;apos;, java.version: &amp;apos;17.0.5&amp;apos;
Driver info: io.appium.java_client.android.AndroidDriver
Command: [0436cc7c-ad72-425a-aa9c-97b2cd9a57ca, findElement {using=xpath, value=//android.widget.Button[@text =&amp;apos;&amp;apos;]}]
Capabilities {appium:appActivity: com.riyadbank.strategic.Mai..., appium:appPackage: com.riyadbank.strategic, appium:autoGrantPermissions: true, appium:automationName: UiAutomator2, appium:clearDeviceLogsOnStart: true, appium:clearSystemFiles: false, appium:databaseEnabled: false, appium:desired: {appActivity: com.riyadbank.strategic.Mai..., appPackage: com.riyadbank.strategic, autoGrantPermissions: true, automationName: UiAutomator2, clearDeviceLogsOnStart: true, clearSystemFiles: false, deviceName: AhmedM, ignoreHiddenApiPolicyError: true, newCommandTimeout: 120000, noReset: true, noSign: true, platformName: ANDROID, platformVersion: 13, skipServerInstallation: false, skipUnlock: true, systemPort: 8200}, appium:deviceApiLevel: 33, appium:deviceManufacturer: OPPO, appium:deviceModel: CPH2159, appium:deviceName: 3468a9a9, appium:deviceScreenDensity: 480, appium:deviceScreenSize: 1080x2400, appium:deviceUDID: 3468a9a9, appium:ignoreHiddenApiPolicyError: true, appium:javascriptEnabled: true, appium:locationContextEnabled: false, appium:networkConnectionEnabled: true, appium:newCommandTimeout: 120000, appium:noReset: true, appium:noSign: true, appium:pixelRatio: 3, appium:platformVersion: 13, appium:skipServerInstallation: false, appium:skipUnlock: true, appium:statBarHeight: 107, appium:systemPort: 8200, appium:takesScreenshot: true, appium:viewportRect: {height: 2186, left: 0, top: 107, width: 1080}, appium:warnings: {}, appium:webStorageEnabled: false, platformName: ANDROID}
Session ID: 0436cc7c-ad72-425a-aa9c-97b2cd9a57ca">
      <![CDATA[org.openqa.selenium.NoSuchElementException: An element could not be located on the page using the given search parameters.
For documentation on this error, please visit: https://www.selenium.dev/documentation/webdriver/troubleshooting/errors#no-such-element-exception
Build info: version: '4.19.1', revision: 'abe0ee07dc'
System info: os.name: 'Windows 11', os.arch: 'amd64', os.version: '10.0', java.version: '17.0.5'
Driver info: io.appium.java_client.android.AndroidDriver
Command: [0436cc7c-ad72-425a-aa9c-97b2cd9a57ca, findElement {using=xpath, value=//android.widget.Button[@text ='']}]
Capabilities {appium:appActivity: com.riyadbank.strategic.Mai..., appium:appPackage: com.riyadbank.strategic, appium:autoGrantPermissions: true, appium:automationName: UiAutomator2, appium:clearDeviceLogsOnStart: true, appium:clearSystemFiles: false, appium:databaseEnabled: false, appium:desired: {appActivity: com.riyadbank.strategic.Mai..., appPackage: com.riyadbank.strategic, autoGrantPermissions: true, automationName: UiAutomator2, clearDeviceLogsOnStart: true, clearSystemFiles: false, deviceName: AhmedM, ignoreHiddenApiPolicyError: true, newCommandTimeout: 120000, noReset: true, noSign: true, platformName: ANDROID, platformVersion: 13, skipServerInstallation: false, skipUnlock: true, systemPort: 8200}, appium:deviceApiLevel: 33, appium:deviceManufacturer: OPPO, appium:deviceModel: CPH2159, appium:deviceName: 3468a9a9, appium:deviceScreenDensity: 480, appium:deviceScreenSize: 1080x2400, appium:deviceUDID: 3468a9a9, appium:ignoreHiddenApiPolicyError: true, appium:javascriptEnabled: true, appium:locationContextEnabled: false, appium:networkConnectionEnabled: true, appium:newCommandTimeout: 120000, appium:noReset: true, appium:noSign: true, appium:pixelRatio: 3, appium:platformVersion: 13, appium:skipServerInstallation: false, appium:skipUnlock: true, appium:statBarHeight: 107, appium:systemPort: 8200, appium:takesScreenshot: true, appium:viewportRect: {height: 2186, left: 0, top: 107, width: 1080}, appium:warnings: {}, appium:webStorageEnabled: false, platformName: ANDROID}
Session ID: 0436cc7c-ad72-425a-aa9c-97b2cd9a57ca
at org.openqa.selenium.remote.codec.w3c.W3CHttpResponseCodec.createException(W3CHttpResponseCodec.java:200)
at org.openqa.selenium.remote.codec.w3c.W3CHttpResponseCodec.decode(W3CHttpResponseCodec.java:133)
at org.openqa.selenium.remote.codec.w3c.W3CHttpResponseCodec.decode(W3CHttpResponseCodec.java:52)
at org.openqa.selenium.remote.HttpCommandExecutor.execute(HttpCommandExecutor.java:191)
at io.appium.java_client.remote.AppiumCommandExecutor.execute(AppiumCommandExecutor.java:250)
at org.openqa.selenium.remote.RemoteWebDriver.execute(RemoteWebDriver.java:602)
at org.openqa.selenium.remote.ElementLocation$ElementFinder$2.findElement(ElementLocation.java:165)
at org.openqa.selenium.remote.ElementLocation.findElement(ElementLocation.java:59)
at org.openqa.selenium.remote.RemoteWebDriver.findElement(RemoteWebDriver.java:359)
at org.openqa.selenium.remote.RemoteWebDriver.findElement(RemoteWebDriver.java:353)
at P03_Screens.CommenMethods.Back_To_Home_Screen(CommenMethods.java:117)
at P03_Screens.HassadProgramScreen.Hassad_Transfer(HassadProgramScreen.java:121)
at P01_Testcases.Regression.HASSAD_PROGRAM_TRANSFER(Regression.java:338)
at java.base/java.util.ArrayList.forEach(ArrayList.java:1511)
... Removed 31 stack frames]]>
    </failure>
  </testcase> <!-- HASSAD_PROGRAM_TRANSFER -->
  <testcase classname="P01_Testcases.Regression" name="GOVERMENT_PAYMENT_ADD_BILL" time="92.677">
    <failure type="org.openqa.selenium.NoSuchElementException" message="An element could not be located on the page using the given search parameters.
For documentation on this error, please visit: https://www.selenium.dev/documentation/webdriver/troubleshooting/errors#no-such-element-exception
Build info: version: &amp;apos;4.19.1&amp;apos;, revision: &amp;apos;abe0ee07dc&amp;apos;
System info: os.name: &amp;apos;Windows 11&amp;apos;, os.arch: &amp;apos;amd64&amp;apos;, os.version: &amp;apos;10.0&amp;apos;, java.version: &amp;apos;17.0.5&amp;apos;
Driver info: io.appium.java_client.android.AndroidDriver
Command: [0436cc7c-ad72-425a-aa9c-97b2cd9a57ca, findElement {using=xpath, value=//android.widget.Button[@text =&amp;apos;&amp;apos;]}]
Capabilities {appium:appActivity: com.riyadbank.strategic.Mai..., appium:appPackage: com.riyadbank.strategic, appium:autoGrantPermissions: true, appium:automationName: UiAutomator2, appium:clearDeviceLogsOnStart: true, appium:clearSystemFiles: false, appium:databaseEnabled: false, appium:desired: {appActivity: com.riyadbank.strategic.Mai..., appPackage: com.riyadbank.strategic, autoGrantPermissions: true, automationName: UiAutomator2, clearDeviceLogsOnStart: true, clearSystemFiles: false, deviceName: AhmedM, ignoreHiddenApiPolicyError: true, newCommandTimeout: 120000, noReset: true, noSign: true, platformName: ANDROID, platformVersion: 13, skipServerInstallation: false, skipUnlock: true, systemPort: 8200}, appium:deviceApiLevel: 33, appium:deviceManufacturer: OPPO, appium:deviceModel: CPH2159, appium:deviceName: 3468a9a9, appium:deviceScreenDensity: 480, appium:deviceScreenSize: 1080x2400, appium:deviceUDID: 3468a9a9, appium:ignoreHiddenApiPolicyError: true, appium:javascriptEnabled: true, appium:locationContextEnabled: false, appium:networkConnectionEnabled: true, appium:newCommandTimeout: 120000, appium:noReset: true, appium:noSign: true, appium:pixelRatio: 3, appium:platformVersion: 13, appium:skipServerInstallation: false, appium:skipUnlock: true, appium:statBarHeight: 107, appium:systemPort: 8200, appium:takesScreenshot: true, appium:viewportRect: {height: 2186, left: 0, top: 107, width: 1080}, appium:warnings: {}, appium:webStorageEnabled: false, platformName: ANDROID}
Session ID: 0436cc7c-ad72-425a-aa9c-97b2cd9a57ca">
      <![CDATA[org.openqa.selenium.NoSuchElementException: An element could not be located on the page using the given search parameters.
For documentation on this error, please visit: https://www.selenium.dev/documentation/webdriver/troubleshooting/errors#no-such-element-exception
Build info: version: '4.19.1', revision: 'abe0ee07dc'
System info: os.name: 'Windows 11', os.arch: 'amd64', os.version: '10.0', java.version: '17.0.5'
Driver info: io.appium.java_client.android.AndroidDriver
Command: [0436cc7c-ad72-425a-aa9c-97b2cd9a57ca, findElement {using=xpath, value=//android.widget.Button[@text ='']}]
Capabilities {appium:appActivity: com.riyadbank.strategic.Mai..., appium:appPackage: com.riyadbank.strategic, appium:autoGrantPermissions: true, appium:automationName: UiAutomator2, appium:clearDeviceLogsOnStart: true, appium:clearSystemFiles: false, appium:databaseEnabled: false, appium:desired: {appActivity: com.riyadbank.strategic.Mai..., appPackage: com.riyadbank.strategic, autoGrantPermissions: true, automationName: UiAutomator2, clearDeviceLogsOnStart: true, clearSystemFiles: false, deviceName: AhmedM, ignoreHiddenApiPolicyError: true, newCommandTimeout: 120000, noReset: true, noSign: true, platformName: ANDROID, platformVersion: 13, skipServerInstallation: false, skipUnlock: true, systemPort: 8200}, appium:deviceApiLevel: 33, appium:deviceManufacturer: OPPO, appium:deviceModel: CPH2159, appium:deviceName: 3468a9a9, appium:deviceScreenDensity: 480, appium:deviceScreenSize: 1080x2400, appium:deviceUDID: 3468a9a9, appium:ignoreHiddenApiPolicyError: true, appium:javascriptEnabled: true, appium:locationContextEnabled: false, appium:networkConnectionEnabled: true, appium:newCommandTimeout: 120000, appium:noReset: true, appium:noSign: true, appium:pixelRatio: 3, appium:platformVersion: 13, appium:skipServerInstallation: false, appium:skipUnlock: true, appium:statBarHeight: 107, appium:systemPort: 8200, appium:takesScreenshot: true, appium:viewportRect: {height: 2186, left: 0, top: 107, width: 1080}, appium:warnings: {}, appium:webStorageEnabled: false, platformName: ANDROID}
Session ID: 0436cc7c-ad72-425a-aa9c-97b2cd9a57ca
at org.openqa.selenium.remote.codec.w3c.W3CHttpResponseCodec.createException(W3CHttpResponseCodec.java:200)
at org.openqa.selenium.remote.codec.w3c.W3CHttpResponseCodec.decode(W3CHttpResponseCodec.java:133)
at org.openqa.selenium.remote.codec.w3c.W3CHttpResponseCodec.decode(W3CHttpResponseCodec.java:52)
at org.openqa.selenium.remote.HttpCommandExecutor.execute(HttpCommandExecutor.java:191)
at io.appium.java_client.remote.AppiumCommandExecutor.execute(AppiumCommandExecutor.java:250)
at org.openqa.selenium.remote.RemoteWebDriver.execute(RemoteWebDriver.java:602)
at org.openqa.selenium.remote.ElementLocation$ElementFinder$2.findElement(ElementLocation.java:165)
at org.openqa.selenium.remote.ElementLocation.findElement(ElementLocation.java:59)
at org.openqa.selenium.remote.RemoteWebDriver.findElement(RemoteWebDriver.java:359)
at org.openqa.selenium.remote.RemoteWebDriver.findElement(RemoteWebDriver.java:353)
at P03_Screens.CommenMethods.Back_To_Home_Screen(CommenMethods.java:117)
at P03_Screens.BillsGovermentPaymentScreen.Add_New_Bill(BillsGovermentPaymentScreen.java:162)
at P01_Testcases.Regression.GOVERMENT_PAYMENT_ADD_BILL(Regression.java:344)
at java.base/java.util.ArrayList.forEach(ArrayList.java:1511)
... Removed 31 stack frames]]>
    </failure>
  </testcase> <!-- GOVERMENT_PAYMENT_ADD_BILL -->
  <testcase classname="P01_Testcases.Regression" name="GOVERMENT_PAYMENT_PAY_BILL" time="86.869">
    <failure type="org.openqa.selenium.NoSuchElementException" message="An element could not be located on the page using the given search parameters.
For documentation on this error, please visit: https://www.selenium.dev/documentation/webdriver/troubleshooting/errors#no-such-element-exception
Build info: version: &amp;apos;4.19.1&amp;apos;, revision: &amp;apos;abe0ee07dc&amp;apos;
System info: os.name: &amp;apos;Windows 11&amp;apos;, os.arch: &amp;apos;amd64&amp;apos;, os.version: &amp;apos;10.0&amp;apos;, java.version: &amp;apos;17.0.5&amp;apos;
Driver info: io.appium.java_client.android.AndroidDriver
Command: [0436cc7c-ad72-425a-aa9c-97b2cd9a57ca, findElement {using=xpath, value=//android.widget.Button[@text =&amp;apos;&amp;apos;]}]
Capabilities {appium:appActivity: com.riyadbank.strategic.Mai..., appium:appPackage: com.riyadbank.strategic, appium:autoGrantPermissions: true, appium:automationName: UiAutomator2, appium:clearDeviceLogsOnStart: true, appium:clearSystemFiles: false, appium:databaseEnabled: false, appium:desired: {appActivity: com.riyadbank.strategic.Mai..., appPackage: com.riyadbank.strategic, autoGrantPermissions: true, automationName: UiAutomator2, clearDeviceLogsOnStart: true, clearSystemFiles: false, deviceName: AhmedM, ignoreHiddenApiPolicyError: true, newCommandTimeout: 120000, noReset: true, noSign: true, platformName: ANDROID, platformVersion: 13, skipServerInstallation: false, skipUnlock: true, systemPort: 8200}, appium:deviceApiLevel: 33, appium:deviceManufacturer: OPPO, appium:deviceModel: CPH2159, appium:deviceName: 3468a9a9, appium:deviceScreenDensity: 480, appium:deviceScreenSize: 1080x2400, appium:deviceUDID: 3468a9a9, appium:ignoreHiddenApiPolicyError: true, appium:javascriptEnabled: true, appium:locationContextEnabled: false, appium:networkConnectionEnabled: true, appium:newCommandTimeout: 120000, appium:noReset: true, appium:noSign: true, appium:pixelRatio: 3, appium:platformVersion: 13, appium:skipServerInstallation: false, appium:skipUnlock: true, appium:statBarHeight: 107, appium:systemPort: 8200, appium:takesScreenshot: true, appium:viewportRect: {height: 2186, left: 0, top: 107, width: 1080}, appium:warnings: {}, appium:webStorageEnabled: false, platformName: ANDROID}
Session ID: 0436cc7c-ad72-425a-aa9c-97b2cd9a57ca">
      <![CDATA[org.openqa.selenium.NoSuchElementException: An element could not be located on the page using the given search parameters.
For documentation on this error, please visit: https://www.selenium.dev/documentation/webdriver/troubleshooting/errors#no-such-element-exception
Build info: version: '4.19.1', revision: 'abe0ee07dc'
System info: os.name: 'Windows 11', os.arch: 'amd64', os.version: '10.0', java.version: '17.0.5'
Driver info: io.appium.java_client.android.AndroidDriver
Command: [0436cc7c-ad72-425a-aa9c-97b2cd9a57ca, findElement {using=xpath, value=//android.widget.Button[@text ='']}]
Capabilities {appium:appActivity: com.riyadbank.strategic.Mai..., appium:appPackage: com.riyadbank.strategic, appium:autoGrantPermissions: true, appium:automationName: UiAutomator2, appium:clearDeviceLogsOnStart: true, appium:clearSystemFiles: false, appium:databaseEnabled: false, appium:desired: {appActivity: com.riyadbank.strategic.Mai..., appPackage: com.riyadbank.strategic, autoGrantPermissions: true, automationName: UiAutomator2, clearDeviceLogsOnStart: true, clearSystemFiles: false, deviceName: AhmedM, ignoreHiddenApiPolicyError: true, newCommandTimeout: 120000, noReset: true, noSign: true, platformName: ANDROID, platformVersion: 13, skipServerInstallation: false, skipUnlock: true, systemPort: 8200}, appium:deviceApiLevel: 33, appium:deviceManufacturer: OPPO, appium:deviceModel: CPH2159, appium:deviceName: 3468a9a9, appium:deviceScreenDensity: 480, appium:deviceScreenSize: 1080x2400, appium:deviceUDID: 3468a9a9, appium:ignoreHiddenApiPolicyError: true, appium:javascriptEnabled: true, appium:locationContextEnabled: false, appium:networkConnectionEnabled: true, appium:newCommandTimeout: 120000, appium:noReset: true, appium:noSign: true, appium:pixelRatio: 3, appium:platformVersion: 13, appium:skipServerInstallation: false, appium:skipUnlock: true, appium:statBarHeight: 107, appium:systemPort: 8200, appium:takesScreenshot: true, appium:viewportRect: {height: 2186, left: 0, top: 107, width: 1080}, appium:warnings: {}, appium:webStorageEnabled: false, platformName: ANDROID}
Session ID: 0436cc7c-ad72-425a-aa9c-97b2cd9a57ca
at org.openqa.selenium.remote.codec.w3c.W3CHttpResponseCodec.createException(W3CHttpResponseCodec.java:200)
at org.openqa.selenium.remote.codec.w3c.W3CHttpResponseCodec.decode(W3CHttpResponseCodec.java:133)
at org.openqa.selenium.remote.codec.w3c.W3CHttpResponseCodec.decode(W3CHttpResponseCodec.java:52)
at org.openqa.selenium.remote.HttpCommandExecutor.execute(HttpCommandExecutor.java:191)
at io.appium.java_client.remote.AppiumCommandExecutor.execute(AppiumCommandExecutor.java:250)
at org.openqa.selenium.remote.RemoteWebDriver.execute(RemoteWebDriver.java:602)
at org.openqa.selenium.remote.ElementLocation$ElementFinder$2.findElement(ElementLocation.java:165)
at org.openqa.selenium.remote.ElementLocation.findElement(ElementLocation.java:59)
at org.openqa.selenium.remote.RemoteWebDriver.findElement(RemoteWebDriver.java:359)
at org.openqa.selenium.remote.RemoteWebDriver.findElement(RemoteWebDriver.java:353)
at P03_Screens.CommenMethods.Back_To_Home_Screen(CommenMethods.java:117)
at P03_Screens.BillsGovermentPaymentScreen.Pay_Bill(BillsGovermentPaymentScreen.java:239)
at P01_Testcases.Regression.GOVERMENT_PAYMENT_PAY_BILL(Regression.java:350)
at java.base/java.util.ArrayList.forEach(ArrayList.java:1511)
... Removed 31 stack frames]]>
    </failure>
  </testcase> <!-- GOVERMENT_PAYMENT_PAY_BILL -->
  <testcase classname="P01_Testcases.Regression" name="LOGOUT" time="60.667"/>
</testsuite> <!-- Android -->
